/*C6*/SET SCHEMA PUBLIC
set database SQL regular names false
set database SQL syntax ora true
set database transaction control MVLocks
DISCONNECT
/*C8*/SET SCHEMA PUBLIC
DISCONNECT
/*C9*/SET SCHEMA PUBLIC
DELETE FROM AGENT WHERE ID=1
INSERT INTO AGENT VALUES(1,'abyss-mac','172.19.0.3',9090,1,1,1,0,1552034766404,1552035733218,'Server shutdown','51a99c4117af3c2f9161c36bc7291719',NULL,NULL)
COMMIT
INSERT INTO NODE_EVENTS VALUES(138,'agentUnregistered',NULL,NULL,NULL,'MAIN_SERVER','2019-03-08 09:10:18.069000')
COMMIT
DELETE FROM NODE_TASKS WHERE ID=7
INSERT INTO NODE_TASKS VALUES(7,'periodicalCheckingForChanges','periodicalCheckingForChanges',NULL,NULL,NULL,'MAIN_SERVER','MAIN_SERVER',122220649,'2019-03-08 08:40:13.076000','2019-03-08 09:10:20.402000')
COMMIT
DELETE FROM NODE_TASKS WHERE ID=8
INSERT INTO NODE_TASKS VALUES(8,'periodicalCheckingForChanges','periodicalCheckingForChanges',NULL,NULL,NULL,'MAIN_SERVER','MAIN_SERVER',1,'2019-03-08 08:46:10.834000',NULL)
COMMIT
INSERT INTO NODE_TASKS VALUES(9,'periodicalCheckingForChanges','periodicalCheckingForChanges',NULL,NULL,NULL,'MAIN_SERVER',NULL,0,'2019-03-08 09:10:54.445000',NULL)
COMMIT
INSERT INTO NODE_EVENTS VALUES(139,'projectConfigChanged',NULL,1,'_Root','MAIN_SERVER','2019-03-08 09:10:54.579000')
COMMIT
DELETE FROM AGENT WHERE ID=1
INSERT INTO AGENT VALUES(1,'abyss-mac','172.19.0.3',9090,1,1,1,0,1552034766404,1552035733218,'Server shutdown','51a99c4117af3c2f9161c36bc7291719',NULL,NULL)
COMMIT
DELETE FROM AGENT WHERE ID=1
INSERT INTO AGENT VALUES(1,'abyss-mac','172.19.0.3',9090,1,1,1,0,1552034766404,1552035733218,'Server shutdown','51a99c4117af3c2f9161c36bc7291719',NULL,NULL)
COMMIT
DELETE FROM AGENT WHERE ID=1
INSERT INTO AGENT VALUES(1,'abyss-mac','172.19.0.3',9090,1,1,1,0,1552034766404,1552035733218,'Server shutdown','51a99c4117af3c2f9161c36bc7291719',NULL,NULL)
COMMIT
DELETE FROM AGENT_TYPE_INFO WHERE AGENT_TYPE_ID=1
INSERT INTO AGENT_TYPE_INFO VALUES(1,'Linux, version 4.9.125-linuxkit',650,'2019-03-08 09:11:02.574000','2019-03-08 09:11:02.574000')
DELETE FROM AGENT_TYPE_PARAM WHERE AGENT_TYPE_ID=1 AND PARAM_KIND='B' AND PARAM_NAME='env.AGENT_NAME'
DELETE FROM AGENT_TYPE_PARAM WHERE AGENT_TYPE_ID=1 AND PARAM_KIND='B' AND PARAM_NAME='env.CONFIG_FILE'
DELETE FROM AGENT_TYPE_PARAM WHERE AGENT_TYPE_ID=1 AND PARAM_KIND='B' AND PARAM_NAME='env.HOME'
DELETE FROM AGENT_TYPE_PARAM WHERE AGENT_TYPE_ID=1 AND PARAM_KIND='B' AND PARAM_NAME='env.HOSTNAME'
DELETE FROM AGENT_TYPE_PARAM WHERE AGENT_TYPE_ID=1 AND PARAM_KIND='B' AND PARAM_NAME='env.JAVA_HOME'
DELETE FROM AGENT_TYPE_PARAM WHERE AGENT_TYPE_ID=1 AND PARAM_KIND='B' AND PARAM_NAME='env.JAVA_TOOL_OPTIONS'
DELETE FROM AGENT_TYPE_PARAM WHERE AGENT_TYPE_ID=1 AND PARAM_KIND='B' AND PARAM_NAME='env.JAVA_VERSION'
DELETE FROM AGENT_TYPE_PARAM WHERE AGENT_TYPE_ID=1 AND PARAM_KIND='B' AND PARAM_NAME='env.JDK_18'
DELETE FROM AGENT_TYPE_PARAM WHERE AGENT_TYPE_ID=1 AND PARAM_KIND='B' AND PARAM_NAME='env.JDK_18_x64'
DELETE FROM AGENT_TYPE_PARAM WHERE AGENT_TYPE_ID=1 AND PARAM_KIND='B' AND PARAM_NAME='env.JDK_HOME'
DELETE FROM AGENT_TYPE_PARAM WHERE AGENT_TYPE_ID=1 AND PARAM_KIND='B' AND PARAM_NAME='env.JRE_HOME'
DELETE FROM AGENT_TYPE_PARAM WHERE AGENT_TYPE_ID=1 AND PARAM_KIND='B' AND PARAM_NAME='env.LANG'
DELETE FROM AGENT_TYPE_PARAM WHERE AGENT_TYPE_ID=1 AND PARAM_KIND='B' AND PARAM_NAME='env.OLDPWD'
DELETE FROM AGENT_TYPE_PARAM WHERE AGENT_TYPE_ID=1 AND PARAM_KIND='B' AND PARAM_NAME='env.PATH'
DELETE FROM AGENT_TYPE_PARAM WHERE AGENT_TYPE_ID=1 AND PARAM_KIND='B' AND PARAM_NAME='env.PWD'
DELETE FROM AGENT_TYPE_PARAM WHERE AGENT_TYPE_ID=1 AND PARAM_KIND='B' AND PARAM_NAME='env.SERVER_URL'
DELETE FROM AGENT_TYPE_PARAM WHERE AGENT_TYPE_ID=1 AND PARAM_KIND='B' AND PARAM_NAME='env.SHLVL'
DELETE FROM AGENT_TYPE_PARAM WHERE AGENT_TYPE_ID=1 AND PARAM_KIND='B' AND PARAM_NAME='env.TEAMCITY_CAPTURE_ENV'
DELETE FROM AGENT_TYPE_PARAM WHERE AGENT_TYPE_ID=1 AND PARAM_KIND='B' AND PARAM_NAME='env._'
DELETE FROM AGENT_TYPE_PARAM WHERE AGENT_TYPE_ID=1 AND PARAM_KIND='B' AND PARAM_NAME='system.agent.home.dir'
DELETE FROM AGENT_TYPE_PARAM WHERE AGENT_TYPE_ID=1 AND PARAM_KIND='B' AND PARAM_NAME='system.agent.name'
DELETE FROM AGENT_TYPE_PARAM WHERE AGENT_TYPE_ID=1 AND PARAM_KIND='B' AND PARAM_NAME='system.agent.work.dir'
DELETE FROM AGENT_TYPE_PARAM WHERE AGENT_TYPE_ID=1 AND PARAM_KIND='B' AND PARAM_NAME='system.teamcity.agent.cpuBenchmark'
DELETE FROM AGENT_TYPE_PARAM WHERE AGENT_TYPE_ID=1 AND PARAM_KIND='B' AND PARAM_NAME='system.teamcity.build.tempDir'
DELETE FROM AGENT_TYPE_PARAM WHERE AGENT_TYPE_ID=1 AND PARAM_KIND='C' AND PARAM_NAME='teamcity.agent.hardware.cpuCount'
DELETE FROM AGENT_TYPE_PARAM WHERE AGENT_TYPE_ID=1 AND PARAM_KIND='C' AND PARAM_NAME='teamcity.agent.hardware.memorySizeMb'
DELETE FROM AGENT_TYPE_PARAM WHERE AGENT_TYPE_ID=1 AND PARAM_KIND='C' AND PARAM_NAME='teamcity.agent.home.dir'
DELETE FROM AGENT_TYPE_PARAM WHERE AGENT_TYPE_ID=1 AND PARAM_KIND='C' AND PARAM_NAME='teamcity.agent.hostname'
DELETE FROM AGENT_TYPE_PARAM WHERE AGENT_TYPE_ID=1 AND PARAM_KIND='C' AND PARAM_NAME='teamcity.agent.jvm.file.encoding'
DELETE FROM AGENT_TYPE_PARAM WHERE AGENT_TYPE_ID=1 AND PARAM_KIND='C' AND PARAM_NAME='teamcity.agent.jvm.file.separator'
DELETE FROM AGENT_TYPE_PARAM WHERE AGENT_TYPE_ID=1 AND PARAM_KIND='C' AND PARAM_NAME='teamcity.agent.jvm.java.home'
DELETE FROM AGENT_TYPE_PARAM WHERE AGENT_TYPE_ID=1 AND PARAM_KIND='C' AND PARAM_NAME='teamcity.agent.jvm.os.arch'
DELETE FROM AGENT_TYPE_PARAM WHERE AGENT_TYPE_ID=1 AND PARAM_KIND='C' AND PARAM_NAME='teamcity.agent.jvm.os.name'
DELETE FROM AGENT_TYPE_PARAM WHERE AGENT_TYPE_ID=1 AND PARAM_KIND='C' AND PARAM_NAME='teamcity.agent.jvm.os.version'
DELETE FROM AGENT_TYPE_PARAM WHERE AGENT_TYPE_ID=1 AND PARAM_KIND='C' AND PARAM_NAME='teamcity.agent.jvm.path.separator'
DELETE FROM AGENT_TYPE_PARAM WHERE AGENT_TYPE_ID=1 AND PARAM_KIND='C' AND PARAM_NAME='teamcity.agent.jvm.specification'
DELETE FROM AGENT_TYPE_PARAM WHERE AGENT_TYPE_ID=1 AND PARAM_KIND='C' AND PARAM_NAME='teamcity.agent.jvm.user.home'
DELETE FROM AGENT_TYPE_PARAM WHERE AGENT_TYPE_ID=1 AND PARAM_KIND='C' AND PARAM_NAME='teamcity.agent.jvm.user.language'
DELETE FROM AGENT_TYPE_PARAM WHERE AGENT_TYPE_ID=1 AND PARAM_KIND='C' AND PARAM_NAME='teamcity.agent.jvm.user.name'
DELETE FROM AGENT_TYPE_PARAM WHERE AGENT_TYPE_ID=1 AND PARAM_KIND='C' AND PARAM_NAME='teamcity.agent.jvm.user.timezone'
DELETE FROM AGENT_TYPE_PARAM WHERE AGENT_TYPE_ID=1 AND PARAM_KIND='C' AND PARAM_NAME='teamcity.agent.jvm.version'
DELETE FROM AGENT_TYPE_PARAM WHERE AGENT_TYPE_ID=1 AND PARAM_KIND='C' AND PARAM_NAME='teamcity.agent.launcher.version'
DELETE FROM AGENT_TYPE_PARAM WHERE AGENT_TYPE_ID=1 AND PARAM_KIND='C' AND PARAM_NAME='teamcity.agent.name'
DELETE FROM AGENT_TYPE_PARAM WHERE AGENT_TYPE_ID=1 AND PARAM_KIND='C' AND PARAM_NAME='teamcity.agent.os.arch.bits'
DELETE FROM AGENT_TYPE_PARAM WHERE AGENT_TYPE_ID=1 AND PARAM_KIND='C' AND PARAM_NAME='teamcity.agent.ownPort'
DELETE FROM AGENT_TYPE_PARAM WHERE AGENT_TYPE_ID=1 AND PARAM_KIND='C' AND PARAM_NAME='teamcity.agent.protocol'
DELETE FROM AGENT_TYPE_PARAM WHERE AGENT_TYPE_ID=1 AND PARAM_KIND='C' AND PARAM_NAME='teamcity.agent.tools.dir'
DELETE FROM AGENT_TYPE_PARAM WHERE AGENT_TYPE_ID=1 AND PARAM_KIND='C' AND PARAM_NAME='teamcity.agent.work.dir'
DELETE FROM AGENT_TYPE_PARAM WHERE AGENT_TYPE_ID=1 AND PARAM_KIND='C' AND PARAM_NAME='teamcity.agent.work.dir.freeSpaceMb'
DELETE FROM AGENT_TYPE_PARAM WHERE AGENT_TYPE_ID=1 AND PARAM_KIND='C' AND PARAM_NAME='teamcity.dotCover.home'
DELETE FROM AGENT_TYPE_PARAM WHERE AGENT_TYPE_ID=1 AND PARAM_KIND='C' AND PARAM_NAME='teamcity.serverUrl'
DELETE FROM AGENT_TYPE_PARAM WHERE AGENT_TYPE_ID=1 AND PARAM_KIND='C' AND PARAM_NAME='teamcity.tool.JetBrains.dotCover.CommandLineTools.bundled'
DELETE FROM AGENT_TYPE_PARAM WHERE AGENT_TYPE_ID=1 AND PARAM_KIND='C' AND PARAM_NAME='teamcity.tool.TeamCity.Dotnet.Integration.1.0.5'
DELETE FROM AGENT_TYPE_PARAM WHERE AGENT_TYPE_ID=1 AND PARAM_KIND='C' AND PARAM_NAME='teamcity.tool.TeamCity.Dotnet.Integration.BUNDLED'
DELETE FROM AGENT_TYPE_PARAM WHERE AGENT_TYPE_ID=1 AND PARAM_KIND='C' AND PARAM_NAME='teamcity.tool.TeamCity.Dotnet.Integration.DEFAULT'
DELETE FROM AGENT_TYPE_PARAM WHERE AGENT_TYPE_ID=1 AND PARAM_KIND='C' AND PARAM_NAME='teamcity.tool.ant-net-tasks'
DELETE FROM AGENT_TYPE_PARAM WHERE AGENT_TYPE_ID=1 AND PARAM_KIND='C' AND PARAM_NAME='teamcity.tool.dotCover'
DELETE FROM AGENT_TYPE_PARAM WHERE AGENT_TYPE_ID=1 AND PARAM_KIND='C' AND PARAM_NAME='teamcity.tool.gant'
DELETE FROM AGENT_TYPE_PARAM WHERE AGENT_TYPE_ID=1 AND PARAM_KIND='C' AND PARAM_NAME='teamcity.tool.idea'
DELETE FROM AGENT_TYPE_PARAM WHERE AGENT_TYPE_ID=1 AND PARAM_KIND='C' AND PARAM_NAME='teamcity.tool.idea-runner-runtime-libs'
DELETE FROM AGENT_TYPE_PARAM WHERE AGENT_TYPE_ID=1 AND PARAM_KIND='C' AND PARAM_NAME='teamcity.tool.jacoco.0.7.5'
DELETE FROM AGENT_TYPE_PARAM WHERE AGENT_TYPE_ID=1 AND PARAM_KIND='C' AND PARAM_NAME='teamcity.tool.jacoco.0.8.2'
DELETE FROM AGENT_TYPE_PARAM WHERE AGENT_TYPE_ID=1 AND PARAM_KIND='C' AND PARAM_NAME='teamcity.tool.jetbrains.resharper-clt.bundled'
DELETE FROM AGENT_TYPE_PARAM WHERE AGENT_TYPE_ID=1 AND PARAM_KIND='C' AND PARAM_NAME='teamcity.tool.jps'
DELETE FROM AGENT_TYPE_PARAM WHERE AGENT_TYPE_ID=1 AND PARAM_KIND='C' AND PARAM_NAME='teamcity.tool.maven'
DELETE FROM AGENT_TYPE_PARAM WHERE AGENT_TYPE_ID=1 AND PARAM_KIND='C' AND PARAM_NAME='teamcity.tool.maven3'
DELETE FROM AGENT_TYPE_PARAM WHERE AGENT_TYPE_ID=1 AND PARAM_KIND='C' AND PARAM_NAME='teamcity.tool.maven3_1'
DELETE FROM AGENT_TYPE_PARAM WHERE AGENT_TYPE_ID=1 AND PARAM_KIND='C' AND PARAM_NAME='teamcity.tool.maven3_2'
DELETE FROM AGENT_TYPE_PARAM WHERE AGENT_TYPE_ID=1 AND PARAM_KIND='C' AND PARAM_NAME='teamcity.tool.maven3_3'
DELETE FROM AGENT_TYPE_PARAM WHERE AGENT_TYPE_ID=1 AND PARAM_KIND='C' AND PARAM_NAME='teamcity.tool.maven3_5'
INSERT INTO AGENT_TYPE_PARAM VALUES(1,'B','env.PWD','/opt/buildagent/bin')
INSERT INTO AGENT_TYPE_PARAM VALUES(1,'B','env.LANG','C.UTF-8')
INSERT INTO AGENT_TYPE_PARAM VALUES(1,'B','env.JDK_18','/opt/java/openjdk')
INSERT INTO AGENT_TYPE_PARAM VALUES(1,'B','system.teamcity.build.tempDir','/opt/buildagent/temp/buildTmp')
INSERT INTO AGENT_TYPE_PARAM VALUES(1,'B','env.HOME','/root')
INSERT INTO AGENT_TYPE_PARAM VALUES(1,'B','system.teamcity.agent.cpuBenchmark','650')
INSERT INTO AGENT_TYPE_PARAM VALUES(1,'B','env.PATH','/opt/java/openjdk/bin:/usr/local/sbin:/usr/local/bin:/usr/sbin:/usr/bin:/sbin:/bin')
INSERT INTO AGENT_TYPE_PARAM VALUES(1,'B','env.JAVA_HOME','/opt/java/openjdk')
INSERT INTO AGENT_TYPE_PARAM VALUES(1,'B','env.TEAMCITY_CAPTURE_ENV','"/opt/java/openjdk/jre/bin/java" -jar "/opt/buildagent/plugins/environment-fetcher/bin/env-fetcher.jar"')
INSERT INTO AGENT_TYPE_PARAM VALUES(1,'B','system.agent.home.dir','/opt/buildagent')
INSERT INTO AGENT_TYPE_PARAM VALUES(1,'B','system.agent.work.dir','/opt/buildagent/work')
INSERT INTO AGENT_TYPE_PARAM VALUES(1,'B','env.JRE_HOME','/opt/java/openjdk')
INSERT INTO AGENT_TYPE_PARAM VALUES(1,'B','env.CONFIG_FILE','/data/teamcity_agent/conf/buildAgent.properties')
INSERT INTO AGENT_TYPE_PARAM VALUES(1,'B','env.AGENT_NAME','abyss-mac')
INSERT INTO AGENT_TYPE_PARAM VALUES(1,'B','env.JAVA_TOOL_OPTIONS','-XX:+UnlockExperimentalVMOptions -XX:+UseCGroupMemoryLimitForHeap')
INSERT INTO AGENT_TYPE_PARAM VALUES(1,'B','env.JDK_HOME','/opt/java/openjdk')
INSERT INTO AGENT_TYPE_PARAM VALUES(1,'B','env.JDK_18_x64','/opt/java/openjdk')
INSERT INTO AGENT_TYPE_PARAM VALUES(1,'B','env.SERVER_URL','http://teamcity:8111')
INSERT INTO AGENT_TYPE_PARAM VALUES(1,'B','env.HOSTNAME','2c1bf3cc4548')
INSERT INTO AGENT_TYPE_PARAM VALUES(1,'B','env.JAVA_VERSION','jdk8u192-b12')
INSERT INTO AGENT_TYPE_PARAM VALUES(1,'B','env._','/opt/buildagent/bin/agent.sh')
INSERT INTO AGENT_TYPE_PARAM VALUES(1,'B','env.SHLVL','1')
INSERT INTO AGENT_TYPE_PARAM VALUES(1,'B','env.OLDPWD','/')
INSERT INTO AGENT_TYPE_PARAM VALUES(1,'B','system.agent.name','abyss-mac')
INSERT INTO AGENT_TYPE_PARAM VALUES(1,'C','teamcity.tool.maven3','/opt/buildagent/tools/maven3')
INSERT INTO AGENT_TYPE_PARAM VALUES(1,'C','teamcity.agent.os.arch.bits','64')
INSERT INTO AGENT_TYPE_PARAM VALUES(1,'C','teamcity.agent.work.dir','/opt/buildagent/work')
INSERT INTO AGENT_TYPE_PARAM VALUES(1,'C','teamcity.tool.maven','/opt/buildagent/tools/maven')
INSERT INTO AGENT_TYPE_PARAM VALUES(1,'C','teamcity.tool.TeamCity.Dotnet.Integration.1.0.5','/opt/buildagent/plugins/dotnet.cli/tools/TeamCity.Dotnet.Integration.1.0.5')
INSERT INTO AGENT_TYPE_PARAM VALUES(1,'C','teamcity.agent.work.dir.freeSpaceMb','51675')
INSERT INTO AGENT_TYPE_PARAM VALUES(1,'C','teamcity.tool.gant','/opt/buildagent/tools/gant')
INSERT INTO AGENT_TYPE_PARAM VALUES(1,'C','teamcity.agent.jvm.file.encoding','UTF-8')
INSERT INTO AGENT_TYPE_PARAM VALUES(1,'C','teamcity.agent.jvm.file.separator','/')
INSERT INTO AGENT_TYPE_PARAM VALUES(1,'C','teamcity.tool.TeamCity.Dotnet.Integration.DEFAULT','/opt/buildagent/plugins/dotnet.cli/tools/TeamCity.Dotnet.Integration.1.0.5')
INSERT INTO AGENT_TYPE_PARAM VALUES(1,'C','teamcity.agent.jvm.user.name','root')
INSERT INTO AGENT_TYPE_PARAM VALUES(1,'C','teamcity.serverUrl','http://teamcity:8111')
INSERT INTO AGENT_TYPE_PARAM VALUES(1,'C','teamcity.dotCover.home','/opt/buildagent/tools/JetBrains.dotCover.CommandLineTools.bundled')
INSERT INTO AGENT_TYPE_PARAM VALUES(1,'C','teamcity.agent.jvm.os.name','Linux')
INSERT INTO AGENT_TYPE_PARAM VALUES(1,'C','teamcity.agent.hostname','2c1bf3cc4548')
INSERT INTO AGENT_TYPE_PARAM VALUES(1,'C','teamcity.agent.jvm.user.timezone','GMT')
INSERT INTO AGENT_TYPE_PARAM VALUES(1,'C','teamcity.tool.dotCover','/opt/buildagent/tools/JetBrains.dotCover.CommandLineTools.bundled')
INSERT INTO AGENT_TYPE_PARAM VALUES(1,'C','teamcity.agent.jvm.specification','1.8')
INSERT INTO AGENT_TYPE_PARAM VALUES(1,'C','teamcity.agent.ownPort','9090')
INSERT INTO AGENT_TYPE_PARAM VALUES(1,'C','teamcity.agent.home.dir','/opt/buildagent')
INSERT INTO AGENT_TYPE_PARAM VALUES(1,'C','teamcity.agent.jvm.os.arch','amd64')
INSERT INTO AGENT_TYPE_PARAM VALUES(1,'C','teamcity.tool.TeamCity.Dotnet.Integration.BUNDLED','/opt/buildagent/plugins/dotnet.cli/tools/TeamCity.Dotnet.Integration.1.0.5')
INSERT INTO AGENT_TYPE_PARAM VALUES(1,'C','teamcity.agent.jvm.os.version','4.9.125-linuxkit')
INSERT INTO AGENT_TYPE_PARAM VALUES(1,'C','teamcity.agent.launcher.version','61544')
INSERT INTO AGENT_TYPE_PARAM VALUES(1,'C','teamcity.agent.tools.dir','/opt/buildagent/tools')
INSERT INTO AGENT_TYPE_PARAM VALUES(1,'C','teamcity.agent.jvm.version','1.8.0_192')
INSERT INTO AGENT_TYPE_PARAM VALUES(1,'C','teamcity.tool.jacoco.0.8.2','/opt/buildagent/tools/jacoco.0.8.2')
INSERT INTO AGENT_TYPE_PARAM VALUES(1,'C','teamcity.tool.jps','/opt/buildagent/tools/jps')
INSERT INTO AGENT_TYPE_PARAM VALUES(1,'C','teamcity.tool.jetbrains.resharper-clt.bundled','/opt/buildagent/tools/jetbrains.resharper-clt.bundled')
INSERT INTO AGENT_TYPE_PARAM VALUES(1,'C','teamcity.tool.maven3_5','/opt/buildagent/tools/maven3_5')
INSERT INTO AGENT_TYPE_PARAM VALUES(1,'C','teamcity.agent.jvm.user.language','en')
INSERT INTO AGENT_TYPE_PARAM VALUES(1,'C','teamcity.tool.idea-runner-runtime-libs','/opt/buildagent/plugins/idea-runner-runtime-libs')
INSERT INTO AGENT_TYPE_PARAM VALUES(1,'C','teamcity.agent.jvm.java.home','/opt/java/openjdk/jre')
INSERT INTO AGENT_TYPE_PARAM VALUES(1,'C','teamcity.agent.name','abyss-mac')
INSERT INTO AGENT_TYPE_PARAM VALUES(1,'C','teamcity.tool.maven3_3','/opt/buildagent/tools/maven3_3')
INSERT INTO AGENT_TYPE_PARAM VALUES(1,'C','teamcity.tool.maven3_2','/opt/buildagent/tools/maven3_2')
INSERT INTO AGENT_TYPE_PARAM VALUES(1,'C','teamcity.agent.hardware.memorySizeMb','1998')
INSERT INTO AGENT_TYPE_PARAM VALUES(1,'C','teamcity.tool.maven3_1','/opt/buildagent/tools/maven3_1')
INSERT INTO AGENT_TYPE_PARAM VALUES(1,'C','teamcity.agent.jvm.path.separator',':')
INSERT INTO AGENT_TYPE_PARAM VALUES(1,'C','teamcity.tool.JetBrains.dotCover.CommandLineTools.bundled','/opt/buildagent/tools/JetBrains.dotCover.CommandLineTools.bundled')
INSERT INTO AGENT_TYPE_PARAM VALUES(1,'C','teamcity.tool.ant-net-tasks','/opt/buildagent/tools/ant-net-tasks')
INSERT INTO AGENT_TYPE_PARAM VALUES(1,'C','teamcity.tool.jacoco.0.7.5','/opt/buildagent/tools/jacoco.0.7.5')
INSERT INTO AGENT_TYPE_PARAM VALUES(1,'C','teamcity.agent.hardware.cpuCount','4')
INSERT INTO AGENT_TYPE_PARAM VALUES(1,'C','teamcity.agent.jvm.user.home','/root')
INSERT INTO AGENT_TYPE_PARAM VALUES(1,'C','teamcity.tool.idea','/opt/buildagent/tools/idea')
COMMIT
INSERT INTO NODE_EVENTS VALUES(140,'agentDescriptionUpdated',1,1,NULL,'MAIN_SERVER','2019-03-08 09:11:02.702000')
COMMIT
DELETE FROM AGENT WHERE ID=1
INSERT INTO AGENT VALUES(1,'abyss-mac','172.19.0.3',9090,1,1,1,1,1552036262508,1552035733218,NULL,'51a99c4117af3c2f9161c36bc7291719',NULL,NULL)
COMMIT
DELETE FROM AGENT WHERE ID=1
INSERT INTO AGENT VALUES(1,'abyss-mac','172.19.0.3',9090,1,1,1,1,1552036262508,1552036262708,NULL,'51a99c4117af3c2f9161c36bc7291719',NULL,NULL)
COMMIT
INSERT INTO NODE_EVENTS VALUES(141,'agentUpdated',1,NULL,'61544:61544:61544-md5-bbd1d28dc110dd791ab46628ec88162b:61544-md5-bbd1d28dc110dd791ab46628ec88162b','MAIN_SERVER','2019-03-08 09:11:02.717000')
COMMIT
INSERT INTO NODE_EVENTS VALUES(142,'agentRegistered',1,NULL,'61544:61544:61544-md5-bbd1d28dc110dd791ab46628ec88162b:61544-md5-bbd1d28dc110dd791ab46628ec88162b','MAIN_SERVER','2019-03-08 09:11:02.747000')
COMMIT
DELETE FROM AGENT_TYPE_INFO WHERE AGENT_TYPE_ID=1
INSERT INTO AGENT_TYPE_INFO VALUES(1,'Linux, version 4.9.125-linuxkit',650,'2019-03-08 09:11:05.190000','2019-03-08 09:11:05.190000')
DELETE FROM AGENT_TYPE_PARAM WHERE AGENT_TYPE_ID=1 AND PARAM_KIND='B' AND PARAM_NAME='env.AGENT_NAME'
DELETE FROM AGENT_TYPE_PARAM WHERE AGENT_TYPE_ID=1 AND PARAM_KIND='B' AND PARAM_NAME='env.CONFIG_FILE'
DELETE FROM AGENT_TYPE_PARAM WHERE AGENT_TYPE_ID=1 AND PARAM_KIND='B' AND PARAM_NAME='env.HOME'
DELETE FROM AGENT_TYPE_PARAM WHERE AGENT_TYPE_ID=1 AND PARAM_KIND='B' AND PARAM_NAME='env.HOSTNAME'
DELETE FROM AGENT_TYPE_PARAM WHERE AGENT_TYPE_ID=1 AND PARAM_KIND='B' AND PARAM_NAME='env.JAVA_HOME'
DELETE FROM AGENT_TYPE_PARAM WHERE AGENT_TYPE_ID=1 AND PARAM_KIND='B' AND PARAM_NAME='env.JAVA_TOOL_OPTIONS'
DELETE FROM AGENT_TYPE_PARAM WHERE AGENT_TYPE_ID=1 AND PARAM_KIND='B' AND PARAM_NAME='env.JAVA_VERSION'
DELETE FROM AGENT_TYPE_PARAM WHERE AGENT_TYPE_ID=1 AND PARAM_KIND='B' AND PARAM_NAME='env.JDK_18'
DELETE FROM AGENT_TYPE_PARAM WHERE AGENT_TYPE_ID=1 AND PARAM_KIND='B' AND PARAM_NAME='env.JDK_18_x64'
DELETE FROM AGENT_TYPE_PARAM WHERE AGENT_TYPE_ID=1 AND PARAM_KIND='B' AND PARAM_NAME='env.JDK_HOME'
DELETE FROM AGENT_TYPE_PARAM WHERE AGENT_TYPE_ID=1 AND PARAM_KIND='B' AND PARAM_NAME='env.JRE_HOME'
DELETE FROM AGENT_TYPE_PARAM WHERE AGENT_TYPE_ID=1 AND PARAM_KIND='B' AND PARAM_NAME='env.LANG'
DELETE FROM AGENT_TYPE_PARAM WHERE AGENT_TYPE_ID=1 AND PARAM_KIND='B' AND PARAM_NAME='env.OLDPWD'
DELETE FROM AGENT_TYPE_PARAM WHERE AGENT_TYPE_ID=1 AND PARAM_KIND='B' AND PARAM_NAME='env.PATH'
DELETE FROM AGENT_TYPE_PARAM WHERE AGENT_TYPE_ID=1 AND PARAM_KIND='B' AND PARAM_NAME='env.PWD'
DELETE FROM AGENT_TYPE_PARAM WHERE AGENT_TYPE_ID=1 AND PARAM_KIND='B' AND PARAM_NAME='env.SERVER_URL'
DELETE FROM AGENT_TYPE_PARAM WHERE AGENT_TYPE_ID=1 AND PARAM_KIND='B' AND PARAM_NAME='env.SHLVL'
DELETE FROM AGENT_TYPE_PARAM WHERE AGENT_TYPE_ID=1 AND PARAM_KIND='B' AND PARAM_NAME='env.TEAMCITY_CAPTURE_ENV'
DELETE FROM AGENT_TYPE_PARAM WHERE AGENT_TYPE_ID=1 AND PARAM_KIND='B' AND PARAM_NAME='env._'
DELETE FROM AGENT_TYPE_PARAM WHERE AGENT_TYPE_ID=1 AND PARAM_KIND='B' AND PARAM_NAME='system.agent.home.dir'
DELETE FROM AGENT_TYPE_PARAM WHERE AGENT_TYPE_ID=1 AND PARAM_KIND='B' AND PARAM_NAME='system.agent.name'
DELETE FROM AGENT_TYPE_PARAM WHERE AGENT_TYPE_ID=1 AND PARAM_KIND='B' AND PARAM_NAME='system.agent.work.dir'
DELETE FROM AGENT_TYPE_PARAM WHERE AGENT_TYPE_ID=1 AND PARAM_KIND='B' AND PARAM_NAME='system.teamcity.agent.cpuBenchmark'
DELETE FROM AGENT_TYPE_PARAM WHERE AGENT_TYPE_ID=1 AND PARAM_KIND='B' AND PARAM_NAME='system.teamcity.build.tempDir'
DELETE FROM AGENT_TYPE_PARAM WHERE AGENT_TYPE_ID=1 AND PARAM_KIND='C' AND PARAM_NAME='teamcity.agent.hardware.cpuCount'
DELETE FROM AGENT_TYPE_PARAM WHERE AGENT_TYPE_ID=1 AND PARAM_KIND='C' AND PARAM_NAME='teamcity.agent.hardware.memorySizeMb'
DELETE FROM AGENT_TYPE_PARAM WHERE AGENT_TYPE_ID=1 AND PARAM_KIND='C' AND PARAM_NAME='teamcity.agent.home.dir'
DELETE FROM AGENT_TYPE_PARAM WHERE AGENT_TYPE_ID=1 AND PARAM_KIND='C' AND PARAM_NAME='teamcity.agent.hostname'
DELETE FROM AGENT_TYPE_PARAM WHERE AGENT_TYPE_ID=1 AND PARAM_KIND='C' AND PARAM_NAME='teamcity.agent.jvm.file.encoding'
DELETE FROM AGENT_TYPE_PARAM WHERE AGENT_TYPE_ID=1 AND PARAM_KIND='C' AND PARAM_NAME='teamcity.agent.jvm.file.separator'
DELETE FROM AGENT_TYPE_PARAM WHERE AGENT_TYPE_ID=1 AND PARAM_KIND='C' AND PARAM_NAME='teamcity.agent.jvm.java.home'
DELETE FROM AGENT_TYPE_PARAM WHERE AGENT_TYPE_ID=1 AND PARAM_KIND='C' AND PARAM_NAME='teamcity.agent.jvm.os.arch'
DELETE FROM AGENT_TYPE_PARAM WHERE AGENT_TYPE_ID=1 AND PARAM_KIND='C' AND PARAM_NAME='teamcity.agent.jvm.os.name'
DELETE FROM AGENT_TYPE_PARAM WHERE AGENT_TYPE_ID=1 AND PARAM_KIND='C' AND PARAM_NAME='teamcity.agent.jvm.os.version'
DELETE FROM AGENT_TYPE_PARAM WHERE AGENT_TYPE_ID=1 AND PARAM_KIND='C' AND PARAM_NAME='teamcity.agent.jvm.path.separator'
DELETE FROM AGENT_TYPE_PARAM WHERE AGENT_TYPE_ID=1 AND PARAM_KIND='C' AND PARAM_NAME='teamcity.agent.jvm.specification'
DELETE FROM AGENT_TYPE_PARAM WHERE AGENT_TYPE_ID=1 AND PARAM_KIND='C' AND PARAM_NAME='teamcity.agent.jvm.user.home'
DELETE FROM AGENT_TYPE_PARAM WHERE AGENT_TYPE_ID=1 AND PARAM_KIND='C' AND PARAM_NAME='teamcity.agent.jvm.user.language'
DELETE FROM AGENT_TYPE_PARAM WHERE AGENT_TYPE_ID=1 AND PARAM_KIND='C' AND PARAM_NAME='teamcity.agent.jvm.user.name'
DELETE FROM AGENT_TYPE_PARAM WHERE AGENT_TYPE_ID=1 AND PARAM_KIND='C' AND PARAM_NAME='teamcity.agent.jvm.user.timezone'
DELETE FROM AGENT_TYPE_PARAM WHERE AGENT_TYPE_ID=1 AND PARAM_KIND='C' AND PARAM_NAME='teamcity.agent.jvm.version'
DELETE FROM AGENT_TYPE_PARAM WHERE AGENT_TYPE_ID=1 AND PARAM_KIND='C' AND PARAM_NAME='teamcity.agent.launcher.version'
DELETE FROM AGENT_TYPE_PARAM WHERE AGENT_TYPE_ID=1 AND PARAM_KIND='C' AND PARAM_NAME='teamcity.agent.name'
DELETE FROM AGENT_TYPE_PARAM WHERE AGENT_TYPE_ID=1 AND PARAM_KIND='C' AND PARAM_NAME='teamcity.agent.os.arch.bits'
DELETE FROM AGENT_TYPE_PARAM WHERE AGENT_TYPE_ID=1 AND PARAM_KIND='C' AND PARAM_NAME='teamcity.agent.ownPort'
DELETE FROM AGENT_TYPE_PARAM WHERE AGENT_TYPE_ID=1 AND PARAM_KIND='C' AND PARAM_NAME='teamcity.agent.tools.dir'
DELETE FROM AGENT_TYPE_PARAM WHERE AGENT_TYPE_ID=1 AND PARAM_KIND='C' AND PARAM_NAME='teamcity.agent.work.dir'
DELETE FROM AGENT_TYPE_PARAM WHERE AGENT_TYPE_ID=1 AND PARAM_KIND='C' AND PARAM_NAME='teamcity.agent.work.dir.freeSpaceMb'
DELETE FROM AGENT_TYPE_PARAM WHERE AGENT_TYPE_ID=1 AND PARAM_KIND='C' AND PARAM_NAME='teamcity.dotCover.home'
DELETE FROM AGENT_TYPE_PARAM WHERE AGENT_TYPE_ID=1 AND PARAM_KIND='C' AND PARAM_NAME='teamcity.serverUrl'
DELETE FROM AGENT_TYPE_PARAM WHERE AGENT_TYPE_ID=1 AND PARAM_KIND='C' AND PARAM_NAME='teamcity.tool.JetBrains.dotCover.CommandLineTools.bundled'
DELETE FROM AGENT_TYPE_PARAM WHERE AGENT_TYPE_ID=1 AND PARAM_KIND='C' AND PARAM_NAME='teamcity.tool.TeamCity.Dotnet.Integration.1.0.5'
DELETE FROM AGENT_TYPE_PARAM WHERE AGENT_TYPE_ID=1 AND PARAM_KIND='C' AND PARAM_NAME='teamcity.tool.TeamCity.Dotnet.Integration.BUNDLED'
DELETE FROM AGENT_TYPE_PARAM WHERE AGENT_TYPE_ID=1 AND PARAM_KIND='C' AND PARAM_NAME='teamcity.tool.TeamCity.Dotnet.Integration.DEFAULT'
DELETE FROM AGENT_TYPE_PARAM WHERE AGENT_TYPE_ID=1 AND PARAM_KIND='C' AND PARAM_NAME='teamcity.tool.ant-net-tasks'
DELETE FROM AGENT_TYPE_PARAM WHERE AGENT_TYPE_ID=1 AND PARAM_KIND='C' AND PARAM_NAME='teamcity.tool.dotCover'
DELETE FROM AGENT_TYPE_PARAM WHERE AGENT_TYPE_ID=1 AND PARAM_KIND='C' AND PARAM_NAME='teamcity.tool.gant'
DELETE FROM AGENT_TYPE_PARAM WHERE AGENT_TYPE_ID=1 AND PARAM_KIND='C' AND PARAM_NAME='teamcity.tool.idea'
DELETE FROM AGENT_TYPE_PARAM WHERE AGENT_TYPE_ID=1 AND PARAM_KIND='C' AND PARAM_NAME='teamcity.tool.idea-runner-runtime-libs'
DELETE FROM AGENT_TYPE_PARAM WHERE AGENT_TYPE_ID=1 AND PARAM_KIND='C' AND PARAM_NAME='teamcity.tool.jacoco.0.7.5'
DELETE FROM AGENT_TYPE_PARAM WHERE AGENT_TYPE_ID=1 AND PARAM_KIND='C' AND PARAM_NAME='teamcity.tool.jacoco.0.8.2'
DELETE FROM AGENT_TYPE_PARAM WHERE AGENT_TYPE_ID=1 AND PARAM_KIND='C' AND PARAM_NAME='teamcity.tool.jetbrains.resharper-clt.bundled'
DELETE FROM AGENT_TYPE_PARAM WHERE AGENT_TYPE_ID=1 AND PARAM_KIND='C' AND PARAM_NAME='teamcity.tool.jps'
DELETE FROM AGENT_TYPE_PARAM WHERE AGENT_TYPE_ID=1 AND PARAM_KIND='C' AND PARAM_NAME='teamcity.tool.maven'
DELETE FROM AGENT_TYPE_PARAM WHERE AGENT_TYPE_ID=1 AND PARAM_KIND='C' AND PARAM_NAME='teamcity.tool.maven3'
DELETE FROM AGENT_TYPE_PARAM WHERE AGENT_TYPE_ID=1 AND PARAM_KIND='C' AND PARAM_NAME='teamcity.tool.maven3_1'
DELETE FROM AGENT_TYPE_PARAM WHERE AGENT_TYPE_ID=1 AND PARAM_KIND='C' AND PARAM_NAME='teamcity.tool.maven3_2'
DELETE FROM AGENT_TYPE_PARAM WHERE AGENT_TYPE_ID=1 AND PARAM_KIND='C' AND PARAM_NAME='teamcity.tool.maven3_3'
DELETE FROM AGENT_TYPE_PARAM WHERE AGENT_TYPE_ID=1 AND PARAM_KIND='C' AND PARAM_NAME='teamcity.tool.maven3_5'
INSERT INTO AGENT_TYPE_PARAM VALUES(1,'B','env.PWD','/opt/buildagent/bin')
INSERT INTO AGENT_TYPE_PARAM VALUES(1,'B','env.LANG','C.UTF-8')
INSERT INTO AGENT_TYPE_PARAM VALUES(1,'B','env.JDK_18','/opt/java/openjdk')
INSERT INTO AGENT_TYPE_PARAM VALUES(1,'B','system.teamcity.build.tempDir','/opt/buildagent/temp/buildTmp')
INSERT INTO AGENT_TYPE_PARAM VALUES(1,'B','env.HOME','/root')
INSERT INTO AGENT_TYPE_PARAM VALUES(1,'B','system.teamcity.agent.cpuBenchmark','650')
INSERT INTO AGENT_TYPE_PARAM VALUES(1,'B','env.PATH','/opt/java/openjdk/bin:/usr/local/sbin:/usr/local/bin:/usr/sbin:/usr/bin:/sbin:/bin')
INSERT INTO AGENT_TYPE_PARAM VALUES(1,'B','env.JAVA_HOME','/opt/java/openjdk')
INSERT INTO AGENT_TYPE_PARAM VALUES(1,'B','env.TEAMCITY_CAPTURE_ENV','"/opt/java/openjdk/jre/bin/java" -jar "/opt/buildagent/plugins/environment-fetcher/bin/env-fetcher.jar"')
INSERT INTO AGENT_TYPE_PARAM VALUES(1,'B','system.agent.home.dir','/opt/buildagent')
INSERT INTO AGENT_TYPE_PARAM VALUES(1,'B','system.agent.work.dir','/opt/buildagent/work')
INSERT INTO AGENT_TYPE_PARAM VALUES(1,'B','env.JRE_HOME','/opt/java/openjdk')
INSERT INTO AGENT_TYPE_PARAM VALUES(1,'B','env.CONFIG_FILE','/data/teamcity_agent/conf/buildAgent.properties')
INSERT INTO AGENT_TYPE_PARAM VALUES(1,'B','env.AGENT_NAME','abyss-mac')
INSERT INTO AGENT_TYPE_PARAM VALUES(1,'B','env.JAVA_TOOL_OPTIONS','-XX:+UnlockExperimentalVMOptions -XX:+UseCGroupMemoryLimitForHeap')
INSERT INTO AGENT_TYPE_PARAM VALUES(1,'B','env.JDK_HOME','/opt/java/openjdk')
INSERT INTO AGENT_TYPE_PARAM VALUES(1,'B','env.JDK_18_x64','/opt/java/openjdk')
INSERT INTO AGENT_TYPE_PARAM VALUES(1,'B','env.SERVER_URL','http://teamcity:8111')
INSERT INTO AGENT_TYPE_PARAM VALUES(1,'B','env.HOSTNAME','2c1bf3cc4548')
INSERT INTO AGENT_TYPE_PARAM VALUES(1,'B','env.JAVA_VERSION','jdk8u192-b12')
INSERT INTO AGENT_TYPE_PARAM VALUES(1,'B','env._','/opt/buildagent/bin/agent.sh')
INSERT INTO AGENT_TYPE_PARAM VALUES(1,'B','env.SHLVL','1')
INSERT INTO AGENT_TYPE_PARAM VALUES(1,'B','env.OLDPWD','/')
INSERT INTO AGENT_TYPE_PARAM VALUES(1,'B','system.agent.name','abyss-mac')
INSERT INTO AGENT_TYPE_PARAM VALUES(1,'C','teamcity.tool.maven3','/opt/buildagent/tools/maven3')
INSERT INTO AGENT_TYPE_PARAM VALUES(1,'C','teamcity.agent.os.arch.bits','64')
INSERT INTO AGENT_TYPE_PARAM VALUES(1,'C','teamcity.agent.work.dir','/opt/buildagent/work')
INSERT INTO AGENT_TYPE_PARAM VALUES(1,'C','teamcity.tool.maven','/opt/buildagent/tools/maven')
INSERT INTO AGENT_TYPE_PARAM VALUES(1,'C','teamcity.tool.TeamCity.Dotnet.Integration.1.0.5','/opt/buildagent/plugins/dotnet.cli/tools/TeamCity.Dotnet.Integration.1.0.5')
INSERT INTO AGENT_TYPE_PARAM VALUES(1,'C','teamcity.agent.work.dir.freeSpaceMb','51675')
INSERT INTO AGENT_TYPE_PARAM VALUES(1,'C','teamcity.tool.gant','/opt/buildagent/tools/gant')
INSERT INTO AGENT_TYPE_PARAM VALUES(1,'C','teamcity.agent.jvm.file.encoding','UTF-8')
INSERT INTO AGENT_TYPE_PARAM VALUES(1,'C','teamcity.agent.jvm.file.separator','/')
INSERT INTO AGENT_TYPE_PARAM VALUES(1,'C','teamcity.tool.TeamCity.Dotnet.Integration.DEFAULT','/opt/buildagent/plugins/dotnet.cli/tools/TeamCity.Dotnet.Integration.1.0.5')
INSERT INTO AGENT_TYPE_PARAM VALUES(1,'C','teamcity.agent.jvm.user.name','root')
INSERT INTO AGENT_TYPE_PARAM VALUES(1,'C','teamcity.serverUrl','http://teamcity:8111')
INSERT INTO AGENT_TYPE_PARAM VALUES(1,'C','teamcity.dotCover.home','/opt/buildagent/tools/JetBrains.dotCover.CommandLineTools.bundled')
INSERT INTO AGENT_TYPE_PARAM VALUES(1,'C','teamcity.agent.jvm.os.name','Linux')
INSERT INTO AGENT_TYPE_PARAM VALUES(1,'C','teamcity.agent.hostname','2c1bf3cc4548')
INSERT INTO AGENT_TYPE_PARAM VALUES(1,'C','teamcity.agent.jvm.user.timezone','GMT')
INSERT INTO AGENT_TYPE_PARAM VALUES(1,'C','teamcity.tool.dotCover','/opt/buildagent/tools/JetBrains.dotCover.CommandLineTools.bundled')
INSERT INTO AGENT_TYPE_PARAM VALUES(1,'C','teamcity.agent.jvm.specification','1.8')
INSERT INTO AGENT_TYPE_PARAM VALUES(1,'C','teamcity.agent.ownPort','9090')
INSERT INTO AGENT_TYPE_PARAM VALUES(1,'C','teamcity.agent.home.dir','/opt/buildagent')
INSERT INTO AGENT_TYPE_PARAM VALUES(1,'C','teamcity.agent.jvm.os.arch','amd64')
INSERT INTO AGENT_TYPE_PARAM VALUES(1,'C','teamcity.agent.protocol','polling')
INSERT INTO AGENT_TYPE_PARAM VALUES(1,'C','teamcity.tool.TeamCity.Dotnet.Integration.BUNDLED','/opt/buildagent/plugins/dotnet.cli/tools/TeamCity.Dotnet.Integration.1.0.5')
INSERT INTO AGENT_TYPE_PARAM VALUES(1,'C','teamcity.agent.jvm.os.version','4.9.125-linuxkit')
INSERT INTO AGENT_TYPE_PARAM VALUES(1,'C','teamcity.agent.launcher.version','61544')
INSERT INTO AGENT_TYPE_PARAM VALUES(1,'C','teamcity.agent.tools.dir','/opt/buildagent/tools')
INSERT INTO AGENT_TYPE_PARAM VALUES(1,'C','teamcity.agent.jvm.version','1.8.0_192')
INSERT INTO AGENT_TYPE_PARAM VALUES(1,'C','teamcity.tool.jacoco.0.8.2','/opt/buildagent/tools/jacoco.0.8.2')
INSERT INTO AGENT_TYPE_PARAM VALUES(1,'C','teamcity.tool.jps','/opt/buildagent/tools/jps')
INSERT INTO AGENT_TYPE_PARAM VALUES(1,'C','teamcity.tool.jetbrains.resharper-clt.bundled','/opt/buildagent/tools/jetbrains.resharper-clt.bundled')
INSERT INTO AGENT_TYPE_PARAM VALUES(1,'C','teamcity.tool.maven3_5','/opt/buildagent/tools/maven3_5')
INSERT INTO AGENT_TYPE_PARAM VALUES(1,'C','teamcity.agent.jvm.user.language','en')
INSERT INTO AGENT_TYPE_PARAM VALUES(1,'C','teamcity.tool.idea-runner-runtime-libs','/opt/buildagent/plugins/idea-runner-runtime-libs')
INSERT INTO AGENT_TYPE_PARAM VALUES(1,'C','teamcity.agent.jvm.java.home','/opt/java/openjdk/jre')
INSERT INTO AGENT_TYPE_PARAM VALUES(1,'C','teamcity.agent.name','abyss-mac')
INSERT INTO AGENT_TYPE_PARAM VALUES(1,'C','teamcity.tool.maven3_3','/opt/buildagent/tools/maven3_3')
INSERT INTO AGENT_TYPE_PARAM VALUES(1,'C','teamcity.tool.maven3_2','/opt/buildagent/tools/maven3_2')
INSERT INTO AGENT_TYPE_PARAM VALUES(1,'C','teamcity.agent.hardware.memorySizeMb','1998')
INSERT INTO AGENT_TYPE_PARAM VALUES(1,'C','teamcity.tool.maven3_1','/opt/buildagent/tools/maven3_1')
INSERT INTO AGENT_TYPE_PARAM VALUES(1,'C','teamcity.agent.jvm.path.separator',':')
INSERT INTO AGENT_TYPE_PARAM VALUES(1,'C','teamcity.tool.JetBrains.dotCover.CommandLineTools.bundled','/opt/buildagent/tools/JetBrains.dotCover.CommandLineTools.bundled')
INSERT INTO AGENT_TYPE_PARAM VALUES(1,'C','teamcity.tool.ant-net-tasks','/opt/buildagent/tools/ant-net-tasks')
INSERT INTO AGENT_TYPE_PARAM VALUES(1,'C','teamcity.tool.jacoco.0.7.5','/opt/buildagent/tools/jacoco.0.7.5')
INSERT INTO AGENT_TYPE_PARAM VALUES(1,'C','teamcity.agent.hardware.cpuCount','4')
INSERT INTO AGENT_TYPE_PARAM VALUES(1,'C','teamcity.agent.jvm.user.home','/root')
INSERT INTO AGENT_TYPE_PARAM VALUES(1,'C','teamcity.tool.idea','/opt/buildagent/tools/idea')
COMMIT
INSERT INTO NODE_EVENTS VALUES(143,'agentDescriptionUpdated',1,1,NULL,'MAIN_SERVER','2019-03-08 09:11:05.255000')
COMMIT
INSERT INTO SERVER_STATISTICS VALUES(1,1,1552036314501)
COMMIT
INSERT INTO SERVER_STATISTICS VALUES(3,3,1552036314501)
COMMIT
INSERT INTO SERVER_STATISTICS VALUES(2,0,1552036314501)
COMMIT
DELETE FROM AGENT WHERE ID=1
INSERT INTO AGENT VALUES(1,'abyss-mac','172.19.0.3',9090,1,1,1,1,1552036262508,1552036582167,NULL,'51a99c4117af3c2f9161c36bc7291719',NULL,NULL)
COMMIT
INSERT INTO NODE_EVENTS VALUES(144,'agentUpdated',1,NULL,'61544:61544:61544-md5-bbd1d28dc110dd791ab46628ec88162b:61544-md5-bbd1d28dc110dd791ab46628ec88162b','MAIN_SERVER','2019-03-08 09:16:22.169000')
COMMIT
/*C10*/SET SCHEMA PUBLIC
DELETE FROM AGENT WHERE ID=1
INSERT INTO AGENT VALUES(1,'abyss-mac','172.19.0.3',9090,1,1,1,1,1552036262508,1552036906206,NULL,'51a99c4117af3c2f9161c36bc7291719',NULL,NULL)
COMMIT
INSERT INTO NODE_EVENTS VALUES(145,'agentUpdated',1,NULL,'61544:61544:61544-md5-bbd1d28dc110dd791ab46628ec88162b:61544-md5-bbd1d28dc110dd791ab46628ec88162b','MAIN_SERVER','2019-03-08 09:21:46.207000')
COMMIT
