08-Mar-2019 01:37:38.212 INFO [main] org.apache.catalina.startup.VersionLoggerListener.log Server version:        Apache Tomcat/8.5.37
08-Mar-2019 01:37:38.216 INFO [main] org.apache.catalina.startup.VersionLoggerListener.log Server built:          Dec 12 2018 12:07:02 UTC
08-Mar-2019 01:37:38.216 INFO [main] org.apache.catalina.startup.VersionLoggerListener.log Server number:         8.5.37.0
08-Mar-2019 01:37:38.217 INFO [main] org.apache.catalina.startup.VersionLoggerListener.log OS Name:               Linux
08-Mar-2019 01:37:38.217 INFO [main] org.apache.catalina.startup.VersionLoggerListener.log OS Version:            4.9.125-linuxkit
08-Mar-2019 01:37:38.218 INFO [main] org.apache.catalina.startup.VersionLoggerListener.log Architecture:          amd64
08-Mar-2019 01:37:38.218 INFO [main] org.apache.catalina.startup.VersionLoggerListener.log Java Home:             /opt/java/openjdk/jre
08-Mar-2019 01:37:38.219 INFO [main] org.apache.catalina.startup.VersionLoggerListener.log JVM Version:           1.8.0_192-b12
08-Mar-2019 01:37:38.219 INFO [main] org.apache.catalina.startup.VersionLoggerListener.log JVM Vendor:            Oracle Corporation
08-Mar-2019 01:37:38.220 INFO [main] org.apache.catalina.startup.VersionLoggerListener.log CATALINA_BASE:         /opt/teamcity
08-Mar-2019 01:37:38.220 INFO [main] org.apache.catalina.startup.VersionLoggerListener.log CATALINA_HOME:         /opt/teamcity
08-Mar-2019 01:37:38.221 INFO [main] org.apache.catalina.startup.VersionLoggerListener.log Command line argument: -XX:+UnlockExperimentalVMOptions
08-Mar-2019 01:37:38.221 INFO [main] org.apache.catalina.startup.VersionLoggerListener.log Command line argument: -XX:+UseCGroupMemoryLimitForHeap
08-Mar-2019 01:37:38.222 INFO [main] org.apache.catalina.startup.VersionLoggerListener.log Command line argument: -Djava.util.logging.config.file=/opt/teamcity/conf/logging.properties
08-Mar-2019 01:37:38.222 INFO [main] org.apache.catalina.startup.VersionLoggerListener.log Command line argument: -Djava.util.logging.manager=org.apache.juli.ClassLoaderLogManager
08-Mar-2019 01:37:38.222 INFO [main] org.apache.catalina.startup.VersionLoggerListener.log Command line argument: -Djdk.tls.ephemeralDHKeySize=2048
08-Mar-2019 01:37:38.223 INFO [main] org.apache.catalina.startup.VersionLoggerListener.log Command line argument: -Djava.protocol.handler.pkgs=org.apache.catalina.webresources
08-Mar-2019 01:37:38.223 INFO [main] org.apache.catalina.startup.VersionLoggerListener.log Command line argument: -Dorg.apache.catalina.security.SecurityListener.UMASK=0027
08-Mar-2019 01:37:38.223 INFO [main] org.apache.catalina.startup.VersionLoggerListener.log Command line argument: -Xmx512m
08-Mar-2019 01:37:38.224 INFO [main] org.apache.catalina.startup.VersionLoggerListener.log Command line argument: -Dteamcity.configuration.path=../conf/teamcity-startup.properties
08-Mar-2019 01:37:38.224 INFO [main] org.apache.catalina.startup.VersionLoggerListener.log Command line argument: -Dlog4j.configuration=file:/opt/teamcity/bin/../conf/teamcity-server-log4j.xml
08-Mar-2019 01:37:38.224 INFO [main] org.apache.catalina.startup.VersionLoggerListener.log Command line argument: -Dteamcity_logs=/opt/teamcity/bin/../logs
08-Mar-2019 01:37:38.225 INFO [main] org.apache.catalina.startup.VersionLoggerListener.log Command line argument: -Djava.awt.headless=true
08-Mar-2019 01:37:38.225 INFO [main] org.apache.catalina.startup.VersionLoggerListener.log Command line argument: -Dignore.endorsed.dirs=
08-Mar-2019 01:37:38.226 INFO [main] org.apache.catalina.startup.VersionLoggerListener.log Command line argument: -Dcatalina.base=/opt/teamcity
08-Mar-2019 01:37:38.226 INFO [main] org.apache.catalina.startup.VersionLoggerListener.log Command line argument: -Dcatalina.home=/opt/teamcity
08-Mar-2019 01:37:38.226 INFO [main] org.apache.catalina.startup.VersionLoggerListener.log Command line argument: -Djava.io.tmpdir=/opt/teamcity/temp
08-Mar-2019 01:37:38.227 INFO [main] org.apache.catalina.core.AprLifecycleListener.lifecycleEvent The APR based Apache Tomcat Native library which allows optimal performance in production environments was not found on the java.library.path: [/usr/java/packages/lib/amd64:/usr/lib64:/lib64:/lib:/usr/lib]
08-Mar-2019 01:37:38.351 INFO [main] org.apache.coyote.AbstractProtocol.init Initializing ProtocolHandler ["http-nio-8111"]
08-Mar-2019 01:37:38.365 INFO [main] org.apache.tomcat.util.net.NioSelectorPool.getSharedSelector Using a shared selector for servlet write/read
08-Mar-2019 01:37:38.379 INFO [main] org.apache.catalina.startup.Catalina.load Initialization processed in 460 ms
08-Mar-2019 01:37:38.398 INFO [main] org.apache.catalina.core.StandardService.startInternal Starting service [Catalina]
08-Mar-2019 01:37:38.398 INFO [main] org.apache.catalina.core.StandardEngine.startInternal Starting Servlet Engine: Apache Tomcat/8.5.37
08-Mar-2019 01:37:38.406 INFO [localhost-startStop-1] org.apache.catalina.startup.HostConfig.deployDirectory Deploying web application directory [/opt/teamcity/webapps/ROOT]
08-Mar-2019 01:37:41.733 INFO [localhost-startStop-1] org.apache.catalina.startup.HostConfig.deployDirectory Deployment of web application directory [/opt/teamcity/webapps/ROOT] has finished in [3,326] ms
08-Mar-2019 01:37:41.735 INFO [main] org.apache.coyote.AbstractProtocol.start Starting ProtocolHandler ["http-nio-8111"]
08-Mar-2019 01:37:41.792 INFO [main] org.apache.catalina.startup.Catalina.start Server startup in 3412 ms
08-Mar-2019 01:44:12.089 INFO [main] org.apache.catalina.core.StandardServer.await A valid shutdown command was received via the shutdown port. Stopping the Server instance.
08-Mar-2019 01:44:12.091 INFO [main] org.apache.coyote.AbstractProtocol.pause Pausing ProtocolHandler ["http-nio-8111"]
08-Mar-2019 01:44:12.099 INFO [main] org.apache.catalina.core.StandardService.stopInternal Stopping service [Catalina]
08-Mar-2019 01:44:15.595 INFO [main] org.apache.catalina.startup.VersionLoggerListener.log Server version:        Apache Tomcat/8.5.37
08-Mar-2019 01:44:15.599 INFO [main] org.apache.catalina.startup.VersionLoggerListener.log Server built:          Dec 12 2018 12:07:02 UTC
08-Mar-2019 01:44:15.599 INFO [main] org.apache.catalina.startup.VersionLoggerListener.log Server number:         8.5.37.0
08-Mar-2019 01:44:15.599 INFO [main] org.apache.catalina.startup.VersionLoggerListener.log OS Name:               Linux
08-Mar-2019 01:44:15.600 INFO [main] org.apache.catalina.startup.VersionLoggerListener.log OS Version:            4.9.125-linuxkit
08-Mar-2019 01:44:15.600 INFO [main] org.apache.catalina.startup.VersionLoggerListener.log Architecture:          amd64
08-Mar-2019 01:44:15.601 INFO [main] org.apache.catalina.startup.VersionLoggerListener.log Java Home:             /opt/java/openjdk/jre
08-Mar-2019 01:44:15.601 INFO [main] org.apache.catalina.startup.VersionLoggerListener.log JVM Version:           1.8.0_192-b12
08-Mar-2019 01:44:15.601 INFO [main] org.apache.catalina.startup.VersionLoggerListener.log JVM Vendor:            Oracle Corporation
08-Mar-2019 01:44:15.602 INFO [main] org.apache.catalina.startup.VersionLoggerListener.log CATALINA_BASE:         /opt/teamcity
08-Mar-2019 01:44:15.602 INFO [main] org.apache.catalina.startup.VersionLoggerListener.log CATALINA_HOME:         /opt/teamcity
08-Mar-2019 01:44:15.602 INFO [main] org.apache.catalina.startup.VersionLoggerListener.log Command line argument: -XX:+UnlockExperimentalVMOptions
08-Mar-2019 01:44:15.603 INFO [main] org.apache.catalina.startup.VersionLoggerListener.log Command line argument: -XX:+UseCGroupMemoryLimitForHeap
08-Mar-2019 01:44:15.603 INFO [main] org.apache.catalina.startup.VersionLoggerListener.log Command line argument: -Djava.util.logging.config.file=/opt/teamcity/conf/logging.properties
08-Mar-2019 01:44:15.603 INFO [main] org.apache.catalina.startup.VersionLoggerListener.log Command line argument: -Djava.util.logging.manager=org.apache.juli.ClassLoaderLogManager
08-Mar-2019 01:44:15.603 INFO [main] org.apache.catalina.startup.VersionLoggerListener.log Command line argument: -Djdk.tls.ephemeralDHKeySize=2048
08-Mar-2019 01:44:15.603 INFO [main] org.apache.catalina.startup.VersionLoggerListener.log Command line argument: -Djava.protocol.handler.pkgs=org.apache.catalina.webresources
08-Mar-2019 01:44:15.604 INFO [main] org.apache.catalina.startup.VersionLoggerListener.log Command line argument: -Dorg.apache.catalina.security.SecurityListener.UMASK=0027
08-Mar-2019 01:44:15.604 INFO [main] org.apache.catalina.startup.VersionLoggerListener.log Command line argument: -Xmx512m
08-Mar-2019 01:44:15.604 INFO [main] org.apache.catalina.startup.VersionLoggerListener.log Command line argument: -Dteamcity.configuration.path=../conf/teamcity-startup.properties
08-Mar-2019 01:44:15.605 INFO [main] org.apache.catalina.startup.VersionLoggerListener.log Command line argument: -Dlog4j.configuration=file:/opt/teamcity/bin/../conf/teamcity-server-log4j.xml
08-Mar-2019 01:44:15.605 INFO [main] org.apache.catalina.startup.VersionLoggerListener.log Command line argument: -Dteamcity_logs=/opt/teamcity/bin/../logs
08-Mar-2019 01:44:15.605 INFO [main] org.apache.catalina.startup.VersionLoggerListener.log Command line argument: -Djava.awt.headless=true
08-Mar-2019 01:44:15.605 INFO [main] org.apache.catalina.startup.VersionLoggerListener.log Command line argument: -Dignore.endorsed.dirs=
08-Mar-2019 01:44:15.606 INFO [main] org.apache.catalina.startup.VersionLoggerListener.log Command line argument: -Dcatalina.base=/opt/teamcity
08-Mar-2019 01:44:15.606 INFO [main] org.apache.catalina.startup.VersionLoggerListener.log Command line argument: -Dcatalina.home=/opt/teamcity
08-Mar-2019 01:44:15.606 INFO [main] org.apache.catalina.startup.VersionLoggerListener.log Command line argument: -Djava.io.tmpdir=/opt/teamcity/temp
08-Mar-2019 01:44:15.607 INFO [main] org.apache.catalina.core.AprLifecycleListener.lifecycleEvent The APR based Apache Tomcat Native library which allows optimal performance in production environments was not found on the java.library.path: [/usr/java/packages/lib/amd64:/usr/lib64:/lib64:/lib:/usr/lib]
08-Mar-2019 01:44:15.699 INFO [main] org.apache.coyote.AbstractProtocol.init Initializing ProtocolHandler ["http-nio-8111"]
08-Mar-2019 01:44:15.712 INFO [main] org.apache.tomcat.util.net.NioSelectorPool.getSharedSelector Using a shared selector for servlet write/read
08-Mar-2019 01:44:15.721 INFO [main] org.apache.catalina.startup.Catalina.load Initialization processed in 473 ms
08-Mar-2019 01:44:15.738 INFO [main] org.apache.catalina.core.StandardService.startInternal Starting service [Catalina]
08-Mar-2019 01:44:15.739 INFO [main] org.apache.catalina.core.StandardEngine.startInternal Starting Servlet Engine: Apache Tomcat/8.5.37
08-Mar-2019 01:44:15.746 INFO [localhost-startStop-1] org.apache.catalina.startup.HostConfig.deployDirectory Deploying web application directory [/opt/teamcity/webapps/ROOT]
08-Mar-2019 01:44:19.061 INFO [localhost-startStop-1] org.apache.catalina.startup.HostConfig.deployDirectory Deployment of web application directory [/opt/teamcity/webapps/ROOT] has finished in [3,315] ms
08-Mar-2019 01:44:19.065 INFO [main] org.apache.coyote.AbstractProtocol.start Starting ProtocolHandler ["http-nio-8111"]
08-Mar-2019 01:44:19.085 INFO [main] org.apache.catalina.startup.Catalina.start Server startup in 3363 ms
08-Mar-2019 02:34:08.259 INFO [main] org.apache.catalina.startup.VersionLoggerListener.log Server version:        Apache Tomcat/8.5.37
08-Mar-2019 02:34:08.267 INFO [main] org.apache.catalina.startup.VersionLoggerListener.log Server built:          Dec 12 2018 12:07:02 UTC
08-Mar-2019 02:34:08.268 INFO [main] org.apache.catalina.startup.VersionLoggerListener.log Server number:         8.5.37.0
08-Mar-2019 02:34:08.268 INFO [main] org.apache.catalina.startup.VersionLoggerListener.log OS Name:               Linux
08-Mar-2019 02:34:08.268 INFO [main] org.apache.catalina.startup.VersionLoggerListener.log OS Version:            4.9.125-linuxkit
08-Mar-2019 02:34:08.269 INFO [main] org.apache.catalina.startup.VersionLoggerListener.log Architecture:          amd64
08-Mar-2019 02:34:08.269 INFO [main] org.apache.catalina.startup.VersionLoggerListener.log Java Home:             /opt/java/openjdk/jre
08-Mar-2019 02:34:08.269 INFO [main] org.apache.catalina.startup.VersionLoggerListener.log JVM Version:           1.8.0_192-b12
08-Mar-2019 02:34:08.270 INFO [main] org.apache.catalina.startup.VersionLoggerListener.log JVM Vendor:            Oracle Corporation
08-Mar-2019 02:34:08.271 INFO [main] org.apache.catalina.startup.VersionLoggerListener.log CATALINA_BASE:         /opt/teamcity
08-Mar-2019 02:34:08.271 INFO [main] org.apache.catalina.startup.VersionLoggerListener.log CATALINA_HOME:         /opt/teamcity
08-Mar-2019 02:34:08.272 INFO [main] org.apache.catalina.startup.VersionLoggerListener.log Command line argument: -XX:+UnlockExperimentalVMOptions
08-Mar-2019 02:34:08.273 INFO [main] org.apache.catalina.startup.VersionLoggerListener.log Command line argument: -XX:+UseCGroupMemoryLimitForHeap
08-Mar-2019 02:34:08.273 INFO [main] org.apache.catalina.startup.VersionLoggerListener.log Command line argument: -Djava.util.logging.config.file=/opt/teamcity/conf/logging.properties
08-Mar-2019 02:34:08.273 INFO [main] org.apache.catalina.startup.VersionLoggerListener.log Command line argument: -Djava.util.logging.manager=org.apache.juli.ClassLoaderLogManager
08-Mar-2019 02:34:08.273 INFO [main] org.apache.catalina.startup.VersionLoggerListener.log Command line argument: -Djdk.tls.ephemeralDHKeySize=2048
08-Mar-2019 02:34:08.273 INFO [main] org.apache.catalina.startup.VersionLoggerListener.log Command line argument: -Djava.protocol.handler.pkgs=org.apache.catalina.webresources
08-Mar-2019 02:34:08.274 INFO [main] org.apache.catalina.startup.VersionLoggerListener.log Command line argument: -Dorg.apache.catalina.security.SecurityListener.UMASK=0027
08-Mar-2019 02:34:08.274 INFO [main] org.apache.catalina.startup.VersionLoggerListener.log Command line argument: -Xmx512m
08-Mar-2019 02:34:08.274 INFO [main] org.apache.catalina.startup.VersionLoggerListener.log Command line argument: -Dteamcity.configuration.path=../conf/teamcity-startup.properties
08-Mar-2019 02:34:08.274 INFO [main] org.apache.catalina.startup.VersionLoggerListener.log Command line argument: -Dlog4j.configuration=file:/opt/teamcity/bin/../conf/teamcity-server-log4j.xml
08-Mar-2019 02:34:08.275 INFO [main] org.apache.catalina.startup.VersionLoggerListener.log Command line argument: -Dteamcity_logs=/opt/teamcity/bin/../logs
08-Mar-2019 02:34:08.275 INFO [main] org.apache.catalina.startup.VersionLoggerListener.log Command line argument: -Djava.awt.headless=true
08-Mar-2019 02:34:08.275 INFO [main] org.apache.catalina.startup.VersionLoggerListener.log Command line argument: -Dignore.endorsed.dirs=
08-Mar-2019 02:34:08.276 INFO [main] org.apache.catalina.startup.VersionLoggerListener.log Command line argument: -Dcatalina.base=/opt/teamcity
08-Mar-2019 02:34:08.276 INFO [main] org.apache.catalina.startup.VersionLoggerListener.log Command line argument: -Dcatalina.home=/opt/teamcity
08-Mar-2019 02:34:08.276 INFO [main] org.apache.catalina.startup.VersionLoggerListener.log Command line argument: -Djava.io.tmpdir=/opt/teamcity/temp
08-Mar-2019 02:34:08.277 INFO [main] org.apache.catalina.core.AprLifecycleListener.lifecycleEvent The APR based Apache Tomcat Native library which allows optimal performance in production environments was not found on the java.library.path: [/usr/java/packages/lib/amd64:/usr/lib64:/lib64:/lib:/usr/lib]
08-Mar-2019 02:34:08.379 INFO [main] org.apache.coyote.AbstractProtocol.init Initializing ProtocolHandler ["http-nio-8111"]
08-Mar-2019 02:34:08.391 INFO [main] org.apache.tomcat.util.net.NioSelectorPool.getSharedSelector Using a shared selector for servlet write/read
08-Mar-2019 02:34:08.400 INFO [main] org.apache.catalina.startup.Catalina.load Initialization processed in 501 ms
08-Mar-2019 02:34:08.418 INFO [main] org.apache.catalina.core.StandardService.startInternal Starting service [Catalina]
08-Mar-2019 02:34:08.418 INFO [main] org.apache.catalina.core.StandardEngine.startInternal Starting Servlet Engine: Apache Tomcat/8.5.37
08-Mar-2019 02:34:08.426 INFO [localhost-startStop-1] org.apache.catalina.startup.HostConfig.deployDirectory Deploying web application directory [/opt/teamcity/webapps/ROOT]
08-Mar-2019 02:34:12.166 INFO [localhost-startStop-1] org.apache.catalina.startup.HostConfig.deployDirectory Deployment of web application directory [/opt/teamcity/webapps/ROOT] has finished in [3,740] ms
08-Mar-2019 02:34:12.177 INFO [main] org.apache.coyote.AbstractProtocol.start Starting ProtocolHandler ["http-nio-8111"]
08-Mar-2019 02:34:12.211 INFO [main] org.apache.catalina.startup.Catalina.start Server startup in 3810 ms
08-Mar-2019 02:40:20.364 INFO [main] org.apache.catalina.startup.VersionLoggerListener.log Server version:        Apache Tomcat/8.5.37
08-Mar-2019 02:40:20.368 INFO [main] org.apache.catalina.startup.VersionLoggerListener.log Server built:          Dec 12 2018 12:07:02 UTC
08-Mar-2019 02:40:20.368 INFO [main] org.apache.catalina.startup.VersionLoggerListener.log Server number:         8.5.37.0
08-Mar-2019 02:40:20.368 INFO [main] org.apache.catalina.startup.VersionLoggerListener.log OS Name:               Linux
08-Mar-2019 02:40:20.369 INFO [main] org.apache.catalina.startup.VersionLoggerListener.log OS Version:            4.9.125-linuxkit
08-Mar-2019 02:40:20.369 INFO [main] org.apache.catalina.startup.VersionLoggerListener.log Architecture:          amd64
08-Mar-2019 02:40:20.369 INFO [main] org.apache.catalina.startup.VersionLoggerListener.log Java Home:             /opt/java/openjdk/jre
08-Mar-2019 02:40:20.370 INFO [main] org.apache.catalina.startup.VersionLoggerListener.log JVM Version:           1.8.0_192-b12
08-Mar-2019 02:40:20.370 INFO [main] org.apache.catalina.startup.VersionLoggerListener.log JVM Vendor:            Oracle Corporation
08-Mar-2019 02:40:20.370 INFO [main] org.apache.catalina.startup.VersionLoggerListener.log CATALINA_BASE:         /opt/teamcity
08-Mar-2019 02:40:20.370 INFO [main] org.apache.catalina.startup.VersionLoggerListener.log CATALINA_HOME:         /opt/teamcity
08-Mar-2019 02:40:20.371 INFO [main] org.apache.catalina.startup.VersionLoggerListener.log Command line argument: -XX:+UnlockExperimentalVMOptions
08-Mar-2019 02:40:20.371 INFO [main] org.apache.catalina.startup.VersionLoggerListener.log Command line argument: -XX:+UseCGroupMemoryLimitForHeap
08-Mar-2019 02:40:20.371 INFO [main] org.apache.catalina.startup.VersionLoggerListener.log Command line argument: -Djava.util.logging.config.file=/opt/teamcity/conf/logging.properties
08-Mar-2019 02:40:20.372 INFO [main] org.apache.catalina.startup.VersionLoggerListener.log Command line argument: -Djava.util.logging.manager=org.apache.juli.ClassLoaderLogManager
08-Mar-2019 02:40:20.372 INFO [main] org.apache.catalina.startup.VersionLoggerListener.log Command line argument: -Djdk.tls.ephemeralDHKeySize=2048
08-Mar-2019 02:40:20.372 INFO [main] org.apache.catalina.startup.VersionLoggerListener.log Command line argument: -Djava.protocol.handler.pkgs=org.apache.catalina.webresources
08-Mar-2019 02:40:20.372 INFO [main] org.apache.catalina.startup.VersionLoggerListener.log Command line argument: -Dorg.apache.catalina.security.SecurityListener.UMASK=0027
08-Mar-2019 02:40:20.373 INFO [main] org.apache.catalina.startup.VersionLoggerListener.log Command line argument: -Xmx512m
08-Mar-2019 02:40:20.373 INFO [main] org.apache.catalina.startup.VersionLoggerListener.log Command line argument: -Dteamcity.configuration.path=../conf/teamcity-startup.properties
08-Mar-2019 02:40:20.373 INFO [main] org.apache.catalina.startup.VersionLoggerListener.log Command line argument: -Dlog4j.configuration=file:/opt/teamcity/bin/../conf/teamcity-server-log4j.xml
08-Mar-2019 02:40:20.374 INFO [main] org.apache.catalina.startup.VersionLoggerListener.log Command line argument: -Dteamcity_logs=/opt/teamcity/bin/../logs
08-Mar-2019 02:40:20.374 INFO [main] org.apache.catalina.startup.VersionLoggerListener.log Command line argument: -Djava.awt.headless=true
08-Mar-2019 02:40:20.374 INFO [main] org.apache.catalina.startup.VersionLoggerListener.log Command line argument: -Dignore.endorsed.dirs=
08-Mar-2019 02:40:20.375 INFO [main] org.apache.catalina.startup.VersionLoggerListener.log Command line argument: -Dcatalina.base=/opt/teamcity
08-Mar-2019 02:40:20.375 INFO [main] org.apache.catalina.startup.VersionLoggerListener.log Command line argument: -Dcatalina.home=/opt/teamcity
08-Mar-2019 02:40:20.375 INFO [main] org.apache.catalina.startup.VersionLoggerListener.log Command line argument: -Djava.io.tmpdir=/opt/teamcity/temp
08-Mar-2019 02:40:20.376 INFO [main] org.apache.catalina.core.AprLifecycleListener.lifecycleEvent The APR based Apache Tomcat Native library which allows optimal performance in production environments was not found on the java.library.path: [/usr/java/packages/lib/amd64:/usr/lib64:/lib64:/lib:/usr/lib]
08-Mar-2019 02:40:20.493 INFO [main] org.apache.coyote.AbstractProtocol.init Initializing ProtocolHandler ["http-nio-8111"]
08-Mar-2019 02:40:20.539 INFO [main] org.apache.tomcat.util.net.NioSelectorPool.getSharedSelector Using a shared selector for servlet write/read
08-Mar-2019 02:40:20.550 INFO [main] org.apache.catalina.startup.Catalina.load Initialization processed in 616 ms
08-Mar-2019 02:40:20.577 INFO [main] org.apache.catalina.core.StandardService.startInternal Starting service [Catalina]
08-Mar-2019 02:40:20.577 INFO [main] org.apache.catalina.core.StandardEngine.startInternal Starting Servlet Engine: Apache Tomcat/8.5.37
08-Mar-2019 02:40:20.587 INFO [localhost-startStop-1] org.apache.catalina.startup.HostConfig.deployDirectory Deploying web application directory [/opt/teamcity/webapps/ROOT]
08-Mar-2019 02:40:24.534 INFO [localhost-startStop-1] org.apache.catalina.startup.HostConfig.deployDirectory Deployment of web application directory [/opt/teamcity/webapps/ROOT] has finished in [3,940] ms
08-Mar-2019 02:40:24.541 INFO [main] org.apache.coyote.AbstractProtocol.start Starting ProtocolHandler ["http-nio-8111"]
08-Mar-2019 02:40:24.575 INFO [main] org.apache.catalina.startup.Catalina.start Server startup in 4024 ms
08-Mar-2019 08:35:09.319 INFO [main] org.apache.catalina.startup.VersionLoggerListener.log Server version:        Apache Tomcat/8.5.37
08-Mar-2019 08:35:09.324 INFO [main] org.apache.catalina.startup.VersionLoggerListener.log Server built:          Dec 12 2018 12:07:02 UTC
08-Mar-2019 08:35:09.324 INFO [main] org.apache.catalina.startup.VersionLoggerListener.log Server number:         8.5.37.0
08-Mar-2019 08:35:09.324 INFO [main] org.apache.catalina.startup.VersionLoggerListener.log OS Name:               Linux
08-Mar-2019 08:35:09.324 INFO [main] org.apache.catalina.startup.VersionLoggerListener.log OS Version:            4.9.125-linuxkit
08-Mar-2019 08:35:09.324 INFO [main] org.apache.catalina.startup.VersionLoggerListener.log Architecture:          amd64
08-Mar-2019 08:35:09.324 INFO [main] org.apache.catalina.startup.VersionLoggerListener.log Java Home:             /opt/java/openjdk/jre
08-Mar-2019 08:35:09.325 INFO [main] org.apache.catalina.startup.VersionLoggerListener.log JVM Version:           1.8.0_192-b12
08-Mar-2019 08:35:09.325 INFO [main] org.apache.catalina.startup.VersionLoggerListener.log JVM Vendor:            Oracle Corporation
08-Mar-2019 08:35:09.325 INFO [main] org.apache.catalina.startup.VersionLoggerListener.log CATALINA_BASE:         /opt/teamcity
08-Mar-2019 08:35:09.325 INFO [main] org.apache.catalina.startup.VersionLoggerListener.log CATALINA_HOME:         /opt/teamcity
08-Mar-2019 08:35:09.325 INFO [main] org.apache.catalina.startup.VersionLoggerListener.log Command line argument: -XX:+UnlockExperimentalVMOptions
08-Mar-2019 08:35:09.325 INFO [main] org.apache.catalina.startup.VersionLoggerListener.log Command line argument: -XX:+UseCGroupMemoryLimitForHeap
08-Mar-2019 08:35:09.326 INFO [main] org.apache.catalina.startup.VersionLoggerListener.log Command line argument: -Djava.util.logging.config.file=/opt/teamcity/conf/logging.properties
08-Mar-2019 08:35:09.326 INFO [main] org.apache.catalina.startup.VersionLoggerListener.log Command line argument: -Djava.util.logging.manager=org.apache.juli.ClassLoaderLogManager
08-Mar-2019 08:35:09.326 INFO [main] org.apache.catalina.startup.VersionLoggerListener.log Command line argument: -Djdk.tls.ephemeralDHKeySize=2048
08-Mar-2019 08:35:09.326 INFO [main] org.apache.catalina.startup.VersionLoggerListener.log Command line argument: -Djava.protocol.handler.pkgs=org.apache.catalina.webresources
08-Mar-2019 08:35:09.326 INFO [main] org.apache.catalina.startup.VersionLoggerListener.log Command line argument: -Dorg.apache.catalina.security.SecurityListener.UMASK=0027
08-Mar-2019 08:35:09.326 INFO [main] org.apache.catalina.startup.VersionLoggerListener.log Command line argument: -Xmx512m
08-Mar-2019 08:35:09.326 INFO [main] org.apache.catalina.startup.VersionLoggerListener.log Command line argument: -Dteamcity.configuration.path=../conf/teamcity-startup.properties
08-Mar-2019 08:35:09.326 INFO [main] org.apache.catalina.startup.VersionLoggerListener.log Command line argument: -Dlog4j.configuration=file:/opt/teamcity/bin/../conf/teamcity-server-log4j.xml
08-Mar-2019 08:35:09.327 INFO [main] org.apache.catalina.startup.VersionLoggerListener.log Command line argument: -Dteamcity_logs=/opt/teamcity/bin/../logs
08-Mar-2019 08:35:09.327 INFO [main] org.apache.catalina.startup.VersionLoggerListener.log Command line argument: -Djava.awt.headless=true
08-Mar-2019 08:35:09.327 INFO [main] org.apache.catalina.startup.VersionLoggerListener.log Command line argument: -Dignore.endorsed.dirs=
08-Mar-2019 08:35:09.327 INFO [main] org.apache.catalina.startup.VersionLoggerListener.log Command line argument: -Dcatalina.base=/opt/teamcity
08-Mar-2019 08:35:09.327 INFO [main] org.apache.catalina.startup.VersionLoggerListener.log Command line argument: -Dcatalina.home=/opt/teamcity
08-Mar-2019 08:35:09.328 INFO [main] org.apache.catalina.startup.VersionLoggerListener.log Command line argument: -Djava.io.tmpdir=/opt/teamcity/temp
08-Mar-2019 08:35:09.328 INFO [main] org.apache.catalina.core.AprLifecycleListener.lifecycleEvent The APR based Apache Tomcat Native library which allows optimal performance in production environments was not found on the java.library.path: [/usr/java/packages/lib/amd64:/usr/lib64:/lib64:/lib:/usr/lib]
08-Mar-2019 08:35:09.470 INFO [main] org.apache.coyote.AbstractProtocol.init Initializing ProtocolHandler ["http-nio-8111"]
08-Mar-2019 08:35:09.487 INFO [main] org.apache.tomcat.util.net.NioSelectorPool.getSharedSelector Using a shared selector for servlet write/read
08-Mar-2019 08:35:09.497 INFO [main] org.apache.catalina.startup.Catalina.load Initialization processed in 653 ms
08-Mar-2019 08:35:09.517 INFO [main] org.apache.catalina.core.StandardService.startInternal Starting service [Catalina]
08-Mar-2019 08:35:09.520 INFO [main] org.apache.catalina.core.StandardEngine.startInternal Starting Servlet Engine: Apache Tomcat/8.5.37
08-Mar-2019 08:35:09.529 INFO [localhost-startStop-1] org.apache.catalina.startup.HostConfig.deployDirectory Deploying web application directory [/opt/teamcity/webapps/ROOT]
08-Mar-2019 08:35:15.183 INFO [localhost-startStop-1] org.apache.catalina.startup.HostConfig.deployDirectory Deployment of web application directory [/opt/teamcity/webapps/ROOT] has finished in [5,653] ms
08-Mar-2019 08:35:15.191 INFO [main] org.apache.coyote.AbstractProtocol.start Starting ProtocolHandler ["http-nio-8111"]
08-Mar-2019 08:35:15.215 INFO [main] org.apache.catalina.startup.Catalina.start Server startup in 5718 ms
08-Mar-2019 08:39:08.131 INFO [main] org.apache.catalina.startup.VersionLoggerListener.log Server version:        Apache Tomcat/8.5.37
08-Mar-2019 08:39:08.135 INFO [main] org.apache.catalina.startup.VersionLoggerListener.log Server built:          Dec 12 2018 12:07:02 UTC
08-Mar-2019 08:39:08.136 INFO [main] org.apache.catalina.startup.VersionLoggerListener.log Server number:         8.5.37.0
08-Mar-2019 08:39:08.136 INFO [main] org.apache.catalina.startup.VersionLoggerListener.log OS Name:               Linux
08-Mar-2019 08:39:08.136 INFO [main] org.apache.catalina.startup.VersionLoggerListener.log OS Version:            4.9.125-linuxkit
08-Mar-2019 08:39:08.136 INFO [main] org.apache.catalina.startup.VersionLoggerListener.log Architecture:          amd64
08-Mar-2019 08:39:08.136 INFO [main] org.apache.catalina.startup.VersionLoggerListener.log Java Home:             /opt/java/openjdk/jre
08-Mar-2019 08:39:08.137 INFO [main] org.apache.catalina.startup.VersionLoggerListener.log JVM Version:           1.8.0_192-b12
08-Mar-2019 08:39:08.137 INFO [main] org.apache.catalina.startup.VersionLoggerListener.log JVM Vendor:            Oracle Corporation
08-Mar-2019 08:39:08.137 INFO [main] org.apache.catalina.startup.VersionLoggerListener.log CATALINA_BASE:         /opt/teamcity
08-Mar-2019 08:39:08.138 INFO [main] org.apache.catalina.startup.VersionLoggerListener.log CATALINA_HOME:         /opt/teamcity
08-Mar-2019 08:39:08.138 INFO [main] org.apache.catalina.startup.VersionLoggerListener.log Command line argument: -XX:+UnlockExperimentalVMOptions
08-Mar-2019 08:39:08.138 INFO [main] org.apache.catalina.startup.VersionLoggerListener.log Command line argument: -XX:+UseCGroupMemoryLimitForHeap
08-Mar-2019 08:39:08.138 INFO [main] org.apache.catalina.startup.VersionLoggerListener.log Command line argument: -Djava.util.logging.config.file=/opt/teamcity/conf/logging.properties
08-Mar-2019 08:39:08.139 INFO [main] org.apache.catalina.startup.VersionLoggerListener.log Command line argument: -Djava.util.logging.manager=org.apache.juli.ClassLoaderLogManager
08-Mar-2019 08:39:08.139 INFO [main] org.apache.catalina.startup.VersionLoggerListener.log Command line argument: -Djdk.tls.ephemeralDHKeySize=2048
08-Mar-2019 08:39:08.139 INFO [main] org.apache.catalina.startup.VersionLoggerListener.log Command line argument: -Djava.protocol.handler.pkgs=org.apache.catalina.webresources
08-Mar-2019 08:39:08.140 INFO [main] org.apache.catalina.startup.VersionLoggerListener.log Command line argument: -Dorg.apache.catalina.security.SecurityListener.UMASK=0027
08-Mar-2019 08:39:08.140 INFO [main] org.apache.catalina.startup.VersionLoggerListener.log Command line argument: -Xmx512m
08-Mar-2019 08:39:08.140 INFO [main] org.apache.catalina.startup.VersionLoggerListener.log Command line argument: -Dteamcity.configuration.path=../conf/teamcity-startup.properties
08-Mar-2019 08:39:08.140 INFO [main] org.apache.catalina.startup.VersionLoggerListener.log Command line argument: -Dlog4j.configuration=file:/opt/teamcity/bin/../conf/teamcity-server-log4j.xml
08-Mar-2019 08:39:08.141 INFO [main] org.apache.catalina.startup.VersionLoggerListener.log Command line argument: -Dteamcity_logs=/opt/teamcity/bin/../logs
08-Mar-2019 08:39:08.141 INFO [main] org.apache.catalina.startup.VersionLoggerListener.log Command line argument: -Djava.awt.headless=true
08-Mar-2019 08:39:08.141 INFO [main] org.apache.catalina.startup.VersionLoggerListener.log Command line argument: -Dignore.endorsed.dirs=
08-Mar-2019 08:39:08.142 INFO [main] org.apache.catalina.startup.VersionLoggerListener.log Command line argument: -Dcatalina.base=/opt/teamcity
08-Mar-2019 08:39:08.142 INFO [main] org.apache.catalina.startup.VersionLoggerListener.log Command line argument: -Dcatalina.home=/opt/teamcity
08-Mar-2019 08:39:08.142 INFO [main] org.apache.catalina.startup.VersionLoggerListener.log Command line argument: -Djava.io.tmpdir=/opt/teamcity/temp
08-Mar-2019 08:39:08.143 INFO [main] org.apache.catalina.core.AprLifecycleListener.lifecycleEvent The APR based Apache Tomcat Native library which allows optimal performance in production environments was not found on the java.library.path: [/usr/java/packages/lib/amd64:/usr/lib64:/lib64:/lib:/usr/lib]
08-Mar-2019 08:39:08.272 INFO [main] org.apache.coyote.AbstractProtocol.init Initializing ProtocolHandler ["http-nio-8111"]
08-Mar-2019 08:39:08.290 INFO [main] org.apache.tomcat.util.net.NioSelectorPool.getSharedSelector Using a shared selector for servlet write/read
08-Mar-2019 08:39:08.300 INFO [main] org.apache.catalina.startup.Catalina.load Initialization processed in 687 ms
08-Mar-2019 08:39:08.325 INFO [main] org.apache.catalina.core.StandardService.startInternal Starting service [Catalina]
08-Mar-2019 08:39:08.326 INFO [main] org.apache.catalina.core.StandardEngine.startInternal Starting Servlet Engine: Apache Tomcat/8.5.37
08-Mar-2019 08:39:08.335 INFO [localhost-startStop-1] org.apache.catalina.startup.HostConfig.deployDirectory Deploying web application directory [/opt/teamcity/webapps/ROOT]
08-Mar-2019 08:39:13.264 INFO [localhost-startStop-1] org.apache.catalina.startup.HostConfig.deployDirectory Deployment of web application directory [/opt/teamcity/webapps/ROOT] has finished in [4,929] ms
08-Mar-2019 08:39:13.343 INFO [main] org.apache.coyote.AbstractProtocol.start Starting ProtocolHandler ["http-nio-8111"]
08-Mar-2019 08:39:13.461 INFO [main] org.apache.catalina.startup.Catalina.start Server startup in 5160 ms
08-Mar-2019 08:44:35.739 INFO [main] org.apache.catalina.core.StandardServer.await A valid shutdown command was received via the shutdown port. Stopping the Server instance.
08-Mar-2019 08:44:35.740 INFO [main] org.apache.coyote.AbstractProtocol.pause Pausing ProtocolHandler ["http-nio-8111"]
08-Mar-2019 08:44:35.747 INFO [main] org.apache.catalina.core.StandardService.stopInternal Stopping service [Catalina]
08-Mar-2019 08:44:37.833 WARNING [localhost-startStop-2] org.apache.catalina.loader.WebappClassLoaderBase.clearReferencesJdbc The web application [ROOT] registered the JDBC driver [org.hsqldb.jdbc.JDBCDriver] but failed to unregister it when the web application was stopped. To prevent a memory leak, the JDBC Driver has been forcibly unregistered.
08-Mar-2019 08:44:37.834 WARNING [localhost-startStop-2] org.apache.catalina.loader.WebappClassLoaderBase.clearReferencesJdbc The web application [ROOT] registered the JDBC driver [org.hsqldb1.jdbcDriver] but failed to unregister it when the web application was stopped. To prevent a memory leak, the JDBC Driver has been forcibly unregistered.
08-Mar-2019 08:44:37.836 WARNING [localhost-startStop-2] org.apache.catalina.loader.WebappClassLoaderBase.clearReferencesThreads The web application [ROOT] appears to have started a thread named [Agent Long-Polling Timeout 1] but has failed to stop it. This is very likely to create a memory leak. Stack trace of thread:
 java.lang.Thread.sleep(Native Method)
 jetbrains.buildServer.controllers.agentServer.LongPollingCommandsRequestsProcessor.lambda$new$1(LongPollingCommandsRequestsProcessor.java:7)
 jetbrains.buildServer.controllers.agentServer.LongPollingCommandsRequestsProcessor$$Lambda$130/1834656959.run(Unknown Source)
 java.lang.Thread.run(Thread.java:748)
08-Mar-2019 08:44:37.837 WARNING [localhost-startStop-2] org.apache.catalina.loader.WebappClassLoaderBase.clearReferencesThreads The web application [ROOT] appears to have started a thread named [ImmutableAgentCleanThread 1] but has failed to stop it. This is very likely to create a memory leak. Stack trace of thread:
 java.lang.Object.wait(Native Method)
 java.lang.ref.ReferenceQueue.remove(ReferenceQueue.java:144)
 java.lang.ref.ReferenceQueue.remove(ReferenceQueue.java:165)
 jetbrains.buildServer.serverSide.flakyTestDetector.opendata.ImmutableAgentCleanThread$1.lambda$serverStartup$0(ImmutableAgentCleanThread.java:26)
 jetbrains.buildServer.serverSide.flakyTestDetector.opendata.ImmutableAgentCleanThread$1$$Lambda$680/1048207695.run(Unknown Source)
 java.lang.Thread.run(Thread.java:748)
08-Mar-2019 08:44:37.846 INFO [main] org.apache.coyote.AbstractProtocol.stop Stopping ProtocolHandler ["http-nio-8111"]
08-Mar-2019 08:44:37.848 INFO [main] org.apache.coyote.AbstractProtocol.destroy Destroying ProtocolHandler ["http-nio-8111"]
08-Mar-2019 08:45:12.485 INFO [main] org.apache.catalina.startup.VersionLoggerListener.log Server version:        Apache Tomcat/8.5.37
08-Mar-2019 08:45:12.489 INFO [main] org.apache.catalina.startup.VersionLoggerListener.log Server built:          Dec 12 2018 12:07:02 UTC
08-Mar-2019 08:45:12.489 INFO [main] org.apache.catalina.startup.VersionLoggerListener.log Server number:         8.5.37.0
08-Mar-2019 08:45:12.489 INFO [main] org.apache.catalina.startup.VersionLoggerListener.log OS Name:               Linux
08-Mar-2019 08:45:12.489 INFO [main] org.apache.catalina.startup.VersionLoggerListener.log OS Version:            4.9.125-linuxkit
08-Mar-2019 08:45:12.489 INFO [main] org.apache.catalina.startup.VersionLoggerListener.log Architecture:          amd64
08-Mar-2019 08:45:12.489 INFO [main] org.apache.catalina.startup.VersionLoggerListener.log Java Home:             /opt/java/openjdk/jre
08-Mar-2019 08:45:12.489 INFO [main] org.apache.catalina.startup.VersionLoggerListener.log JVM Version:           1.8.0_192-b12
08-Mar-2019 08:45:12.490 INFO [main] org.apache.catalina.startup.VersionLoggerListener.log JVM Vendor:            Oracle Corporation
08-Mar-2019 08:45:12.490 INFO [main] org.apache.catalina.startup.VersionLoggerListener.log CATALINA_BASE:         /opt/teamcity
08-Mar-2019 08:45:12.490 INFO [main] org.apache.catalina.startup.VersionLoggerListener.log CATALINA_HOME:         /opt/teamcity
08-Mar-2019 08:45:12.490 INFO [main] org.apache.catalina.startup.VersionLoggerListener.log Command line argument: -XX:+UnlockExperimentalVMOptions
08-Mar-2019 08:45:12.490 INFO [main] org.apache.catalina.startup.VersionLoggerListener.log Command line argument: -XX:+UseCGroupMemoryLimitForHeap
08-Mar-2019 08:45:12.490 INFO [main] org.apache.catalina.startup.VersionLoggerListener.log Command line argument: -Djava.util.logging.config.file=/opt/teamcity/conf/logging.properties
08-Mar-2019 08:45:12.491 INFO [main] org.apache.catalina.startup.VersionLoggerListener.log Command line argument: -Djava.util.logging.manager=org.apache.juli.ClassLoaderLogManager
08-Mar-2019 08:45:12.491 INFO [main] org.apache.catalina.startup.VersionLoggerListener.log Command line argument: -Djdk.tls.ephemeralDHKeySize=2048
08-Mar-2019 08:45:12.491 INFO [main] org.apache.catalina.startup.VersionLoggerListener.log Command line argument: -Djava.protocol.handler.pkgs=org.apache.catalina.webresources
08-Mar-2019 08:45:12.491 INFO [main] org.apache.catalina.startup.VersionLoggerListener.log Command line argument: -Dorg.apache.catalina.security.SecurityListener.UMASK=0027
08-Mar-2019 08:45:12.491 INFO [main] org.apache.catalina.startup.VersionLoggerListener.log Command line argument: -Xmx512m
08-Mar-2019 08:45:12.491 INFO [main] org.apache.catalina.startup.VersionLoggerListener.log Command line argument: -Dteamcity.configuration.path=../conf/teamcity-startup.properties
08-Mar-2019 08:45:12.492 INFO [main] org.apache.catalina.startup.VersionLoggerListener.log Command line argument: -Dlog4j.configuration=file:/opt/teamcity/bin/../conf/teamcity-server-log4j.xml
08-Mar-2019 08:45:12.492 INFO [main] org.apache.catalina.startup.VersionLoggerListener.log Command line argument: -Dteamcity_logs=/opt/teamcity/bin/../logs
08-Mar-2019 08:45:12.492 INFO [main] org.apache.catalina.startup.VersionLoggerListener.log Command line argument: -Djava.awt.headless=true
08-Mar-2019 08:45:12.492 INFO [main] org.apache.catalina.startup.VersionLoggerListener.log Command line argument: -Dignore.endorsed.dirs=
08-Mar-2019 08:45:12.492 INFO [main] org.apache.catalina.startup.VersionLoggerListener.log Command line argument: -Dcatalina.base=/opt/teamcity
08-Mar-2019 08:45:12.492 INFO [main] org.apache.catalina.startup.VersionLoggerListener.log Command line argument: -Dcatalina.home=/opt/teamcity
08-Mar-2019 08:45:12.492 INFO [main] org.apache.catalina.startup.VersionLoggerListener.log Command line argument: -Djava.io.tmpdir=/opt/teamcity/temp
08-Mar-2019 08:45:12.492 INFO [main] org.apache.catalina.core.AprLifecycleListener.lifecycleEvent The APR based Apache Tomcat Native library which allows optimal performance in production environments was not found on the java.library.path: [/usr/java/packages/lib/amd64:/usr/lib64:/lib64:/lib:/usr/lib]
08-Mar-2019 08:45:12.595 INFO [main] org.apache.coyote.AbstractProtocol.init Initializing ProtocolHandler ["http-nio-8111"]
08-Mar-2019 08:45:12.610 INFO [main] org.apache.tomcat.util.net.NioSelectorPool.getSharedSelector Using a shared selector for servlet write/read
08-Mar-2019 08:45:12.618 INFO [main] org.apache.catalina.startup.Catalina.load Initialization processed in 523 ms
08-Mar-2019 08:45:12.640 INFO [main] org.apache.catalina.core.StandardService.startInternal Starting service [Catalina]
08-Mar-2019 08:45:12.641 INFO [main] org.apache.catalina.core.StandardEngine.startInternal Starting Servlet Engine: Apache Tomcat/8.5.37
08-Mar-2019 08:45:12.650 INFO [localhost-startStop-1] org.apache.catalina.startup.HostConfig.deployDirectory Deploying web application directory [/opt/teamcity/webapps/ROOT]
08-Mar-2019 08:45:16.569 INFO [localhost-startStop-1] org.apache.catalina.startup.HostConfig.deployDirectory Deployment of web application directory [/opt/teamcity/webapps/ROOT] has finished in [3,918] ms
08-Mar-2019 08:45:16.572 INFO [main] org.apache.coyote.AbstractProtocol.start Starting ProtocolHandler ["http-nio-8111"]
08-Mar-2019 08:45:16.615 INFO [main] org.apache.catalina.startup.Catalina.start Server startup in 3997 ms
08-Mar-2019 09:10:07.515 INFO [main] org.apache.catalina.startup.VersionLoggerListener.log Server version:        Apache Tomcat/8.5.37
08-Mar-2019 09:10:07.522 INFO [main] org.apache.catalina.startup.VersionLoggerListener.log Server built:          Dec 12 2018 12:07:02 UTC
08-Mar-2019 09:10:07.522 INFO [main] org.apache.catalina.startup.VersionLoggerListener.log Server number:         8.5.37.0
08-Mar-2019 09:10:07.522 INFO [main] org.apache.catalina.startup.VersionLoggerListener.log OS Name:               Linux
08-Mar-2019 09:10:07.523 INFO [main] org.apache.catalina.startup.VersionLoggerListener.log OS Version:            4.9.125-linuxkit
08-Mar-2019 09:10:07.523 INFO [main] org.apache.catalina.startup.VersionLoggerListener.log Architecture:          amd64
08-Mar-2019 09:10:07.523 INFO [main] org.apache.catalina.startup.VersionLoggerListener.log Java Home:             /opt/java/openjdk/jre
08-Mar-2019 09:10:07.524 INFO [main] org.apache.catalina.startup.VersionLoggerListener.log JVM Version:           1.8.0_192-b12
08-Mar-2019 09:10:07.524 INFO [main] org.apache.catalina.startup.VersionLoggerListener.log JVM Vendor:            Oracle Corporation
08-Mar-2019 09:10:07.525 INFO [main] org.apache.catalina.startup.VersionLoggerListener.log CATALINA_BASE:         /opt/teamcity
08-Mar-2019 09:10:07.525 INFO [main] org.apache.catalina.startup.VersionLoggerListener.log CATALINA_HOME:         /opt/teamcity
08-Mar-2019 09:10:07.526 INFO [main] org.apache.catalina.startup.VersionLoggerListener.log Command line argument: -XX:+UnlockExperimentalVMOptions
08-Mar-2019 09:10:07.526 INFO [main] org.apache.catalina.startup.VersionLoggerListener.log Command line argument: -XX:+UseCGroupMemoryLimitForHeap
08-Mar-2019 09:10:07.526 INFO [main] org.apache.catalina.startup.VersionLoggerListener.log Command line argument: -Djava.util.logging.config.file=/opt/teamcity/conf/logging.properties
08-Mar-2019 09:10:07.526 INFO [main] org.apache.catalina.startup.VersionLoggerListener.log Command line argument: -Djava.util.logging.manager=org.apache.juli.ClassLoaderLogManager
08-Mar-2019 09:10:07.527 INFO [main] org.apache.catalina.startup.VersionLoggerListener.log Command line argument: -Djdk.tls.ephemeralDHKeySize=2048
08-Mar-2019 09:10:07.527 INFO [main] org.apache.catalina.startup.VersionLoggerListener.log Command line argument: -Djava.protocol.handler.pkgs=org.apache.catalina.webresources
08-Mar-2019 09:10:07.527 INFO [main] org.apache.catalina.startup.VersionLoggerListener.log Command line argument: -Dorg.apache.catalina.security.SecurityListener.UMASK=0027
08-Mar-2019 09:10:07.528 INFO [main] org.apache.catalina.startup.VersionLoggerListener.log Command line argument: -Xmx512m
08-Mar-2019 09:10:07.528 INFO [main] org.apache.catalina.startup.VersionLoggerListener.log Command line argument: -Dteamcity.configuration.path=../conf/teamcity-startup.properties
08-Mar-2019 09:10:07.529 INFO [main] org.apache.catalina.startup.VersionLoggerListener.log Command line argument: -Dlog4j.configuration=file:/opt/teamcity/bin/../conf/teamcity-server-log4j.xml
08-Mar-2019 09:10:07.529 INFO [main] org.apache.catalina.startup.VersionLoggerListener.log Command line argument: -Dteamcity_logs=/opt/teamcity/bin/../logs
08-Mar-2019 09:10:07.529 INFO [main] org.apache.catalina.startup.VersionLoggerListener.log Command line argument: -Djava.awt.headless=true
08-Mar-2019 09:10:07.530 INFO [main] org.apache.catalina.startup.VersionLoggerListener.log Command line argument: -Dignore.endorsed.dirs=
08-Mar-2019 09:10:07.530 INFO [main] org.apache.catalina.startup.VersionLoggerListener.log Command line argument: -Dcatalina.base=/opt/teamcity
08-Mar-2019 09:10:07.530 INFO [main] org.apache.catalina.startup.VersionLoggerListener.log Command line argument: -Dcatalina.home=/opt/teamcity
08-Mar-2019 09:10:07.530 INFO [main] org.apache.catalina.startup.VersionLoggerListener.log Command line argument: -Djava.io.tmpdir=/opt/teamcity/temp
08-Mar-2019 09:10:07.531 INFO [main] org.apache.catalina.core.AprLifecycleListener.lifecycleEvent The APR based Apache Tomcat Native library which allows optimal performance in production environments was not found on the java.library.path: [/usr/java/packages/lib/amd64:/usr/lib64:/lib64:/lib:/usr/lib]
08-Mar-2019 09:10:07.691 INFO [main] org.apache.coyote.AbstractProtocol.init Initializing ProtocolHandler ["http-nio-8111"]
08-Mar-2019 09:10:07.711 INFO [main] org.apache.tomcat.util.net.NioSelectorPool.getSharedSelector Using a shared selector for servlet write/read
08-Mar-2019 09:10:07.727 INFO [main] org.apache.catalina.startup.Catalina.load Initialization processed in 724 ms
08-Mar-2019 09:10:07.753 INFO [main] org.apache.catalina.core.StandardService.startInternal Starting service [Catalina]
08-Mar-2019 09:10:07.753 INFO [main] org.apache.catalina.core.StandardEngine.startInternal Starting Servlet Engine: Apache Tomcat/8.5.37
08-Mar-2019 09:10:07.762 INFO [localhost-startStop-1] org.apache.catalina.startup.HostConfig.deployDirectory Deploying web application directory [/opt/teamcity/webapps/ROOT]
08-Mar-2019 09:10:12.640 INFO [localhost-startStop-1] org.apache.catalina.startup.HostConfig.deployDirectory Deployment of web application directory [/opt/teamcity/webapps/ROOT] has finished in [4,876] ms
08-Mar-2019 09:10:12.646 INFO [main] org.apache.coyote.AbstractProtocol.start Starting ProtocolHandler ["http-nio-8111"]
08-Mar-2019 09:10:12.678 INFO [main] org.apache.catalina.startup.Catalina.start Server startup in 4950 ms
