[2019-03-08 01:40:14,188]   INFO [id: MAIN_SERVER] - rver.server.rest.APIController - Listening for paths [/app/rest/8.0, /app/rest/8.1] in plugin 'rest-api-8.1'
[2019-03-08 01:40:14,193]   INFO [id: MAIN_SERVER] - est.APIController/rest-api-9.1 - Listening for paths [/app/rest/9.1] in plugin 'rest-api-9.1'
[2019-03-08 01:40:14,197]   INFO [id: MAIN_SERVER] - .APIController/rest-api-2017.2 - Listening for paths [/app/rest/2017.2] in plugin 'rest-api-2017.2'
[2019-03-08 01:40:14,201]   INFO [id: MAIN_SERVER] - er.rest.APIController/rest-api - Listening for paths [/app/rest/2018.1, /app/rest, /app/rest/latest, /api] in plugin 'rest-api'
[2019-03-08 01:40:14,215]   INFO [id: MAIN_SERVER] - .APIController/rest-api-2017.1 - Listening for paths [/app/rest/2017.1, /app/rest/10.0] in plugin 'rest-api-2017.1'
[2019-03-08 01:40:14,221]   INFO [id: MAIN_SERVER] - est.APIController/rest-api-9.0 - Listening for paths [/app/rest/9.0] in plugin 'rest-api-9.0'
[2019-03-08 01:40:14,251]   INFO [I initializer 1] - ResourceConfig/rest-api-2017.2 - Packages registered by rest extensions: [jetbrains.buildServer.server.restcontrib]
[2019-03-08 01:40:14,265]   INFO [in 'rest-api' 1] - nsAwareResourceConfig/rest-api - Packages registered by rest extensions: [jetbrains.buildServer.server.restcontrib]
[2019-03-08 01:40:14,271]   INFO [I initializer 1] - ResourceConfig/rest-api-2017.1 - Packages registered by rest extensions: [jetbrains.buildServer.server.restcontrib]
[2019-03-08 01:40:14,795]   INFO [I initializer 1] - ResourceConfig/rest-api-2017.2 - Root resource classes found:
  class jetbrains.buildServer.server.rest.request.BuildRequest
  class jetbrains.buildServer.server.rest.request.GroupRequest
  class jetbrains.buildServer.server.rest.request.UserRequest
  class jetbrains.buildServer.server.rest.request.BuildQueueRequest
  class jetbrains.buildServer.server.rest.request.ChangeRequest
  class jetbrains.buildServer.server.rest.request.MuteRequest
  class jetbrains.buildServer.server.rest.request.ProblemOccurrenceRequest
  class jetbrains.buildServer.server.rest.request.BuildTypeRequest
  class jetbrains.buildServer.server.restcontrib.cctray.request.CCTrayRequest
  class jetbrains.buildServer.server.rest.request.AgentRequest
  class jetbrains.buildServer.server.rest.request.RootApiRequest
  class jetbrains.buildServer.server.rest.request.TestOccurrenceRequest
  class jetbrains.buildServer.server.rest.request.VcsRootRequest
  class jetbrains.buildServer.server.rest.request.AgentPoolRequest
  class jetbrains.buildServer.server.rest.request.InvestigationRequest
  class jetbrains.buildServer.server.rest.request.ProjectRequest
  class jetbrains.buildServer.server.rest.request.VcsRootInstanceRequest
  class jetbrains.buildServer.server.rest.request.DebugRequest
  class jetbrains.buildServer.server.rest.request.ProblemRequest
  class jetbrains.buildServer.server.rest.request.FederationRequest
  class jetbrains.buildServer.server.rest.request.TestRequest
  class jetbrains.buildServer.server.rest.request.ServerRequest
  class jetbrains.buildServer.server.rest.swagger.SwaggerResource
[2019-03-08 01:40:14,795]   INFO [I initializer 1] - ResourceConfig/rest-api-2017.2 - Provider classes found:
  class jetbrains.buildServer.server.rest.swagger.SwaggerSerializers
  class jetbrains.buildServer.server.rest.swagger.SwaggerConfigProvider
  class jetbrains.buildServer.server.rest.swagger.SwaggerReaderConfigProvider
[2019-03-08 01:40:14,901]   INFO [I initializer 1] - ResourceConfig/rest-api-2017.1 - Root resource classes found:
  class jetbrains.buildServer.server.rest.request.ServerRequest
  class jetbrains.buildServer.server.rest.request.BuildRequest
  class jetbrains.buildServer.server.rest.request.GroupRequest
  class jetbrains.buildServer.server.rest.request.ProblemOccurrenceRequest
  class jetbrains.buildServer.server.rest.request.TestRequest
  class jetbrains.buildServer.server.rest.request.BuildTypeRequest
  class jetbrains.buildServer.server.restcontrib.cctray.request.CCTrayRequest
  class jetbrains.buildServer.server.rest.request.RootApiRequest
  class jetbrains.buildServer.server.rest.request.VcsRootRequest
  class jetbrains.buildServer.server.rest.request.TestOccurrenceRequest
  class jetbrains.buildServer.server.rest.swagger.SwaggerResource
  class jetbrains.buildServer.server.rest.request.ProblemRequest
  class jetbrains.buildServer.server.rest.request.ChangeRequest
  class jetbrains.buildServer.server.rest.request.UserRequest
  class jetbrains.buildServer.server.rest.request.AgentPoolRequest
  class jetbrains.buildServer.server.rest.request.AgentRequest
  class jetbrains.buildServer.server.rest.request.MuteRequest
  class jetbrains.buildServer.server.rest.request.DebugRequest
  class jetbrains.buildServer.server.rest.request.BuildQueueRequest
  class jetbrains.buildServer.server.rest.request.FederationRequest
  class jetbrains.buildServer.server.rest.request.ProjectRequest
  class jetbrains.buildServer.server.rest.request.InvestigationRequest
  class jetbrains.buildServer.server.rest.request.VcsRootInstanceRequest
[2019-03-08 01:40:14,903]   INFO [I initializer 1] - ResourceConfig/rest-api-2017.1 - Provider classes found:
  class jetbrains.buildServer.server.rest.swagger.SwaggerConfigProvider
  class jetbrains.buildServer.server.rest.swagger.SwaggerReaderConfigProvider
  class jetbrains.buildServer.server.rest.swagger.SwaggerSerializers
[2019-03-08 01:40:14,921]   INFO [in 'rest-api' 1] - nsAwareResourceConfig/rest-api - Root resource classes found:
  class jetbrains.buildServer.server.rest.request.BuildQueueRequest
  class jetbrains.buildServer.server.rest.request.TestOccurrenceRequest
  class jetbrains.buildServer.server.rest.swagger.SwaggerResource
  class jetbrains.buildServer.server.rest.request.AgentRequest
  class jetbrains.buildServer.server.rest.request.ServerRequest
  class jetbrains.buildServer.server.rest.request.AgentPoolRequest
  class jetbrains.buildServer.server.rest.request.InvestigationRequest
  class jetbrains.buildServer.server.rest.request.ProjectRequest
  class jetbrains.buildServer.server.rest.request.VcsRootRequest
  class jetbrains.buildServer.server.rest.request.ProblemOccurrenceRequest
  class jetbrains.buildServer.server.rest.request.BuildRequest
  class jetbrains.buildServer.server.rest.request.BuildTypeRequest
  class jetbrains.buildServer.server.rest.request.MuteRequest
  class jetbrains.buildServer.server.rest.request.ProblemRequest
  class jetbrains.buildServer.server.restcontrib.cctray.request.CCTrayRequest
  class jetbrains.buildServer.server.rest.request.GroupRequest
  class jetbrains.buildServer.server.rest.request.UserRequest
  class jetbrains.buildServer.server.rest.request.RootApiRequest
  class jetbrains.buildServer.server.rest.request.ChangeRequest
  class jetbrains.buildServer.server.rest.request.TestRequest
  class jetbrains.buildServer.server.rest.request.VcsRootInstanceRequest
  class jetbrains.buildServer.server.rest.request.FederationRequest
  class jetbrains.buildServer.server.rest.request.DebugRequest
[2019-03-08 01:40:14,942]   INFO [in 'rest-api' 1] - nsAwareResourceConfig/rest-api - Provider classes found:
  class jetbrains.buildServer.server.rest.swagger.SwaggerSerializers
  class jetbrains.buildServer.server.rest.swagger.SwaggerConfigProvider
  class jetbrains.buildServer.server.rest.swagger.SwaggerReaderConfigProvider
[2019-03-08 01:44:48,602]   INFO [id: MAIN_SERVER] - est.APIController/rest-api-9.0 - Listening for paths [/app/rest/9.0] in plugin 'rest-api-9.0'
[2019-03-08 01:44:48,606]   INFO [id: MAIN_SERVER] - rver.server.rest.APIController - Listening for paths [/app/rest/8.0, /app/rest/8.1] in plugin 'rest-api-8.1'
[2019-03-08 01:44:48,607]   INFO [id: MAIN_SERVER] - est.APIController/rest-api-9.1 - Listening for paths [/app/rest/9.1] in plugin 'rest-api-9.1'
[2019-03-08 01:44:48,615]   INFO [id: MAIN_SERVER] - er.rest.APIController/rest-api - Listening for paths [/app/rest/2018.1, /app/rest, /app/rest/latest, /api] in plugin 'rest-api'
[2019-03-08 01:44:48,617]   INFO [id: MAIN_SERVER] - .APIController/rest-api-2017.2 - Listening for paths [/app/rest/2017.2] in plugin 'rest-api-2017.2'
[2019-03-08 01:44:48,630]   INFO [id: MAIN_SERVER] - .APIController/rest-api-2017.1 - Listening for paths [/app/rest/2017.1, /app/rest/10.0] in plugin 'rest-api-2017.1'
[2019-03-08 01:44:48,649]   INFO [in 'rest-api' 1] - nsAwareResourceConfig/rest-api - Packages registered by rest extensions: [jetbrains.buildServer.server.restcontrib]
[2019-03-08 01:44:48,665]   INFO [I initializer 1] - ResourceConfig/rest-api-2017.1 - Packages registered by rest extensions: [jetbrains.buildServer.server.restcontrib]
[2019-03-08 01:44:48,705]   INFO [I initializer 1] - ResourceConfig/rest-api-2017.2 - Packages registered by rest extensions: [jetbrains.buildServer.server.restcontrib]
[2019-03-08 01:44:49,088]   INFO [I initializer 1] - ResourceConfig/rest-api-2017.1 - Root resource classes found:
  class jetbrains.buildServer.server.rest.request.UserRequest
  class jetbrains.buildServer.server.rest.request.BuildRequest
  class jetbrains.buildServer.server.rest.request.ServerRequest
  class jetbrains.buildServer.server.rest.request.BuildTypeRequest
  class jetbrains.buildServer.server.rest.request.ProblemRequest
  class jetbrains.buildServer.server.rest.request.RootApiRequest
  class jetbrains.buildServer.server.rest.request.VcsRootRequest
  class jetbrains.buildServer.server.rest.request.FederationRequest
  class jetbrains.buildServer.server.rest.request.BuildQueueRequest
  class jetbrains.buildServer.server.rest.request.ProjectRequest
  class jetbrains.buildServer.server.rest.request.InvestigationRequest
  class jetbrains.buildServer.server.restcontrib.cctray.request.CCTrayRequest
  class jetbrains.buildServer.server.rest.request.DebugRequest
  class jetbrains.buildServer.server.rest.request.ProblemOccurrenceRequest
  class jetbrains.buildServer.server.rest.request.AgentPoolRequest
  class jetbrains.buildServer.server.rest.request.VcsRootInstanceRequest
  class jetbrains.buildServer.server.rest.request.MuteRequest
  class jetbrains.buildServer.server.rest.request.ChangeRequest
  class jetbrains.buildServer.server.rest.request.TestOccurrenceRequest
  class jetbrains.buildServer.server.rest.request.GroupRequest
  class jetbrains.buildServer.server.rest.request.AgentRequest
  class jetbrains.buildServer.server.rest.request.TestRequest
  class jetbrains.buildServer.server.rest.swagger.SwaggerResource
[2019-03-08 01:44:49,089]   INFO [I initializer 1] - ResourceConfig/rest-api-2017.1 - Provider classes found:
  class jetbrains.buildServer.server.rest.swagger.SwaggerSerializers
  class jetbrains.buildServer.server.rest.swagger.SwaggerConfigProvider
  class jetbrains.buildServer.server.rest.swagger.SwaggerReaderConfigProvider
[2019-03-08 01:44:49,146]   INFO [in 'rest-api' 1] - nsAwareResourceConfig/rest-api - Root resource classes found:
  class jetbrains.buildServer.server.rest.request.ProblemOccurrenceRequest
  class jetbrains.buildServer.server.rest.request.BuildRequest
  class jetbrains.buildServer.server.rest.request.RootApiRequest
  class jetbrains.buildServer.server.rest.request.ChangeRequest
  class jetbrains.buildServer.server.rest.request.VcsRootRequest
  class jetbrains.buildServer.server.rest.request.FederationRequest
  class jetbrains.buildServer.server.rest.request.AgentRequest
  class jetbrains.buildServer.server.rest.request.GroupRequest
  class jetbrains.buildServer.server.rest.request.InvestigationRequest
  class jetbrains.buildServer.server.rest.request.MuteRequest
  class jetbrains.buildServer.server.rest.request.ProjectRequest
  class jetbrains.buildServer.server.restcontrib.cctray.request.CCTrayRequest
  class jetbrains.buildServer.server.rest.request.TestRequest
  class jetbrains.buildServer.server.rest.swagger.SwaggerResource
  class jetbrains.buildServer.server.rest.request.TestOccurrenceRequest
  class jetbrains.buildServer.server.rest.request.VcsRootInstanceRequest
  class jetbrains.buildServer.server.rest.request.AgentPoolRequest
  class jetbrains.buildServer.server.rest.request.BuildTypeRequest
  class jetbrains.buildServer.server.rest.request.ServerRequest
  class jetbrains.buildServer.server.rest.request.BuildQueueRequest
  class jetbrains.buildServer.server.rest.request.DebugRequest
  class jetbrains.buildServer.server.rest.request.ProblemRequest
  class jetbrains.buildServer.server.rest.request.UserRequest
[2019-03-08 01:44:49,149]   INFO [in 'rest-api' 1] - nsAwareResourceConfig/rest-api - Provider classes found:
  class jetbrains.buildServer.server.rest.swagger.SwaggerSerializers
  class jetbrains.buildServer.server.rest.swagger.SwaggerReaderConfigProvider
  class jetbrains.buildServer.server.rest.swagger.SwaggerConfigProvider
[2019-03-08 01:44:49,161]   INFO [I initializer 1] - ResourceConfig/rest-api-2017.2 - Root resource classes found:
  class jetbrains.buildServer.server.rest.request.AgentPoolRequest
  class jetbrains.buildServer.server.rest.request.BuildRequest
  class jetbrains.buildServer.server.rest.request.ProblemOccurrenceRequest
  class jetbrains.buildServer.server.rest.swagger.SwaggerResource
  class jetbrains.buildServer.server.rest.request.GroupRequest
  class jetbrains.buildServer.server.rest.request.VcsRootRequest
  class jetbrains.buildServer.server.restcontrib.cctray.request.CCTrayRequest
  class jetbrains.buildServer.server.rest.request.AgentRequest
  class jetbrains.buildServer.server.rest.request.UserRequest
  class jetbrains.buildServer.server.rest.request.MuteRequest
  class jetbrains.buildServer.server.rest.request.RootApiRequest
  class jetbrains.buildServer.server.rest.request.TestOccurrenceRequest
  class jetbrains.buildServer.server.rest.request.FederationRequest
  class jetbrains.buildServer.server.rest.request.BuildQueueRequest
  class jetbrains.buildServer.server.rest.request.InvestigationRequest
  class jetbrains.buildServer.server.rest.request.BuildTypeRequest
  class jetbrains.buildServer.server.rest.request.DebugRequest
  class jetbrains.buildServer.server.rest.request.ChangeRequest
  class jetbrains.buildServer.server.rest.request.VcsRootInstanceRequest
  class jetbrains.buildServer.server.rest.request.ProjectRequest
  class jetbrains.buildServer.server.rest.request.ServerRequest
  class jetbrains.buildServer.server.rest.request.TestRequest
  class jetbrains.buildServer.server.rest.request.ProblemRequest
[2019-03-08 01:44:49,162]   INFO [I initializer 1] - ResourceConfig/rest-api-2017.2 - Provider classes found:
  class jetbrains.buildServer.server.rest.swagger.SwaggerReaderConfigProvider
  class jetbrains.buildServer.server.rest.swagger.SwaggerSerializers
  class jetbrains.buildServer.server.rest.swagger.SwaggerConfigProvider
[2019-03-08 02:34:47,738]   INFO [id: MAIN_SERVER] - est.APIController/rest-api-9.1 - Listening for paths [/app/rest/9.1] in plugin 'rest-api-9.1'
[2019-03-08 02:34:47,748]   INFO [id: MAIN_SERVER] - rver.server.rest.APIController - Listening for paths [/app/rest/8.0, /app/rest/8.1] in plugin 'rest-api-8.1'
[2019-03-08 02:34:47,750]   INFO [id: MAIN_SERVER] - est.APIController/rest-api-9.0 - Listening for paths [/app/rest/9.0] in plugin 'rest-api-9.0'
[2019-03-08 02:34:47,751]   INFO [id: MAIN_SERVER] - .APIController/rest-api-2017.1 - Listening for paths [/app/rest/2017.1, /app/rest/10.0] in plugin 'rest-api-2017.1'
[2019-03-08 02:34:47,759]   INFO [id: MAIN_SERVER] - er.rest.APIController/rest-api - Listening for paths [/app/rest/2018.1, /app/rest, /app/rest/latest, /api] in plugin 'rest-api'
[2019-03-08 02:34:47,769]   INFO [id: MAIN_SERVER] - .APIController/rest-api-2017.2 - Listening for paths [/app/rest/2017.2] in plugin 'rest-api-2017.2'
[2019-03-08 02:34:47,780]   INFO [I initializer 1] - ResourceConfig/rest-api-2017.1 - Packages registered by rest extensions: [jetbrains.buildServer.server.restcontrib]
[2019-03-08 02:34:47,838]   INFO [I initializer 1] - ResourceConfig/rest-api-2017.2 - Packages registered by rest extensions: [jetbrains.buildServer.server.restcontrib]
[2019-03-08 02:34:47,875]   INFO [in 'rest-api' 1] - nsAwareResourceConfig/rest-api - Packages registered by rest extensions: [jetbrains.buildServer.server.restcontrib]
[2019-03-08 02:34:48,351]   INFO [I initializer 1] - ResourceConfig/rest-api-2017.1 - Root resource classes found:
  class jetbrains.buildServer.server.rest.request.AgentRequest
  class jetbrains.buildServer.server.rest.request.AgentPoolRequest
  class jetbrains.buildServer.server.rest.request.DebugRequest
  class jetbrains.buildServer.server.rest.request.MuteRequest
  class jetbrains.buildServer.server.rest.request.BuildRequest
  class jetbrains.buildServer.server.rest.request.BuildQueueRequest
  class jetbrains.buildServer.server.rest.swagger.SwaggerResource
  class jetbrains.buildServer.server.rest.request.RootApiRequest
  class jetbrains.buildServer.server.rest.request.TestRequest
  class jetbrains.buildServer.server.rest.request.VcsRootInstanceRequest
  class jetbrains.buildServer.server.rest.request.UserRequest
  class jetbrains.buildServer.server.rest.request.FederationRequest
  class jetbrains.buildServer.server.rest.request.ChangeRequest
  class jetbrains.buildServer.server.rest.request.ServerRequest
  class jetbrains.buildServer.server.rest.request.TestOccurrenceRequest
  class jetbrains.buildServer.server.rest.request.BuildTypeRequest
  class jetbrains.buildServer.server.restcontrib.cctray.request.CCTrayRequest
  class jetbrains.buildServer.server.rest.request.ProjectRequest
  class jetbrains.buildServer.server.rest.request.ProblemRequest
  class jetbrains.buildServer.server.rest.request.InvestigationRequest
  class jetbrains.buildServer.server.rest.request.ProblemOccurrenceRequest
  class jetbrains.buildServer.server.rest.request.GroupRequest
  class jetbrains.buildServer.server.rest.request.VcsRootRequest
[2019-03-08 02:34:48,357]   INFO [I initializer 1] - ResourceConfig/rest-api-2017.1 - Provider classes found:
  class jetbrains.buildServer.server.rest.swagger.SwaggerConfigProvider
  class jetbrains.buildServer.server.rest.swagger.SwaggerReaderConfigProvider
  class jetbrains.buildServer.server.rest.swagger.SwaggerSerializers
[2019-03-08 02:34:48,366]   INFO [I initializer 1] - ResourceConfig/rest-api-2017.2 - Root resource classes found:
  class jetbrains.buildServer.server.rest.request.VcsRootInstanceRequest
  class jetbrains.buildServer.server.rest.request.BuildQueueRequest
  class jetbrains.buildServer.server.rest.request.MuteRequest
  class jetbrains.buildServer.server.rest.request.TestRequest
  class jetbrains.buildServer.server.rest.request.DebugRequest
  class jetbrains.buildServer.server.rest.request.ServerRequest
  class jetbrains.buildServer.server.rest.request.AgentRequest
  class jetbrains.buildServer.server.rest.request.BuildRequest
  class jetbrains.buildServer.server.rest.request.VcsRootRequest
  class jetbrains.buildServer.server.restcontrib.cctray.request.CCTrayRequest
  class jetbrains.buildServer.server.rest.request.InvestigationRequest
  class jetbrains.buildServer.server.rest.request.RootApiRequest
  class jetbrains.buildServer.server.rest.request.TestOccurrenceRequest
  class jetbrains.buildServer.server.rest.request.UserRequest
  class jetbrains.buildServer.server.rest.request.BuildTypeRequest
  class jetbrains.buildServer.server.rest.swagger.SwaggerResource
  class jetbrains.buildServer.server.rest.request.AgentPoolRequest
  class jetbrains.buildServer.server.rest.request.GroupRequest
  class jetbrains.buildServer.server.rest.request.FederationRequest
  class jetbrains.buildServer.server.rest.request.ProblemOccurrenceRequest
  class jetbrains.buildServer.server.rest.request.ProblemRequest
  class jetbrains.buildServer.server.rest.request.ProjectRequest
  class jetbrains.buildServer.server.rest.request.ChangeRequest
[2019-03-08 02:34:48,368]   INFO [I initializer 1] - ResourceConfig/rest-api-2017.2 - Provider classes found:
  class jetbrains.buildServer.server.rest.swagger.SwaggerConfigProvider
  class jetbrains.buildServer.server.rest.swagger.SwaggerReaderConfigProvider
  class jetbrains.buildServer.server.rest.swagger.SwaggerSerializers
[2019-03-08 02:34:48,486]   INFO [in 'rest-api' 1] - nsAwareResourceConfig/rest-api - Root resource classes found:
  class jetbrains.buildServer.server.restcontrib.cctray.request.CCTrayRequest
  class jetbrains.buildServer.server.rest.swagger.SwaggerResource
  class jetbrains.buildServer.server.rest.request.BuildQueueRequest
  class jetbrains.buildServer.server.rest.request.FederationRequest
  class jetbrains.buildServer.server.rest.request.TestRequest
  class jetbrains.buildServer.server.rest.request.ProblemOccurrenceRequest
  class jetbrains.buildServer.server.rest.request.VcsRootRequest
  class jetbrains.buildServer.server.rest.request.DebugRequest
  class jetbrains.buildServer.server.rest.request.GroupRequest
  class jetbrains.buildServer.server.rest.request.UserRequest
  class jetbrains.buildServer.server.rest.request.InvestigationRequest
  class jetbrains.buildServer.server.rest.request.ProjectRequest
  class jetbrains.buildServer.server.rest.request.AgentRequest
  class jetbrains.buildServer.server.rest.request.AgentPoolRequest
  class jetbrains.buildServer.server.rest.request.ChangeRequest
  class jetbrains.buildServer.server.rest.request.ProblemRequest
  class jetbrains.buildServer.server.rest.request.ServerRequest
  class jetbrains.buildServer.server.rest.request.TestOccurrenceRequest
  class jetbrains.buildServer.server.rest.request.RootApiRequest
  class jetbrains.buildServer.server.rest.request.BuildRequest
  class jetbrains.buildServer.server.rest.request.MuteRequest
  class jetbrains.buildServer.server.rest.request.VcsRootInstanceRequest
  class jetbrains.buildServer.server.rest.request.BuildTypeRequest
[2019-03-08 02:34:48,490]   INFO [in 'rest-api' 1] - nsAwareResourceConfig/rest-api - Provider classes found:
  class jetbrains.buildServer.server.rest.swagger.SwaggerReaderConfigProvider
  class jetbrains.buildServer.server.rest.swagger.SwaggerConfigProvider
  class jetbrains.buildServer.server.rest.swagger.SwaggerSerializers
[2019-03-08 02:41:07,627]   INFO [id: MAIN_SERVER] - est.APIController/rest-api-9.0 - Listening for paths [/app/rest/9.0] in plugin 'rest-api-9.0'
[2019-03-08 02:41:07,633]   INFO [id: MAIN_SERVER] - .APIController/rest-api-2017.2 - Listening for paths [/app/rest/2017.2] in plugin 'rest-api-2017.2'
[2019-03-08 02:41:07,639]   INFO [id: MAIN_SERVER] - er.rest.APIController/rest-api - Listening for paths [/app/rest/2018.1, /app/rest, /app/rest/latest, /api] in plugin 'rest-api'
[2019-03-08 02:41:07,641]   INFO [id: MAIN_SERVER] - est.APIController/rest-api-9.1 - Listening for paths [/app/rest/9.1] in plugin 'rest-api-9.1'
[2019-03-08 02:41:07,650]   INFO [id: MAIN_SERVER] - .APIController/rest-api-2017.1 - Listening for paths [/app/rest/2017.1, /app/rest/10.0] in plugin 'rest-api-2017.1'
[2019-03-08 02:41:07,666]   INFO [id: MAIN_SERVER] - rver.server.rest.APIController - Listening for paths [/app/rest/8.0, /app/rest/8.1] in plugin 'rest-api-8.1'
[2019-03-08 02:41:07,684]   INFO [I initializer 1] - ResourceConfig/rest-api-2017.2 - Packages registered by rest extensions: [jetbrains.buildServer.server.restcontrib]
[2019-03-08 02:41:07,704]   INFO [in 'rest-api' 1] - nsAwareResourceConfig/rest-api - Packages registered by rest extensions: [jetbrains.buildServer.server.restcontrib]
[2019-03-08 02:41:07,716]   INFO [I initializer 1] - ResourceConfig/rest-api-2017.1 - Packages registered by rest extensions: [jetbrains.buildServer.server.restcontrib]
[2019-03-08 02:41:08,258]   INFO [I initializer 1] - ResourceConfig/rest-api-2017.1 - Root resource classes found:
  class jetbrains.buildServer.server.rest.request.VcsRootRequest
  class jetbrains.buildServer.server.rest.request.MuteRequest
  class jetbrains.buildServer.server.rest.request.AgentPoolRequest
  class jetbrains.buildServer.server.rest.request.InvestigationRequest
  class jetbrains.buildServer.server.rest.request.ProblemRequest
  class jetbrains.buildServer.server.rest.request.BuildRequest
  class jetbrains.buildServer.server.rest.request.GroupRequest
  class jetbrains.buildServer.server.rest.request.ChangeRequest
  class jetbrains.buildServer.server.rest.request.ServerRequest
  class jetbrains.buildServer.server.rest.request.BuildQueueRequest
  class jetbrains.buildServer.server.rest.request.BuildTypeRequest
  class jetbrains.buildServer.server.rest.request.DebugRequest
  class jetbrains.buildServer.server.rest.request.UserRequest
  class jetbrains.buildServer.server.rest.request.TestOccurrenceRequest
  class jetbrains.buildServer.server.rest.request.FederationRequest
  class jetbrains.buildServer.server.rest.request.VcsRootInstanceRequest
  class jetbrains.buildServer.server.rest.request.ProblemOccurrenceRequest
  class jetbrains.buildServer.server.rest.request.TestRequest
  class jetbrains.buildServer.server.rest.swagger.SwaggerResource
  class jetbrains.buildServer.server.restcontrib.cctray.request.CCTrayRequest
  class jetbrains.buildServer.server.rest.request.ProjectRequest
  class jetbrains.buildServer.server.rest.request.AgentRequest
  class jetbrains.buildServer.server.rest.request.RootApiRequest
[2019-03-08 02:41:08,269]   INFO [I initializer 1] - ResourceConfig/rest-api-2017.1 - Provider classes found:
  class jetbrains.buildServer.server.rest.swagger.SwaggerReaderConfigProvider
  class jetbrains.buildServer.server.rest.swagger.SwaggerConfigProvider
  class jetbrains.buildServer.server.rest.swagger.SwaggerSerializers
[2019-03-08 02:41:08,348]   INFO [I initializer 1] - ResourceConfig/rest-api-2017.2 - Root resource classes found:
  class jetbrains.buildServer.server.rest.request.ServerRequest
  class jetbrains.buildServer.server.rest.request.AgentPoolRequest
  class jetbrains.buildServer.server.rest.request.AgentRequest
  class jetbrains.buildServer.server.rest.request.ProblemRequest
  class jetbrains.buildServer.server.rest.request.ProblemOccurrenceRequest
  class jetbrains.buildServer.server.rest.request.BuildQueueRequest
  class jetbrains.buildServer.server.rest.request.ChangeRequest
  class jetbrains.buildServer.server.rest.request.UserRequest
  class jetbrains.buildServer.server.restcontrib.cctray.request.CCTrayRequest
  class jetbrains.buildServer.server.rest.request.FederationRequest
  class jetbrains.buildServer.server.rest.swagger.SwaggerResource
  class jetbrains.buildServer.server.rest.request.DebugRequest
  class jetbrains.buildServer.server.rest.request.ProjectRequest
  class jetbrains.buildServer.server.rest.request.TestOccurrenceRequest
  class jetbrains.buildServer.server.rest.request.BuildTypeRequest
  class jetbrains.buildServer.server.rest.request.GroupRequest
  class jetbrains.buildServer.server.rest.request.InvestigationRequest
  class jetbrains.buildServer.server.rest.request.MuteRequest
  class jetbrains.buildServer.server.rest.request.BuildRequest
  class jetbrains.buildServer.server.rest.request.TestRequest
  class jetbrains.buildServer.server.rest.request.RootApiRequest
  class jetbrains.buildServer.server.rest.request.VcsRootInstanceRequest
  class jetbrains.buildServer.server.rest.request.VcsRootRequest
[2019-03-08 02:41:08,350]   INFO [I initializer 1] - ResourceConfig/rest-api-2017.2 - Provider classes found:
  class jetbrains.buildServer.server.rest.swagger.SwaggerConfigProvider
  class jetbrains.buildServer.server.rest.swagger.SwaggerReaderConfigProvider
  class jetbrains.buildServer.server.rest.swagger.SwaggerSerializers
[2019-03-08 02:41:08,371]   INFO [in 'rest-api' 1] - nsAwareResourceConfig/rest-api - Root resource classes found:
  class jetbrains.buildServer.server.rest.request.BuildQueueRequest
  class jetbrains.buildServer.server.restcontrib.cctray.request.CCTrayRequest
  class jetbrains.buildServer.server.rest.request.FederationRequest
  class jetbrains.buildServer.server.rest.request.GroupRequest
  class jetbrains.buildServer.server.rest.request.VcsRootRequest
  class jetbrains.buildServer.server.rest.request.BuildRequest
  class jetbrains.buildServer.server.rest.request.BuildTypeRequest
  class jetbrains.buildServer.server.rest.request.ServerRequest
  class jetbrains.buildServer.server.rest.request.InvestigationRequest
  class jetbrains.buildServer.server.rest.request.AgentPoolRequest
  class jetbrains.buildServer.server.rest.request.VcsRootInstanceRequest
  class jetbrains.buildServer.server.rest.request.UserRequest
  class jetbrains.buildServer.server.rest.request.AgentRequest
  class jetbrains.buildServer.server.rest.request.ProjectRequest
  class jetbrains.buildServer.server.rest.request.ChangeRequest
  class jetbrains.buildServer.server.rest.request.ProblemRequest
  class jetbrains.buildServer.server.rest.request.MuteRequest
  class jetbrains.buildServer.server.rest.request.RootApiRequest
  class jetbrains.buildServer.server.rest.request.ProblemOccurrenceRequest
  class jetbrains.buildServer.server.rest.swagger.SwaggerResource
  class jetbrains.buildServer.server.rest.request.DebugRequest
  class jetbrains.buildServer.server.rest.request.TestOccurrenceRequest
  class jetbrains.buildServer.server.rest.request.TestRequest
[2019-03-08 02:41:08,381]   INFO [in 'rest-api' 1] - nsAwareResourceConfig/rest-api - Provider classes found:
  class jetbrains.buildServer.server.rest.swagger.SwaggerSerializers
  class jetbrains.buildServer.server.rest.swagger.SwaggerConfigProvider
  class jetbrains.buildServer.server.rest.swagger.SwaggerReaderConfigProvider
[2019-03-08 08:35:58,305]   INFO [id: MAIN_SERVER] - er.rest.APIController/rest-api - Listening for paths [/app/rest/2018.1, /app/rest, /app/rest/latest, /api] in plugin 'rest-api'
[2019-03-08 08:35:58,315]   INFO [id: MAIN_SERVER] - .APIController/rest-api-2017.2 - Listening for paths [/app/rest/2017.2] in plugin 'rest-api-2017.2'
[2019-03-08 08:35:58,317]   INFO [id: MAIN_SERVER] - est.APIController/rest-api-9.0 - Listening for paths [/app/rest/9.0] in plugin 'rest-api-9.0'
[2019-03-08 08:35:58,331]   INFO [in 'rest-api' 1] - nsAwareResourceConfig/rest-api - Packages registered by rest extensions: [jetbrains.buildServer.server.restcontrib]
[2019-03-08 08:35:58,333]   INFO [id: MAIN_SERVER] - .APIController/rest-api-2017.1 - Listening for paths [/app/rest/2017.1, /app/rest/10.0] in plugin 'rest-api-2017.1'
[2019-03-08 08:35:58,341]   INFO [I initializer 1] - ResourceConfig/rest-api-2017.2 - Packages registered by rest extensions: [jetbrains.buildServer.server.restcontrib]
[2019-03-08 08:35:58,347]   INFO [id: MAIN_SERVER] - est.APIController/rest-api-9.1 - Listening for paths [/app/rest/9.1] in plugin 'rest-api-9.1'
[2019-03-08 08:35:58,352]   INFO [id: MAIN_SERVER] - rver.server.rest.APIController - Listening for paths [/app/rest/8.0, /app/rest/8.1] in plugin 'rest-api-8.1'
[2019-03-08 08:35:58,422]   INFO [I initializer 1] - ResourceConfig/rest-api-2017.1 - Packages registered by rest extensions: [jetbrains.buildServer.server.restcontrib]
[2019-03-08 08:35:58,867]   INFO [I initializer 1] - ResourceConfig/rest-api-2017.1 - Root resource classes found:
  class jetbrains.buildServer.server.rest.request.InvestigationRequest
  class jetbrains.buildServer.server.rest.request.AgentPoolRequest
  class jetbrains.buildServer.server.rest.request.ChangeRequest
  class jetbrains.buildServer.server.rest.request.VcsRootRequest
  class jetbrains.buildServer.server.rest.swagger.SwaggerResource
  class jetbrains.buildServer.server.rest.request.BuildRequest
  class jetbrains.buildServer.server.rest.request.BuildTypeRequest
  class jetbrains.buildServer.server.rest.request.ServerRequest
  class jetbrains.buildServer.server.rest.request.VcsRootInstanceRequest
  class jetbrains.buildServer.server.rest.request.BuildQueueRequest
  class jetbrains.buildServer.server.rest.request.DebugRequest
  class jetbrains.buildServer.server.rest.request.ProjectRequest
  class jetbrains.buildServer.server.rest.request.TestOccurrenceRequest
  class jetbrains.buildServer.server.rest.request.AgentRequest
  class jetbrains.buildServer.server.rest.request.FederationRequest
  class jetbrains.buildServer.server.rest.request.TestRequest
  class jetbrains.buildServer.server.rest.request.MuteRequest
  class jetbrains.buildServer.server.rest.request.UserRequest
  class jetbrains.buildServer.server.restcontrib.cctray.request.CCTrayRequest
  class jetbrains.buildServer.server.rest.request.RootApiRequest
  class jetbrains.buildServer.server.rest.request.GroupRequest
  class jetbrains.buildServer.server.rest.request.ProblemRequest
  class jetbrains.buildServer.server.rest.request.ProblemOccurrenceRequest
[2019-03-08 08:35:58,875]   INFO [I initializer 1] - ResourceConfig/rest-api-2017.1 - Provider classes found:
  class jetbrains.buildServer.server.rest.swagger.SwaggerReaderConfigProvider
  class jetbrains.buildServer.server.rest.swagger.SwaggerConfigProvider
  class jetbrains.buildServer.server.rest.swagger.SwaggerSerializers
[2019-03-08 08:35:58,969]   INFO [in 'rest-api' 1] - nsAwareResourceConfig/rest-api - Root resource classes found:
  class jetbrains.buildServer.server.rest.request.DebugRequest
  class jetbrains.buildServer.server.rest.request.ProblemOccurrenceRequest
  class jetbrains.buildServer.server.rest.swagger.SwaggerResource
  class jetbrains.buildServer.server.rest.request.AgentRequest
  class jetbrains.buildServer.server.rest.request.GroupRequest
  class jetbrains.buildServer.server.rest.request.TestRequest
  class jetbrains.buildServer.server.rest.request.AgentPoolRequest
  class jetbrains.buildServer.server.rest.request.FederationRequest
  class jetbrains.buildServer.server.rest.request.BuildQueueRequest
  class jetbrains.buildServer.server.rest.request.BuildTypeRequest
  class jetbrains.buildServer.server.rest.request.InvestigationRequest
  class jetbrains.buildServer.server.rest.request.ProblemRequest
  class jetbrains.buildServer.server.rest.request.ProjectRequest
  class jetbrains.buildServer.server.rest.request.VcsRootInstanceRequest
  class jetbrains.buildServer.server.rest.request.MuteRequest
  class jetbrains.buildServer.server.rest.request.RootApiRequest
  class jetbrains.buildServer.server.rest.request.TestOccurrenceRequest
  class jetbrains.buildServer.server.restcontrib.cctray.request.CCTrayRequest
  class jetbrains.buildServer.server.rest.request.BuildRequest
  class jetbrains.buildServer.server.rest.request.UserRequest
  class jetbrains.buildServer.server.rest.request.ServerRequest
  class jetbrains.buildServer.server.rest.request.ChangeRequest
  class jetbrains.buildServer.server.rest.request.VcsRootRequest
[2019-03-08 08:35:58,972]   INFO [in 'rest-api' 1] - nsAwareResourceConfig/rest-api - Provider classes found:
  class jetbrains.buildServer.server.rest.swagger.SwaggerReaderConfigProvider
  class jetbrains.buildServer.server.rest.swagger.SwaggerConfigProvider
  class jetbrains.buildServer.server.rest.swagger.SwaggerSerializers
[2019-03-08 08:35:59,015]   INFO [I initializer 1] - ResourceConfig/rest-api-2017.2 - Root resource classes found:
  class jetbrains.buildServer.server.rest.request.VcsRootInstanceRequest
  class jetbrains.buildServer.server.rest.request.ChangeRequest
  class jetbrains.buildServer.server.rest.request.ProjectRequest
  class jetbrains.buildServer.server.rest.request.AgentRequest
  class jetbrains.buildServer.server.rest.request.BuildTypeRequest
  class jetbrains.buildServer.server.rest.request.RootApiRequest
  class jetbrains.buildServer.server.rest.request.BuildQueueRequest
  class jetbrains.buildServer.server.rest.request.TestOccurrenceRequest
  class jetbrains.buildServer.server.restcontrib.cctray.request.CCTrayRequest
  class jetbrains.buildServer.server.rest.request.AgentPoolRequest
  class jetbrains.buildServer.server.rest.request.BuildRequest
  class jetbrains.buildServer.server.rest.request.GroupRequest
  class jetbrains.buildServer.server.rest.request.ServerRequest
  class jetbrains.buildServer.server.rest.swagger.SwaggerResource
  class jetbrains.buildServer.server.rest.request.FederationRequest
  class jetbrains.buildServer.server.rest.request.TestRequest
  class jetbrains.buildServer.server.rest.request.VcsRootRequest
  class jetbrains.buildServer.server.rest.request.ProblemRequest
  class jetbrains.buildServer.server.rest.request.DebugRequest
  class jetbrains.buildServer.server.rest.request.UserRequest
  class jetbrains.buildServer.server.rest.request.InvestigationRequest
  class jetbrains.buildServer.server.rest.request.MuteRequest
  class jetbrains.buildServer.server.rest.request.ProblemOccurrenceRequest
[2019-03-08 08:35:59,018]   INFO [I initializer 1] - ResourceConfig/rest-api-2017.2 - Provider classes found:
  class jetbrains.buildServer.server.rest.swagger.SwaggerSerializers
  class jetbrains.buildServer.server.rest.swagger.SwaggerReaderConfigProvider
  class jetbrains.buildServer.server.rest.swagger.SwaggerConfigProvider
[2019-03-08 08:39:55,174]   INFO [id: MAIN_SERVER] - er.rest.APIController/rest-api - Listening for paths [/app/rest/2018.1, /app/rest, /app/rest/latest, /api] in plugin 'rest-api'
[2019-03-08 08:39:55,181]   INFO [id: MAIN_SERVER] - est.APIController/rest-api-9.0 - Listening for paths [/app/rest/9.0] in plugin 'rest-api-9.0'
[2019-03-08 08:39:55,182]   INFO [id: MAIN_SERVER] - .APIController/rest-api-2017.2 - Listening for paths [/app/rest/2017.2] in plugin 'rest-api-2017.2'
[2019-03-08 08:39:55,189]   INFO [in 'rest-api' 1] - nsAwareResourceConfig/rest-api - Packages registered by rest extensions: [jetbrains.buildServer.server.restcontrib]
[2019-03-08 08:39:55,199]   INFO [id: MAIN_SERVER] - rver.server.rest.APIController - Listening for paths [/app/rest/8.0, /app/rest/8.1] in plugin 'rest-api-8.1'
[2019-03-08 08:39:55,214]   INFO [id: MAIN_SERVER] - est.APIController/rest-api-9.1 - Listening for paths [/app/rest/9.1] in plugin 'rest-api-9.1'
[2019-03-08 08:39:55,217]   INFO [id: MAIN_SERVER] - .APIController/rest-api-2017.1 - Listening for paths [/app/rest/2017.1, /app/rest/10.0] in plugin 'rest-api-2017.1'
[2019-03-08 08:39:55,241]   INFO [I initializer 1] - ResourceConfig/rest-api-2017.1 - Packages registered by rest extensions: [jetbrains.buildServer.server.restcontrib]
[2019-03-08 08:39:55,243]   INFO [I initializer 1] - ResourceConfig/rest-api-2017.2 - Packages registered by rest extensions: [jetbrains.buildServer.server.restcontrib]
[2019-03-08 08:39:55,877]   INFO [in 'rest-api' 1] - nsAwareResourceConfig/rest-api - Root resource classes found:
  class jetbrains.buildServer.server.rest.request.AgentPoolRequest
  class jetbrains.buildServer.server.rest.request.BuildQueueRequest
  class jetbrains.buildServer.server.rest.request.BuildTypeRequest
  class jetbrains.buildServer.server.rest.request.GroupRequest
  class jetbrains.buildServer.server.rest.request.AgentRequest
  class jetbrains.buildServer.server.restcontrib.cctray.request.CCTrayRequest
  class jetbrains.buildServer.server.rest.request.FederationRequest
  class jetbrains.buildServer.server.rest.request.UserRequest
  class jetbrains.buildServer.server.rest.request.VcsRootInstanceRequest
  class jetbrains.buildServer.server.rest.request.BuildRequest
  class jetbrains.buildServer.server.rest.request.TestRequest
  class jetbrains.buildServer.server.rest.request.TestOccurrenceRequest
  class jetbrains.buildServer.server.rest.request.RootApiRequest
  class jetbrains.buildServer.server.rest.request.ServerRequest
  class jetbrains.buildServer.server.rest.request.ProjectRequest
  class jetbrains.buildServer.server.rest.request.ProblemOccurrenceRequest
  class jetbrains.buildServer.server.rest.request.DebugRequest
  class jetbrains.buildServer.server.rest.request.InvestigationRequest
  class jetbrains.buildServer.server.rest.request.VcsRootRequest
  class jetbrains.buildServer.server.rest.swagger.SwaggerResource
  class jetbrains.buildServer.server.rest.request.MuteRequest
  class jetbrains.buildServer.server.rest.request.ProblemRequest
  class jetbrains.buildServer.server.rest.request.ChangeRequest
[2019-03-08 08:39:55,887]   INFO [in 'rest-api' 1] - nsAwareResourceConfig/rest-api - Provider classes found:
  class jetbrains.buildServer.server.rest.swagger.SwaggerReaderConfigProvider
  class jetbrains.buildServer.server.rest.swagger.SwaggerConfigProvider
  class jetbrains.buildServer.server.rest.swagger.SwaggerSerializers
[2019-03-08 08:39:55,965]   INFO [I initializer 1] - ResourceConfig/rest-api-2017.2 - Root resource classes found:
  class jetbrains.buildServer.server.rest.request.ChangeRequest
  class jetbrains.buildServer.server.rest.request.FederationRequest
  class jetbrains.buildServer.server.rest.request.AgentRequest
  class jetbrains.buildServer.server.rest.request.TestOccurrenceRequest
  class jetbrains.buildServer.server.rest.request.RootApiRequest
  class jetbrains.buildServer.server.rest.request.ProjectRequest
  class jetbrains.buildServer.server.rest.request.VcsRootRequest
  class jetbrains.buildServer.server.rest.request.BuildTypeRequest
  class jetbrains.buildServer.server.rest.request.AgentPoolRequest
  class jetbrains.buildServer.server.rest.request.BuildQueueRequest
  class jetbrains.buildServer.server.rest.swagger.SwaggerResource
  class jetbrains.buildServer.server.rest.request.GroupRequest
  class jetbrains.buildServer.server.rest.request.TestRequest
  class jetbrains.buildServer.server.restcontrib.cctray.request.CCTrayRequest
  class jetbrains.buildServer.server.rest.request.ServerRequest
  class jetbrains.buildServer.server.rest.request.VcsRootInstanceRequest
  class jetbrains.buildServer.server.rest.request.DebugRequest
  class jetbrains.buildServer.server.rest.request.ProblemOccurrenceRequest
  class jetbrains.buildServer.server.rest.request.MuteRequest
  class jetbrains.buildServer.server.rest.request.UserRequest
  class jetbrains.buildServer.server.rest.request.InvestigationRequest
  class jetbrains.buildServer.server.rest.request.ProblemRequest
  class jetbrains.buildServer.server.rest.request.BuildRequest
[2019-03-08 08:39:55,966]   INFO [I initializer 1] - ResourceConfig/rest-api-2017.2 - Provider classes found:
  class jetbrains.buildServer.server.rest.swagger.SwaggerReaderConfigProvider
  class jetbrains.buildServer.server.rest.swagger.SwaggerSerializers
  class jetbrains.buildServer.server.rest.swagger.SwaggerConfigProvider
[2019-03-08 08:39:56,009]   INFO [I initializer 1] - ResourceConfig/rest-api-2017.1 - Root resource classes found:
  class jetbrains.buildServer.server.rest.request.ProblemRequest
  class jetbrains.buildServer.server.rest.request.TestOccurrenceRequest
  class jetbrains.buildServer.server.rest.swagger.SwaggerResource
  class jetbrains.buildServer.server.rest.request.BuildTypeRequest
  class jetbrains.buildServer.server.rest.request.TestRequest
  class jetbrains.buildServer.server.rest.request.AgentRequest
  class jetbrains.buildServer.server.rest.request.UserRequest
  class jetbrains.buildServer.server.rest.request.VcsRootRequest
  class jetbrains.buildServer.server.rest.request.RootApiRequest
  class jetbrains.buildServer.server.rest.request.ProjectRequest
  class jetbrains.buildServer.server.rest.request.FederationRequest
  class jetbrains.buildServer.server.rest.request.InvestigationRequest
  class jetbrains.buildServer.server.rest.request.MuteRequest
  class jetbrains.buildServer.server.restcontrib.cctray.request.CCTrayRequest
  class jetbrains.buildServer.server.rest.request.BuildRequest
  class jetbrains.buildServer.server.rest.request.ChangeRequest
  class jetbrains.buildServer.server.rest.request.GroupRequest
  class jetbrains.buildServer.server.rest.request.AgentPoolRequest
  class jetbrains.buildServer.server.rest.request.ServerRequest
  class jetbrains.buildServer.server.rest.request.BuildQueueRequest
  class jetbrains.buildServer.server.rest.request.ProblemOccurrenceRequest
  class jetbrains.buildServer.server.rest.request.VcsRootInstanceRequest
  class jetbrains.buildServer.server.rest.request.DebugRequest
[2019-03-08 08:39:56,037]   INFO [I initializer 1] - ResourceConfig/rest-api-2017.1 - Provider classes found:
  class jetbrains.buildServer.server.rest.swagger.SwaggerConfigProvider
  class jetbrains.buildServer.server.rest.swagger.SwaggerSerializers
  class jetbrains.buildServer.server.rest.swagger.SwaggerReaderConfigProvider
[2019-03-08 08:45:54,886]   INFO [id: MAIN_SERVER] - er.rest.APIController/rest-api - Listening for paths [/app/rest/2018.1, /app/rest, /app/rest/latest, /api] in plugin 'rest-api'
[2019-03-08 08:45:54,893]   INFO [id: MAIN_SERVER] - .APIController/rest-api-2017.2 - Listening for paths [/app/rest/2017.2] in plugin 'rest-api-2017.2'
[2019-03-08 08:45:54,896]   INFO [id: MAIN_SERVER] - .APIController/rest-api-2017.1 - Listening for paths [/app/rest/2017.1, /app/rest/10.0] in plugin 'rest-api-2017.1'
[2019-03-08 08:45:54,910]   INFO [id: MAIN_SERVER] - est.APIController/rest-api-9.0 - Listening for paths [/app/rest/9.0] in plugin 'rest-api-9.0'
[2019-03-08 08:45:54,915]   INFO [id: MAIN_SERVER] - est.APIController/rest-api-9.1 - Listening for paths [/app/rest/9.1] in plugin 'rest-api-9.1'
[2019-03-08 08:45:54,920]   INFO [id: MAIN_SERVER] - rver.server.rest.APIController - Listening for paths [/app/rest/8.0, /app/rest/8.1] in plugin 'rest-api-8.1'
[2019-03-08 08:45:54,921]   INFO [I initializer 1] - ResourceConfig/rest-api-2017.1 - Packages registered by rest extensions: [jetbrains.buildServer.server.restcontrib]
[2019-03-08 08:45:54,924]   INFO [in 'rest-api' 1] - nsAwareResourceConfig/rest-api - Packages registered by rest extensions: [jetbrains.buildServer.server.restcontrib]
[2019-03-08 08:45:54,928]   INFO [I initializer 1] - ResourceConfig/rest-api-2017.2 - Packages registered by rest extensions: [jetbrains.buildServer.server.restcontrib]
[2019-03-08 08:45:55,318]   INFO [I initializer 1] - ResourceConfig/rest-api-2017.2 - Root resource classes found:
  class jetbrains.buildServer.server.rest.request.VcsRootInstanceRequest
  class jetbrains.buildServer.server.rest.request.ChangeRequest
  class jetbrains.buildServer.server.rest.request.RootApiRequest
  class jetbrains.buildServer.server.rest.request.FederationRequest
  class jetbrains.buildServer.server.rest.request.TestOccurrenceRequest
  class jetbrains.buildServer.server.rest.request.VcsRootRequest
  class jetbrains.buildServer.server.rest.request.MuteRequest
  class jetbrains.buildServer.server.rest.request.UserRequest
  class jetbrains.buildServer.server.rest.request.AgentRequest
  class jetbrains.buildServer.server.rest.request.ProjectRequest
  class jetbrains.buildServer.server.rest.request.InvestigationRequest
  class jetbrains.buildServer.server.rest.request.ProblemRequest
  class jetbrains.buildServer.server.rest.request.AgentPoolRequest
  class jetbrains.buildServer.server.rest.request.BuildRequest
  class jetbrains.buildServer.server.rest.request.BuildTypeRequest
  class jetbrains.buildServer.server.rest.request.GroupRequest
  class jetbrains.buildServer.server.rest.request.BuildQueueRequest
  class jetbrains.buildServer.server.rest.request.ServerRequest
  class jetbrains.buildServer.server.rest.swagger.SwaggerResource
  class jetbrains.buildServer.server.restcontrib.cctray.request.CCTrayRequest
  class jetbrains.buildServer.server.rest.request.TestRequest
  class jetbrains.buildServer.server.rest.request.ProblemOccurrenceRequest
  class jetbrains.buildServer.server.rest.request.DebugRequest
[2019-03-08 08:45:55,322]   INFO [I initializer 1] - ResourceConfig/rest-api-2017.2 - Provider classes found:
  class jetbrains.buildServer.server.rest.swagger.SwaggerReaderConfigProvider
  class jetbrains.buildServer.server.rest.swagger.SwaggerSerializers
  class jetbrains.buildServer.server.rest.swagger.SwaggerConfigProvider
[2019-03-08 08:45:55,420]   INFO [I initializer 1] - ResourceConfig/rest-api-2017.1 - Root resource classes found:
  class jetbrains.buildServer.server.rest.request.UserRequest
  class jetbrains.buildServer.server.rest.request.BuildTypeRequest
  class jetbrains.buildServer.server.rest.request.ServerRequest
  class jetbrains.buildServer.server.rest.request.FederationRequest
  class jetbrains.buildServer.server.rest.request.AgentRequest
  class jetbrains.buildServer.server.rest.request.ProblemOccurrenceRequest
  class jetbrains.buildServer.server.rest.request.AgentPoolRequest
  class jetbrains.buildServer.server.rest.request.BuildRequest
  class jetbrains.buildServer.server.rest.request.TestRequest
  class jetbrains.buildServer.server.rest.request.BuildQueueRequest
  class jetbrains.buildServer.server.rest.request.DebugRequest
  class jetbrains.buildServer.server.rest.request.ProblemRequest
  class jetbrains.buildServer.server.rest.request.RootApiRequest
  class jetbrains.buildServer.server.rest.request.GroupRequest
  class jetbrains.buildServer.server.rest.request.InvestigationRequest
  class jetbrains.buildServer.server.rest.request.ProjectRequest
  class jetbrains.buildServer.server.rest.request.MuteRequest
  class jetbrains.buildServer.server.rest.request.VcsRootRequest
  class jetbrains.buildServer.server.rest.request.ChangeRequest
  class jetbrains.buildServer.server.rest.request.VcsRootInstanceRequest
  class jetbrains.buildServer.server.rest.request.TestOccurrenceRequest
  class jetbrains.buildServer.server.rest.swagger.SwaggerResource
  class jetbrains.buildServer.server.restcontrib.cctray.request.CCTrayRequest
[2019-03-08 08:45:55,424]   INFO [I initializer 1] - ResourceConfig/rest-api-2017.1 - Provider classes found:
  class jetbrains.buildServer.server.rest.swagger.SwaggerReaderConfigProvider
  class jetbrains.buildServer.server.rest.swagger.SwaggerConfigProvider
  class jetbrains.buildServer.server.rest.swagger.SwaggerSerializers
[2019-03-08 08:45:55,480]   INFO [in 'rest-api' 1] - nsAwareResourceConfig/rest-api - Root resource classes found:
  class jetbrains.buildServer.server.rest.request.ProblemOccurrenceRequest
  class jetbrains.buildServer.server.rest.request.ProblemRequest
  class jetbrains.buildServer.server.rest.request.ChangeRequest
  class jetbrains.buildServer.server.rest.request.DebugRequest
  class jetbrains.buildServer.server.rest.request.MuteRequest
  class jetbrains.buildServer.server.rest.swagger.SwaggerResource
  class jetbrains.buildServer.server.rest.request.ProjectRequest
  class jetbrains.buildServer.server.rest.request.TestRequest
  class jetbrains.buildServer.server.restcontrib.cctray.request.CCTrayRequest
  class jetbrains.buildServer.server.rest.request.TestOccurrenceRequest
  class jetbrains.buildServer.server.rest.request.BuildQueueRequest
  class jetbrains.buildServer.server.rest.request.FederationRequest
  class jetbrains.buildServer.server.rest.request.UserRequest
  class jetbrains.buildServer.server.rest.request.AgentPoolRequest
  class jetbrains.buildServer.server.rest.request.AgentRequest
  class jetbrains.buildServer.server.rest.request.RootApiRequest
  class jetbrains.buildServer.server.rest.request.BuildRequest
  class jetbrains.buildServer.server.rest.request.GroupRequest
  class jetbrains.buildServer.server.rest.request.BuildTypeRequest
  class jetbrains.buildServer.server.rest.request.ServerRequest
  class jetbrains.buildServer.server.rest.request.InvestigationRequest
  class jetbrains.buildServer.server.rest.request.VcsRootRequest
  class jetbrains.buildServer.server.rest.request.VcsRootInstanceRequest
[2019-03-08 08:45:55,485]   INFO [in 'rest-api' 1] - nsAwareResourceConfig/rest-api - Provider classes found:
  class jetbrains.buildServer.server.rest.swagger.SwaggerReaderConfigProvider
  class jetbrains.buildServer.server.rest.swagger.SwaggerSerializers
  class jetbrains.buildServer.server.rest.swagger.SwaggerConfigProvider
[2019-03-08 09:10:47,811]   INFO [id: MAIN_SERVER] - .APIController/rest-api-2017.1 - Listening for paths [/app/rest/2017.1, /app/rest/10.0] in plugin 'rest-api-2017.1'
[2019-03-08 09:10:47,820]   INFO [id: MAIN_SERVER] - est.APIController/rest-api-9.0 - Listening for paths [/app/rest/9.0] in plugin 'rest-api-9.0'
[2019-03-08 09:10:47,823]   INFO [id: MAIN_SERVER] - er.rest.APIController/rest-api - Listening for paths [/app/rest/2018.1, /app/rest, /app/rest/latest, /api] in plugin 'rest-api'
[2019-03-08 09:10:47,830]   INFO [id: MAIN_SERVER] - rver.server.rest.APIController - Listening for paths [/app/rest/8.0, /app/rest/8.1] in plugin 'rest-api-8.1'
[2019-03-08 09:10:47,834]   INFO [id: MAIN_SERVER] - est.APIController/rest-api-9.1 - Listening for paths [/app/rest/9.1] in plugin 'rest-api-9.1'
[2019-03-08 09:10:47,835]   INFO [id: MAIN_SERVER] - .APIController/rest-api-2017.2 - Listening for paths [/app/rest/2017.2] in plugin 'rest-api-2017.2'
[2019-03-08 09:10:47,859]   INFO [in 'rest-api' 1] - nsAwareResourceConfig/rest-api - Packages registered by rest extensions: [jetbrains.buildServer.server.restcontrib]
[2019-03-08 09:10:47,865]   INFO [I initializer 1] - ResourceConfig/rest-api-2017.1 - Packages registered by rest extensions: [jetbrains.buildServer.server.restcontrib]
[2019-03-08 09:10:47,880]   INFO [I initializer 1] - ResourceConfig/rest-api-2017.2 - Packages registered by rest extensions: [jetbrains.buildServer.server.restcontrib]
[2019-03-08 09:10:48,253]   INFO [I initializer 1] - ResourceConfig/rest-api-2017.1 - Root resource classes found:
  class jetbrains.buildServer.server.rest.request.ServerRequest
  class jetbrains.buildServer.server.rest.request.InvestigationRequest
  class jetbrains.buildServer.server.rest.request.AgentRequest
  class jetbrains.buildServer.server.rest.request.BuildQueueRequest
  class jetbrains.buildServer.server.rest.request.MuteRequest
  class jetbrains.buildServer.server.rest.request.ChangeRequest
  class jetbrains.buildServer.server.rest.request.ProblemRequest
  class jetbrains.buildServer.server.rest.request.BuildTypeRequest
  class jetbrains.buildServer.server.rest.request.FederationRequest
  class jetbrains.buildServer.server.rest.request.VcsRootInstanceRequest
  class jetbrains.buildServer.server.rest.request.VcsRootRequest
  class jetbrains.buildServer.server.rest.request.TestOccurrenceRequest
  class jetbrains.buildServer.server.rest.request.TestRequest
  class jetbrains.buildServer.server.rest.request.DebugRequest
  class jetbrains.buildServer.server.rest.request.ProblemOccurrenceRequest
  class jetbrains.buildServer.server.rest.request.BuildRequest
  class jetbrains.buildServer.server.rest.swagger.SwaggerResource
  class jetbrains.buildServer.server.rest.request.GroupRequest
  class jetbrains.buildServer.server.rest.request.RootApiRequest
  class jetbrains.buildServer.server.rest.request.AgentPoolRequest
  class jetbrains.buildServer.server.rest.request.ProjectRequest
  class jetbrains.buildServer.server.rest.request.UserRequest
  class jetbrains.buildServer.server.restcontrib.cctray.request.CCTrayRequest
[2019-03-08 09:10:48,268]   INFO [I initializer 1] - ResourceConfig/rest-api-2017.1 - Provider classes found:
  class jetbrains.buildServer.server.rest.swagger.SwaggerConfigProvider
  class jetbrains.buildServer.server.rest.swagger.SwaggerReaderConfigProvider
  class jetbrains.buildServer.server.rest.swagger.SwaggerSerializers
[2019-03-08 09:10:48,404]   INFO [in 'rest-api' 1] - nsAwareResourceConfig/rest-api - Root resource classes found:
  class jetbrains.buildServer.server.rest.request.ProblemRequest
  class jetbrains.buildServer.server.rest.request.TestOccurrenceRequest
  class jetbrains.buildServer.server.rest.request.FederationRequest
  class jetbrains.buildServer.server.rest.request.VcsRootRequest
  class jetbrains.buildServer.server.rest.request.TestRequest
  class jetbrains.buildServer.server.restcontrib.cctray.request.CCTrayRequest
  class jetbrains.buildServer.server.rest.request.RootApiRequest
  class jetbrains.buildServer.server.rest.request.VcsRootInstanceRequest
  class jetbrains.buildServer.server.rest.request.DebugRequest
  class jetbrains.buildServer.server.rest.request.GroupRequest
  class jetbrains.buildServer.server.rest.request.ProjectRequest
  class jetbrains.buildServer.server.rest.swagger.SwaggerResource
  class jetbrains.buildServer.server.rest.request.BuildTypeRequest
  class jetbrains.buildServer.server.rest.request.ChangeRequest
  class jetbrains.buildServer.server.rest.request.InvestigationRequest
  class jetbrains.buildServer.server.rest.request.ProblemOccurrenceRequest
  class jetbrains.buildServer.server.rest.request.ServerRequest
  class jetbrains.buildServer.server.rest.request.MuteRequest
  class jetbrains.buildServer.server.rest.request.AgentPoolRequest
  class jetbrains.buildServer.server.rest.request.BuildRequest
  class jetbrains.buildServer.server.rest.request.UserRequest
  class jetbrains.buildServer.server.rest.request.BuildQueueRequest
  class jetbrains.buildServer.server.rest.request.AgentRequest
[2019-03-08 09:10:48,409]   INFO [in 'rest-api' 1] - nsAwareResourceConfig/rest-api - Provider classes found:
  class jetbrains.buildServer.server.rest.swagger.SwaggerConfigProvider
  class jetbrains.buildServer.server.rest.swagger.SwaggerReaderConfigProvider
  class jetbrains.buildServer.server.rest.swagger.SwaggerSerializers
[2019-03-08 09:10:48,513]   INFO [I initializer 1] - ResourceConfig/rest-api-2017.2 - Root resource classes found:
  class jetbrains.buildServer.server.rest.request.UserRequest
  class jetbrains.buildServer.server.rest.request.BuildTypeRequest
  class jetbrains.buildServer.server.rest.request.ServerRequest
  class jetbrains.buildServer.server.rest.request.FederationRequest
  class jetbrains.buildServer.server.rest.request.AgentRequest
  class jetbrains.buildServer.server.rest.request.ProblemOccurrenceRequest
  class jetbrains.buildServer.server.rest.request.AgentPoolRequest
  class jetbrains.buildServer.server.rest.request.BuildRequest
  class jetbrains.buildServer.server.rest.request.TestRequest
  class jetbrains.buildServer.server.rest.request.BuildQueueRequest
  class jetbrains.buildServer.server.rest.request.DebugRequest
  class jetbrains.buildServer.server.rest.request.ProblemRequest
  class jetbrains.buildServer.server.rest.request.RootApiRequest
  class jetbrains.buildServer.server.rest.request.GroupRequest
  class jetbrains.buildServer.server.rest.request.InvestigationRequest
  class jetbrains.buildServer.server.rest.request.ProjectRequest
  class jetbrains.buildServer.server.rest.request.MuteRequest
  class jetbrains.buildServer.server.rest.request.VcsRootRequest
  class jetbrains.buildServer.server.rest.request.ChangeRequest
  class jetbrains.buildServer.server.rest.request.VcsRootInstanceRequest
  class jetbrains.buildServer.server.rest.request.TestOccurrenceRequest
  class jetbrains.buildServer.server.rest.swagger.SwaggerResource
  class jetbrains.buildServer.server.restcontrib.cctray.request.CCTrayRequest
[2019-03-08 09:10:48,534]   INFO [I initializer 1] - ResourceConfig/rest-api-2017.2 - Provider classes found:
  class jetbrains.buildServer.server.rest.swagger.SwaggerConfigProvider
  class jetbrains.buildServer.server.rest.swagger.SwaggerReaderConfigProvider
  class jetbrains.buildServer.server.rest.swagger.SwaggerSerializers
