[2019-03-08 01:40:07,700]   INFO - r.maven.remote.MavenServerImpl - Starting maven server with following arguments: [teamcity-mavenServer] 
[2019-03-08 01:40:07,999]   INFO - r.maven.remote.MavenServerImpl - Successfully created registry using port [59227] 
[2019-03-08 01:40:08,000]   INFO - r.maven.remote.MavenServerImpl - Successfully bound Maven Server to name: [teamcity-mavenServer] 
[2019-03-08 01:40:08,003]   INFO - r.maven.remote.MavenServerImpl - using name of running JVM: [223@89e94e94a0c3] 
[2019-03-08 01:40:08,004]   INFO - r.maven.remote.MavenServerImpl - Printed following string to output: [223/59227] 
[2019-03-08 01:44:40,227]   INFO - r.maven.remote.MavenServerImpl - Starting maven server with following arguments: [teamcity-mavenServer] 
[2019-03-08 01:44:40,447]   INFO - r.maven.remote.MavenServerImpl - Successfully created registry using port [49372] 
[2019-03-08 01:44:40,448]   INFO - r.maven.remote.MavenServerImpl - Successfully bound Maven Server to name: [teamcity-mavenServer] 
[2019-03-08 01:44:40,450]   INFO - r.maven.remote.MavenServerImpl - using name of running JVM: [213@89e94e94a0c3] 
[2019-03-08 01:44:40,451]   INFO - r.maven.remote.MavenServerImpl - Printed following string to output: [213/49372] 
[2019-03-08 02:34:38,651]   INFO - r.maven.remote.MavenServerImpl - Starting maven server with following arguments: [teamcity-mavenServer] 
[2019-03-08 02:34:38,960]   INFO - r.maven.remote.MavenServerImpl - Successfully created registry using port [53635] 
[2019-03-08 02:34:38,960]   INFO - r.maven.remote.MavenServerImpl - Successfully bound Maven Server to name: [teamcity-mavenServer] 
[2019-03-08 02:34:38,962]   INFO - r.maven.remote.MavenServerImpl - using name of running JVM: [220@c56de6db9bca] 
[2019-03-08 02:34:38,963]   INFO - r.maven.remote.MavenServerImpl - Printed following string to output: [220/53635] 
[2019-03-08 02:40:56,012]   INFO - r.maven.remote.MavenServerImpl - Starting maven server with following arguments: [teamcity-mavenServer] 
[2019-03-08 02:40:56,314]   INFO - r.maven.remote.MavenServerImpl - Successfully created registry using port [58113] 
[2019-03-08 02:40:56,316]   INFO - r.maven.remote.MavenServerImpl - Successfully bound Maven Server to name: [teamcity-mavenServer] 
[2019-03-08 02:40:56,319]   INFO - r.maven.remote.MavenServerImpl - using name of running JVM: [217@f1ac9ce5526a] 
[2019-03-08 02:40:56,320]   INFO - r.maven.remote.MavenServerImpl - Printed following string to output: [217/58113] 
[2019-03-08 08:35:53,375]   INFO - r.maven.remote.MavenServerImpl - Starting maven server with following arguments: [teamcity-mavenServer] 
[2019-03-08 08:35:53,697]   INFO - r.maven.remote.MavenServerImpl - Successfully created registry using port [57857] 
[2019-03-08 08:35:53,731]   INFO - r.maven.remote.MavenServerImpl - Successfully bound Maven Server to name: [teamcity-mavenServer] 
[2019-03-08 08:35:53,752]   INFO - r.maven.remote.MavenServerImpl - using name of running JVM: [222@f1ac9ce5526a] 
[2019-03-08 08:35:53,758]   INFO - r.maven.remote.MavenServerImpl - Printed following string to output: [222/57857] 
[2019-03-08 08:39:43,233]   INFO - r.maven.remote.MavenServerImpl - Starting maven server with following arguments: [teamcity-mavenServer] 
[2019-03-08 08:39:43,660]   INFO - r.maven.remote.MavenServerImpl - Successfully created registry using port [57320] 
[2019-03-08 08:39:43,661]   INFO - r.maven.remote.MavenServerImpl - Successfully bound Maven Server to name: [teamcity-mavenServer] 
[2019-03-08 08:39:43,672]   INFO - r.maven.remote.MavenServerImpl - using name of running JVM: [217@f1ac9ce5526a] 
[2019-03-08 08:39:43,673]   INFO - r.maven.remote.MavenServerImpl - Printed following string to output: [217/57320] 
[2019-03-08 08:44:36,753]   INFO - r.maven.remote.MavenServerImpl - Shutting down. Reason [MavenEmbedderFactory shutdown called in thread [TC: 08:44:35 Processing 93 listeners for serverShutdown; 08:44:35 Stage: TeamCity server is shutting down; TeamCity Server (version 2018.2.3 build 61544 started 2019-03-08 08:39:13.205), node id: MAIN_SERVER]] 
[2019-03-08 08:44:36,756]   INFO - r.maven.remote.MavenServerImpl - Shutdown sequence complete 
[2019-03-08 08:44:36,759]   INFO - r.maven.remote.MavenServerImpl - The JVM is shutting down. 
[2019-03-08 08:45:45,545]   INFO - r.maven.remote.MavenServerImpl - Starting maven server with following arguments: [teamcity-mavenServer] 
[2019-03-08 08:45:45,815]   INFO - r.maven.remote.MavenServerImpl - Successfully created registry using port [57139] 
[2019-03-08 08:45:45,815]   INFO - r.maven.remote.MavenServerImpl - Successfully bound Maven Server to name: [teamcity-mavenServer] 
[2019-03-08 08:45:45,817]   INFO - r.maven.remote.MavenServerImpl - using name of running JVM: [215@f1ac9ce5526a] 
[2019-03-08 08:45:45,818]   INFO - r.maven.remote.MavenServerImpl - Printed following string to output: [215/57139] 
[2019-03-08 09:10:33,781]   INFO - r.maven.remote.MavenServerImpl - Starting maven server with following arguments: [teamcity-mavenServer] 
[2019-03-08 09:10:34,086]   INFO - r.maven.remote.MavenServerImpl - Successfully created registry using port [51513] 
[2019-03-08 09:10:34,086]   INFO - r.maven.remote.MavenServerImpl - Successfully bound Maven Server to name: [teamcity-mavenServer] 
[2019-03-08 09:10:34,089]   INFO - r.maven.remote.MavenServerImpl - using name of running JVM: [210@f1ac9ce5526a] 
[2019-03-08 09:10:34,090]   INFO - r.maven.remote.MavenServerImpl - Printed following string to output: [210/51513] 
