08-Mar-2019 01:37:41.235 INFO [localhost-startStop-1] org.apache.catalina.core.ApplicationContext.log No Spring WebApplicationInitializer types detected on classpath
08-Mar-2019 01:37:41.357 INFO [localhost-startStop-1] org.apache.jasper.servlet.TldScanner.scanJars At least one JAR was scanned for TLDs yet contained no TLDs. Enable debug logging for this logger for a complete list of JARs that were scanned but no TLDs were found in them. Skipping unneeded JARs during scanning can improve startup time and JSP compilation time.
08-Mar-2019 01:39:39.149 INFO [TC: 01:39:38 Stage: Initializing TeamCity server components; TeamCity Server (version 2018.2.3 build 61544 started 2019-03-08 01:37:41.696), node id: MAIN_SERVER] org.apache.catalina.core.ApplicationContext.log Initializing Spring FrameworkServlet 'buildServer'
08-Mar-2019 01:40:15.006 INFO [TC: 01:40:14 Initializing Jersey for plugin 'rest-api-2017.2'; REST API initializer 1] com.sun.jersey.server.impl.application.WebApplicationImpl._initiate Initiating Jersey application, version 'Jersey: 1.19 02/11/2015 03:25 AM'
08-Mar-2019 01:40:15.123 INFO [TC: 01:40:14 Initializing Jersey for plugin 'rest-api-2017.1'; REST API initializer 1] com.sun.jersey.server.impl.application.WebApplicationImpl._initiate Initiating Jersey application, version 'Jersey: 1.19 02/11/2015 03:25 AM'
08-Mar-2019 01:40:15.123 INFO [TC: 01:40:14 Initializing Jersey for plugin 'rest-api' via background initial initialization; REST API initializer for plugin 'rest-api' 1] com.sun.jersey.server.impl.application.WebApplicationImpl._initiate Initiating Jersey application, version 'Jersey: 1.19 02/11/2015 03:25 AM'
08-Mar-2019 01:40:15.624 INFO [TC: 01:40:14 Initializing Jersey for plugin 'rest-api-2017.1'; REST API initializer 1] com.sun.jersey.server.impl.application.DeferredResourceConfig$ApplicationHolder.<init> Instantiated the Application class jetbrains.buildServer.server.rest.jersey.ExtensionsAwareResourceConfig
08-Mar-2019 01:40:15.670 INFO [TC: 01:40:14 Initializing Jersey for plugin 'rest-api-2017.2'; REST API initializer 1] com.sun.jersey.server.impl.application.DeferredResourceConfig$ApplicationHolder.<init> Instantiated the Application class jetbrains.buildServer.server.rest.jersey.ExtensionsAwareResourceConfig
08-Mar-2019 01:40:15.862 INFO [TC: 01:40:14 Initializing Jersey for plugin 'rest-api' via background initial initialization; REST API initializer for plugin 'rest-api' 1] com.sun.jersey.server.impl.application.DeferredResourceConfig$ApplicationHolder.<init> Instantiated the Application class jetbrains.buildServer.server.rest.jersey.ExtensionsAwareResourceConfig
08-Mar-2019 01:40:16.887 INFO [TC: 01:40:14 Initializing Jersey for plugin 'rest-api-2017.1'; REST API initializer 1] com.sun.jersey.api.wadl.config.WadlGeneratorLoader.loadWadlGenerator Loading wadlGenerator com.sun.jersey.server.wadl.generators.WadlGeneratorApplicationDoc
08-Mar-2019 01:40:16.907 INFO [TC: 01:40:14 Initializing Jersey for plugin 'rest-api-2017.1'; REST API initializer 1] com.sun.jersey.api.wadl.config.WadlGeneratorLoader.loadWadlGenerator Loading wadlGenerator jetbrains.buildServer.server.rest.jersey.WadlGenerator$PatchedWadlGenerator
08-Mar-2019 01:40:16.908 INFO [TC: 01:40:14 Initializing Jersey for plugin 'rest-api-2017.1'; REST API initializer 1] com.sun.jersey.api.wadl.config.WadlGeneratorLoader.loadWadlGenerator Loading wadlGenerator com.sun.jersey.server.wadl.generators.resourcedoc.WadlGeneratorResourceDocSupport
08-Mar-2019 01:40:16.999 INFO [TC: 01:40:14 Initializing Jersey for plugin 'rest-api-2017.2'; REST API initializer 1] com.sun.jersey.api.wadl.config.WadlGeneratorLoader.loadWadlGenerator Loading wadlGenerator com.sun.jersey.server.wadl.generators.WadlGeneratorApplicationDoc
08-Mar-2019 01:40:17.014 INFO [TC: 01:40:14 Initializing Jersey for plugin 'rest-api-2017.2'; REST API initializer 1] com.sun.jersey.api.wadl.config.WadlGeneratorLoader.loadWadlGenerator Loading wadlGenerator jetbrains.buildServer.server.rest.jersey.WadlGenerator$PatchedWadlGenerator
08-Mar-2019 01:40:17.015 INFO [TC: 01:40:14 Initializing Jersey for plugin 'rest-api-2017.2'; REST API initializer 1] com.sun.jersey.api.wadl.config.WadlGeneratorLoader.loadWadlGenerator Loading wadlGenerator com.sun.jersey.server.wadl.generators.resourcedoc.WadlGeneratorResourceDocSupport
08-Mar-2019 01:40:17.061 INFO [TC: 01:40:14 Initializing Jersey for plugin 'rest-api' via background initial initialization; REST API initializer for plugin 'rest-api' 1] com.sun.jersey.api.wadl.config.WadlGeneratorLoader.loadWadlGenerator Loading wadlGenerator com.sun.jersey.server.wadl.generators.WadlGeneratorApplicationDoc
08-Mar-2019 01:40:17.088 INFO [TC: 01:40:14 Initializing Jersey for plugin 'rest-api' via background initial initialization; REST API initializer for plugin 'rest-api' 1] com.sun.jersey.api.wadl.config.WadlGeneratorLoader.loadWadlGenerator Loading wadlGenerator jetbrains.buildServer.server.rest.jersey.WadlGenerator$PatchedWadlGenerator
08-Mar-2019 01:40:17.093 INFO [TC: 01:40:14 Initializing Jersey for plugin 'rest-api' via background initial initialization; REST API initializer for plugin 'rest-api' 1] com.sun.jersey.api.wadl.config.WadlGeneratorLoader.loadWadlGenerator Loading wadlGenerator com.sun.jersey.server.wadl.generators.resourcedoc.WadlGeneratorResourceDocSupport
08-Mar-2019 01:44:12.213 INFO [TC: 01:44:12 Stage: TeamCity server is shutting down; TeamCity Server (version 2018.2.3 build 61544 started 2019-03-08 01:37:41.696), node id: MAIN_SERVER] org.apache.catalina.core.ApplicationContext.log Destroying Spring FrameworkServlet 'buildServer'
08-Mar-2019 01:44:18.511 INFO [localhost-startStop-1] org.apache.catalina.core.ApplicationContext.log No Spring WebApplicationInitializer types detected on classpath
08-Mar-2019 01:44:18.676 INFO [localhost-startStop-1] org.apache.jasper.servlet.TldScanner.scanJars At least one JAR was scanned for TLDs yet contained no TLDs. Enable debug logging for this logger for a complete list of JARs that were scanned but no TLDs were found in them. Skipping unneeded JARs during scanning can improve startup time and JSP compilation time.
08-Mar-2019 01:44:20.954 INFO [TC: 01:44:20 Stage: Initializing TeamCity server components; TeamCity Server (version 2018.2.3 build 61544 started 2019-03-08 01:44:19.010), node id: MAIN_SERVER] org.apache.catalina.core.ApplicationContext.log Initializing Spring FrameworkServlet 'buildServer'
08-Mar-2019 01:44:49.276 INFO [TC: 01:44:48 Initializing Jersey for plugin 'rest-api-2017.1'; REST API initializer 1] com.sun.jersey.server.impl.application.WebApplicationImpl._initiate Initiating Jersey application, version 'Jersey: 1.19 02/11/2015 03:25 AM'
08-Mar-2019 01:44:49.326 INFO [TC: 01:44:48 Initializing Jersey for plugin 'rest-api-2017.2'; REST API initializer 1] com.sun.jersey.server.impl.application.WebApplicationImpl._initiate Initiating Jersey application, version 'Jersey: 1.19 02/11/2015 03:25 AM'
08-Mar-2019 01:44:49.331 INFO [TC: 01:44:48 Initializing Jersey for plugin 'rest-api' via background initial initialization; REST API initializer for plugin 'rest-api' 1] com.sun.jersey.server.impl.application.WebApplicationImpl._initiate Initiating Jersey application, version 'Jersey: 1.19 02/11/2015 03:25 AM'
08-Mar-2019 01:44:49.684 INFO [TC: 01:44:48 Initializing Jersey for plugin 'rest-api-2017.1'; REST API initializer 1] com.sun.jersey.server.impl.application.DeferredResourceConfig$ApplicationHolder.<init> Instantiated the Application class jetbrains.buildServer.server.rest.jersey.ExtensionsAwareResourceConfig
08-Mar-2019 01:44:49.740 INFO [TC: 01:44:48 Initializing Jersey for plugin 'rest-api' via background initial initialization; REST API initializer for plugin 'rest-api' 1] com.sun.jersey.server.impl.application.DeferredResourceConfig$ApplicationHolder.<init> Instantiated the Application class jetbrains.buildServer.server.rest.jersey.ExtensionsAwareResourceConfig
08-Mar-2019 01:44:49.945 INFO [TC: 01:44:48 Initializing Jersey for plugin 'rest-api-2017.2'; REST API initializer 1] com.sun.jersey.server.impl.application.DeferredResourceConfig$ApplicationHolder.<init> Instantiated the Application class jetbrains.buildServer.server.rest.jersey.ExtensionsAwareResourceConfig
08-Mar-2019 01:44:50.653 INFO [TC: 01:44:48 Initializing Jersey for plugin 'rest-api-2017.1'; REST API initializer 1] com.sun.jersey.api.wadl.config.WadlGeneratorLoader.loadWadlGenerator Loading wadlGenerator com.sun.jersey.server.wadl.generators.WadlGeneratorApplicationDoc
08-Mar-2019 01:44:50.659 INFO [TC: 01:44:48 Initializing Jersey for plugin 'rest-api-2017.1'; REST API initializer 1] com.sun.jersey.api.wadl.config.WadlGeneratorLoader.loadWadlGenerator Loading wadlGenerator jetbrains.buildServer.server.rest.jersey.WadlGenerator$PatchedWadlGenerator
08-Mar-2019 01:44:50.665 INFO [TC: 01:44:48 Initializing Jersey for plugin 'rest-api-2017.1'; REST API initializer 1] com.sun.jersey.api.wadl.config.WadlGeneratorLoader.loadWadlGenerator Loading wadlGenerator com.sun.jersey.server.wadl.generators.resourcedoc.WadlGeneratorResourceDocSupport
08-Mar-2019 01:44:50.759 INFO [TC: 01:44:48 Initializing Jersey for plugin 'rest-api' via background initial initialization; REST API initializer for plugin 'rest-api' 1] com.sun.jersey.api.wadl.config.WadlGeneratorLoader.loadWadlGenerator Loading wadlGenerator com.sun.jersey.server.wadl.generators.WadlGeneratorApplicationDoc
08-Mar-2019 01:44:50.767 INFO [TC: 01:44:48 Initializing Jersey for plugin 'rest-api' via background initial initialization; REST API initializer for plugin 'rest-api' 1] com.sun.jersey.api.wadl.config.WadlGeneratorLoader.loadWadlGenerator Loading wadlGenerator jetbrains.buildServer.server.rest.jersey.WadlGenerator$PatchedWadlGenerator
08-Mar-2019 01:44:50.768 INFO [TC: 01:44:48 Initializing Jersey for plugin 'rest-api' via background initial initialization; REST API initializer for plugin 'rest-api' 1] com.sun.jersey.api.wadl.config.WadlGeneratorLoader.loadWadlGenerator Loading wadlGenerator com.sun.jersey.server.wadl.generators.resourcedoc.WadlGeneratorResourceDocSupport
08-Mar-2019 01:44:51.049 INFO [TC: 01:44:48 Initializing Jersey for plugin 'rest-api-2017.2'; REST API initializer 1] com.sun.jersey.api.wadl.config.WadlGeneratorLoader.loadWadlGenerator Loading wadlGenerator com.sun.jersey.server.wadl.generators.WadlGeneratorApplicationDoc
08-Mar-2019 01:44:51.065 INFO [TC: 01:44:48 Initializing Jersey for plugin 'rest-api-2017.2'; REST API initializer 1] com.sun.jersey.api.wadl.config.WadlGeneratorLoader.loadWadlGenerator Loading wadlGenerator jetbrains.buildServer.server.rest.jersey.WadlGenerator$PatchedWadlGenerator
08-Mar-2019 01:44:51.066 INFO [TC: 01:44:48 Initializing Jersey for plugin 'rest-api-2017.2'; REST API initializer 1] com.sun.jersey.api.wadl.config.WadlGeneratorLoader.loadWadlGenerator Loading wadlGenerator com.sun.jersey.server.wadl.generators.resourcedoc.WadlGeneratorResourceDocSupport
08-Mar-2019 02:34:11.628 INFO [localhost-startStop-1] org.apache.catalina.core.ApplicationContext.log No Spring WebApplicationInitializer types detected on classpath
08-Mar-2019 02:34:11.768 INFO [localhost-startStop-1] org.apache.jasper.servlet.TldScanner.scanJars At least one JAR was scanned for TLDs yet contained no TLDs. Enable debug logging for this logger for a complete list of JARs that were scanned but no TLDs were found in them. Skipping unneeded JARs during scanning can improve startup time and JSP compilation time.
08-Mar-2019 02:34:13.463 INFO [TC: 02:34:13 Stage: Initializing TeamCity server components; TeamCity Server (version 2018.2.3 build 61544 started 2019-03-08 02:34:12.120), node id: MAIN_SERVER] org.apache.catalina.core.ApplicationContext.log Initializing Spring FrameworkServlet 'buildServer'
08-Mar-2019 02:34:48.708 INFO [TC: 02:34:47 Initializing Jersey for plugin 'rest-api-2017.2'; REST API initializer 1] com.sun.jersey.server.impl.application.WebApplicationImpl._initiate Initiating Jersey application, version 'Jersey: 1.19 02/11/2015 03:25 AM'
08-Mar-2019 02:34:48.708 INFO [TC: 02:34:47 Initializing Jersey for plugin 'rest-api' via background initial initialization; REST API initializer for plugin 'rest-api' 1] com.sun.jersey.server.impl.application.WebApplicationImpl._initiate Initiating Jersey application, version 'Jersey: 1.19 02/11/2015 03:25 AM'
08-Mar-2019 02:34:48.712 INFO [TC: 02:34:47 Initializing Jersey for plugin 'rest-api-2017.1'; REST API initializer 1] com.sun.jersey.server.impl.application.WebApplicationImpl._initiate Initiating Jersey application, version 'Jersey: 1.19 02/11/2015 03:25 AM'
08-Mar-2019 02:34:49.329 INFO [TC: 02:34:47 Initializing Jersey for plugin 'rest-api-2017.1'; REST API initializer 1] com.sun.jersey.server.impl.application.DeferredResourceConfig$ApplicationHolder.<init> Instantiated the Application class jetbrains.buildServer.server.rest.jersey.ExtensionsAwareResourceConfig
08-Mar-2019 02:34:49.426 INFO [TC: 02:34:47 Initializing Jersey for plugin 'rest-api' via background initial initialization; REST API initializer for plugin 'rest-api' 1] com.sun.jersey.server.impl.application.DeferredResourceConfig$ApplicationHolder.<init> Instantiated the Application class jetbrains.buildServer.server.rest.jersey.ExtensionsAwareResourceConfig
08-Mar-2019 02:34:49.510 INFO [TC: 02:34:47 Initializing Jersey for plugin 'rest-api-2017.2'; REST API initializer 1] com.sun.jersey.server.impl.application.DeferredResourceConfig$ApplicationHolder.<init> Instantiated the Application class jetbrains.buildServer.server.rest.jersey.ExtensionsAwareResourceConfig
08-Mar-2019 02:34:50.489 INFO [TC: 02:34:47 Initializing Jersey for plugin 'rest-api-2017.1'; REST API initializer 1] com.sun.jersey.api.wadl.config.WadlGeneratorLoader.loadWadlGenerator Loading wadlGenerator com.sun.jersey.server.wadl.generators.WadlGeneratorApplicationDoc
08-Mar-2019 02:34:50.518 INFO [TC: 02:34:47 Initializing Jersey for plugin 'rest-api-2017.1'; REST API initializer 1] com.sun.jersey.api.wadl.config.WadlGeneratorLoader.loadWadlGenerator Loading wadlGenerator jetbrains.buildServer.server.rest.jersey.WadlGenerator$PatchedWadlGenerator
08-Mar-2019 02:34:50.525 INFO [TC: 02:34:47 Initializing Jersey for plugin 'rest-api-2017.1'; REST API initializer 1] com.sun.jersey.api.wadl.config.WadlGeneratorLoader.loadWadlGenerator Loading wadlGenerator com.sun.jersey.server.wadl.generators.resourcedoc.WadlGeneratorResourceDocSupport
08-Mar-2019 02:34:50.538 INFO [TC: 02:34:47 Initializing Jersey for plugin 'rest-api' via background initial initialization; REST API initializer for plugin 'rest-api' 1] com.sun.jersey.api.wadl.config.WadlGeneratorLoader.loadWadlGenerator Loading wadlGenerator com.sun.jersey.server.wadl.generators.WadlGeneratorApplicationDoc
08-Mar-2019 02:34:50.548 INFO [TC: 02:34:47 Initializing Jersey for plugin 'rest-api' via background initial initialization; REST API initializer for plugin 'rest-api' 1] com.sun.jersey.api.wadl.config.WadlGeneratorLoader.loadWadlGenerator Loading wadlGenerator jetbrains.buildServer.server.rest.jersey.WadlGenerator$PatchedWadlGenerator
08-Mar-2019 02:34:50.549 INFO [TC: 02:34:47 Initializing Jersey for plugin 'rest-api' via background initial initialization; REST API initializer for plugin 'rest-api' 1] com.sun.jersey.api.wadl.config.WadlGeneratorLoader.loadWadlGenerator Loading wadlGenerator com.sun.jersey.server.wadl.generators.resourcedoc.WadlGeneratorResourceDocSupport
08-Mar-2019 02:34:50.790 INFO [TC: 02:34:47 Initializing Jersey for plugin 'rest-api-2017.2'; REST API initializer 1] com.sun.jersey.api.wadl.config.WadlGeneratorLoader.loadWadlGenerator Loading wadlGenerator com.sun.jersey.server.wadl.generators.WadlGeneratorApplicationDoc
08-Mar-2019 02:34:50.797 INFO [TC: 02:34:47 Initializing Jersey for plugin 'rest-api-2017.2'; REST API initializer 1] com.sun.jersey.api.wadl.config.WadlGeneratorLoader.loadWadlGenerator Loading wadlGenerator jetbrains.buildServer.server.rest.jersey.WadlGenerator$PatchedWadlGenerator
08-Mar-2019 02:34:50.798 INFO [TC: 02:34:47 Initializing Jersey for plugin 'rest-api-2017.2'; REST API initializer 1] com.sun.jersey.api.wadl.config.WadlGeneratorLoader.loadWadlGenerator Loading wadlGenerator com.sun.jersey.server.wadl.generators.resourcedoc.WadlGeneratorResourceDocSupport
08-Mar-2019 02:40:23.887 INFO [localhost-startStop-1] org.apache.catalina.core.ApplicationContext.log No Spring WebApplicationInitializer types detected on classpath
08-Mar-2019 02:40:24.095 INFO [localhost-startStop-1] org.apache.jasper.servlet.TldScanner.scanJars At least one JAR was scanned for TLDs yet contained no TLDs. Enable debug logging for this logger for a complete list of JARs that were scanned but no TLDs were found in them. Skipping unneeded JARs during scanning can improve startup time and JSP compilation time.
08-Mar-2019 02:40:26.014 INFO [TC: 02:40:25 Stage: Initializing TeamCity server components; TeamCity Server (version 2018.2.3 build 61544 started 2019-03-08 02:40:24.475), node id: MAIN_SERVER] org.apache.catalina.core.ApplicationContext.log Initializing Spring FrameworkServlet 'buildServer'
08-Mar-2019 02:41:08.589 INFO [TC: 02:41:07 Initializing Jersey for plugin 'rest-api-2017.2'; REST API initializer 1] com.sun.jersey.server.impl.application.WebApplicationImpl._initiate Initiating Jersey application, version 'Jersey: 1.19 02/11/2015 03:25 AM'
08-Mar-2019 02:41:08.618 INFO [TC: 02:41:07 Initializing Jersey for plugin 'rest-api' via background initial initialization; REST API initializer for plugin 'rest-api' 1] com.sun.jersey.server.impl.application.WebApplicationImpl._initiate Initiating Jersey application, version 'Jersey: 1.19 02/11/2015 03:25 AM'
08-Mar-2019 02:41:08.643 INFO [TC: 02:41:07 Initializing Jersey for plugin 'rest-api-2017.1'; REST API initializer 1] com.sun.jersey.server.impl.application.WebApplicationImpl._initiate Initiating Jersey application, version 'Jersey: 1.19 02/11/2015 03:25 AM'
08-Mar-2019 02:41:09.286 INFO [TC: 02:41:07 Initializing Jersey for plugin 'rest-api-2017.1'; REST API initializer 1] com.sun.jersey.server.impl.application.DeferredResourceConfig$ApplicationHolder.<init> Instantiated the Application class jetbrains.buildServer.server.rest.jersey.ExtensionsAwareResourceConfig
08-Mar-2019 02:41:09.333 INFO [TC: 02:41:07 Initializing Jersey for plugin 'rest-api-2017.2'; REST API initializer 1] com.sun.jersey.server.impl.application.DeferredResourceConfig$ApplicationHolder.<init> Instantiated the Application class jetbrains.buildServer.server.rest.jersey.ExtensionsAwareResourceConfig
08-Mar-2019 02:41:09.338 INFO [TC: 02:41:07 Initializing Jersey for plugin 'rest-api' via background initial initialization; REST API initializer for plugin 'rest-api' 1] com.sun.jersey.server.impl.application.DeferredResourceConfig$ApplicationHolder.<init> Instantiated the Application class jetbrains.buildServer.server.rest.jersey.ExtensionsAwareResourceConfig
08-Mar-2019 02:41:10.476 INFO [TC: 02:41:07 Initializing Jersey for plugin 'rest-api' via background initial initialization; REST API initializer for plugin 'rest-api' 1] com.sun.jersey.api.wadl.config.WadlGeneratorLoader.loadWadlGenerator Loading wadlGenerator com.sun.jersey.server.wadl.generators.WadlGeneratorApplicationDoc
08-Mar-2019 02:41:10.489 INFO [TC: 02:41:07 Initializing Jersey for plugin 'rest-api' via background initial initialization; REST API initializer for plugin 'rest-api' 1] com.sun.jersey.api.wadl.config.WadlGeneratorLoader.loadWadlGenerator Loading wadlGenerator jetbrains.buildServer.server.rest.jersey.WadlGenerator$PatchedWadlGenerator
08-Mar-2019 02:41:10.491 INFO [TC: 02:41:07 Initializing Jersey for plugin 'rest-api' via background initial initialization; REST API initializer for plugin 'rest-api' 1] com.sun.jersey.api.wadl.config.WadlGeneratorLoader.loadWadlGenerator Loading wadlGenerator com.sun.jersey.server.wadl.generators.resourcedoc.WadlGeneratorResourceDocSupport
08-Mar-2019 02:41:10.659 INFO [TC: 02:41:07 Initializing Jersey for plugin 'rest-api-2017.1'; REST API initializer 1] com.sun.jersey.api.wadl.config.WadlGeneratorLoader.loadWadlGenerator Loading wadlGenerator com.sun.jersey.server.wadl.generators.WadlGeneratorApplicationDoc
08-Mar-2019 02:41:10.666 INFO [TC: 02:41:07 Initializing Jersey for plugin 'rest-api-2017.1'; REST API initializer 1] com.sun.jersey.api.wadl.config.WadlGeneratorLoader.loadWadlGenerator Loading wadlGenerator jetbrains.buildServer.server.rest.jersey.WadlGenerator$PatchedWadlGenerator
08-Mar-2019 02:41:10.674 INFO [TC: 02:41:07 Initializing Jersey for plugin 'rest-api-2017.1'; REST API initializer 1] com.sun.jersey.api.wadl.config.WadlGeneratorLoader.loadWadlGenerator Loading wadlGenerator com.sun.jersey.server.wadl.generators.resourcedoc.WadlGeneratorResourceDocSupport
08-Mar-2019 02:41:10.908 INFO [TC: 02:41:07 Initializing Jersey for plugin 'rest-api-2017.2'; REST API initializer 1] com.sun.jersey.api.wadl.config.WadlGeneratorLoader.loadWadlGenerator Loading wadlGenerator com.sun.jersey.server.wadl.generators.WadlGeneratorApplicationDoc
08-Mar-2019 02:41:10.928 INFO [TC: 02:41:07 Initializing Jersey for plugin 'rest-api-2017.2'; REST API initializer 1] com.sun.jersey.api.wadl.config.WadlGeneratorLoader.loadWadlGenerator Loading wadlGenerator jetbrains.buildServer.server.rest.jersey.WadlGenerator$PatchedWadlGenerator
08-Mar-2019 02:41:10.950 INFO [TC: 02:41:07 Initializing Jersey for plugin 'rest-api-2017.2'; REST API initializer 1] com.sun.jersey.api.wadl.config.WadlGeneratorLoader.loadWadlGenerator Loading wadlGenerator com.sun.jersey.server.wadl.generators.resourcedoc.WadlGeneratorResourceDocSupport
08-Mar-2019 08:35:13.801 INFO [localhost-startStop-1] org.apache.catalina.core.ApplicationContext.log No Spring WebApplicationInitializer types detected on classpath
08-Mar-2019 08:35:14.229 INFO [localhost-startStop-1] org.apache.jasper.servlet.TldScanner.scanJars At least one JAR was scanned for TLDs yet contained no TLDs. Enable debug logging for this logger for a complete list of JARs that were scanned but no TLDs were found in them. Skipping unneeded JARs during scanning can improve startup time and JSP compilation time.
08-Mar-2019 08:35:17.934 INFO [TC: 08:35:17 Stage: Initializing TeamCity server components; TeamCity Server (version 2018.2.3 build 61544 started 2019-03-08 08:35:15.008), node id: MAIN_SERVER] org.apache.catalina.core.ApplicationContext.log Initializing Spring FrameworkServlet 'buildServer'
08-Mar-2019 08:35:59.312 INFO [TC: 08:35:58 Initializing Jersey for plugin 'rest-api' via background initial initialization; REST API initializer for plugin 'rest-api' 1] com.sun.jersey.server.impl.application.WebApplicationImpl._initiate Initiating Jersey application, version 'Jersey: 1.19 02/11/2015 03:25 AM'
08-Mar-2019 08:35:59.351 INFO [TC: 08:35:58 Initializing Jersey for plugin 'rest-api-2017.1'; REST API initializer 1] com.sun.jersey.server.impl.application.WebApplicationImpl._initiate Initiating Jersey application, version 'Jersey: 1.19 02/11/2015 03:25 AM'
08-Mar-2019 08:35:59.351 INFO [TC: 08:35:58 Initializing Jersey for plugin 'rest-api-2017.2'; REST API initializer 1] com.sun.jersey.server.impl.application.WebApplicationImpl._initiate Initiating Jersey application, version 'Jersey: 1.19 02/11/2015 03:25 AM'
08-Mar-2019 08:36:00.159 INFO [TC: 08:35:58 Initializing Jersey for plugin 'rest-api' via background initial initialization; REST API initializer for plugin 'rest-api' 1] com.sun.jersey.server.impl.application.DeferredResourceConfig$ApplicationHolder.<init> Instantiated the Application class jetbrains.buildServer.server.rest.jersey.ExtensionsAwareResourceConfig
08-Mar-2019 08:36:00.197 INFO [TC: 08:35:58 Initializing Jersey for plugin 'rest-api-2017.1'; REST API initializer 1] com.sun.jersey.server.impl.application.DeferredResourceConfig$ApplicationHolder.<init> Instantiated the Application class jetbrains.buildServer.server.rest.jersey.ExtensionsAwareResourceConfig
08-Mar-2019 08:36:00.213 INFO [TC: 08:35:58 Initializing Jersey for plugin 'rest-api-2017.2'; REST API initializer 1] com.sun.jersey.server.impl.application.DeferredResourceConfig$ApplicationHolder.<init> Instantiated the Application class jetbrains.buildServer.server.rest.jersey.ExtensionsAwareResourceConfig
08-Mar-2019 08:36:01.415 INFO [TC: 08:35:58 Initializing Jersey for plugin 'rest-api-2017.1'; REST API initializer 1] com.sun.jersey.api.wadl.config.WadlGeneratorLoader.loadWadlGenerator Loading wadlGenerator com.sun.jersey.server.wadl.generators.WadlGeneratorApplicationDoc
08-Mar-2019 08:36:01.433 INFO [TC: 08:35:58 Initializing Jersey for plugin 'rest-api-2017.1'; REST API initializer 1] com.sun.jersey.api.wadl.config.WadlGeneratorLoader.loadWadlGenerator Loading wadlGenerator jetbrains.buildServer.server.rest.jersey.WadlGenerator$PatchedWadlGenerator
08-Mar-2019 08:36:01.436 INFO [TC: 08:35:58 Initializing Jersey for plugin 'rest-api-2017.1'; REST API initializer 1] com.sun.jersey.api.wadl.config.WadlGeneratorLoader.loadWadlGenerator Loading wadlGenerator com.sun.jersey.server.wadl.generators.resourcedoc.WadlGeneratorResourceDocSupport
08-Mar-2019 08:36:01.528 INFO [TC: 08:35:58 Initializing Jersey for plugin 'rest-api-2017.2'; REST API initializer 1] com.sun.jersey.api.wadl.config.WadlGeneratorLoader.loadWadlGenerator Loading wadlGenerator com.sun.jersey.server.wadl.generators.WadlGeneratorApplicationDoc
08-Mar-2019 08:36:01.541 INFO [TC: 08:35:58 Initializing Jersey for plugin 'rest-api-2017.2'; REST API initializer 1] com.sun.jersey.api.wadl.config.WadlGeneratorLoader.loadWadlGenerator Loading wadlGenerator jetbrains.buildServer.server.rest.jersey.WadlGenerator$PatchedWadlGenerator
08-Mar-2019 08:36:01.542 INFO [TC: 08:35:58 Initializing Jersey for plugin 'rest-api-2017.2'; REST API initializer 1] com.sun.jersey.api.wadl.config.WadlGeneratorLoader.loadWadlGenerator Loading wadlGenerator com.sun.jersey.server.wadl.generators.resourcedoc.WadlGeneratorResourceDocSupport
08-Mar-2019 08:36:01.539 INFO [TC: 08:35:58 Initializing Jersey for plugin 'rest-api' via background initial initialization; REST API initializer for plugin 'rest-api' 1] com.sun.jersey.api.wadl.config.WadlGeneratorLoader.loadWadlGenerator Loading wadlGenerator com.sun.jersey.server.wadl.generators.WadlGeneratorApplicationDoc
08-Mar-2019 08:36:01.556 INFO [TC: 08:35:58 Initializing Jersey for plugin 'rest-api' via background initial initialization; REST API initializer for plugin 'rest-api' 1] com.sun.jersey.api.wadl.config.WadlGeneratorLoader.loadWadlGenerator Loading wadlGenerator jetbrains.buildServer.server.rest.jersey.WadlGenerator$PatchedWadlGenerator
08-Mar-2019 08:36:01.561 INFO [TC: 08:35:58 Initializing Jersey for plugin 'rest-api' via background initial initialization; REST API initializer for plugin 'rest-api' 1] com.sun.jersey.api.wadl.config.WadlGeneratorLoader.loadWadlGenerator Loading wadlGenerator com.sun.jersey.server.wadl.generators.resourcedoc.WadlGeneratorResourceDocSupport
08-Mar-2019 08:39:12.384 INFO [localhost-startStop-1] org.apache.catalina.core.ApplicationContext.log No Spring WebApplicationInitializer types detected on classpath
08-Mar-2019 08:39:12.668 INFO [localhost-startStop-1] org.apache.jasper.servlet.TldScanner.scanJars At least one JAR was scanned for TLDs yet contained no TLDs. Enable debug logging for this logger for a complete list of JARs that were scanned but no TLDs were found in them. Skipping unneeded JARs during scanning can improve startup time and JSP compilation time.
08-Mar-2019 08:39:16.071 INFO [TC: 08:39:15 Stage: Initializing TeamCity server components; TeamCity Server (version 2018.2.3 build 61544 started 2019-03-08 08:39:13.205), node id: MAIN_SERVER] org.apache.catalina.core.ApplicationContext.log Initializing Spring FrameworkServlet 'buildServer'
08-Mar-2019 08:39:56.223 INFO [TC: 08:39:55 Initializing Jersey for plugin 'rest-api-2017.2'; REST API initializer 1] com.sun.jersey.server.impl.application.WebApplicationImpl._initiate Initiating Jersey application, version 'Jersey: 1.19 02/11/2015 03:25 AM'
08-Mar-2019 08:39:56.225 INFO [TC: 08:39:55 Initializing Jersey for plugin 'rest-api' via background initial initialization; REST API initializer for plugin 'rest-api' 1] com.sun.jersey.server.impl.application.WebApplicationImpl._initiate Initiating Jersey application, version 'Jersey: 1.19 02/11/2015 03:25 AM'
08-Mar-2019 08:39:56.263 INFO [TC: 08:39:55 Initializing Jersey for plugin 'rest-api-2017.1'; REST API initializer 1] com.sun.jersey.server.impl.application.WebApplicationImpl._initiate Initiating Jersey application, version 'Jersey: 1.19 02/11/2015 03:25 AM'
08-Mar-2019 08:39:57.084 INFO [TC: 08:39:55 Initializing Jersey for plugin 'rest-api' via background initial initialization; REST API initializer for plugin 'rest-api' 1] com.sun.jersey.server.impl.application.DeferredResourceConfig$ApplicationHolder.<init> Instantiated the Application class jetbrains.buildServer.server.rest.jersey.ExtensionsAwareResourceConfig
08-Mar-2019 08:39:57.328 INFO [TC: 08:39:55 Initializing Jersey for plugin 'rest-api-2017.2'; REST API initializer 1] com.sun.jersey.server.impl.application.DeferredResourceConfig$ApplicationHolder.<init> Instantiated the Application class jetbrains.buildServer.server.rest.jersey.ExtensionsAwareResourceConfig
08-Mar-2019 08:39:57.354 INFO [TC: 08:39:55 Initializing Jersey for plugin 'rest-api-2017.1'; REST API initializer 1] com.sun.jersey.server.impl.application.DeferredResourceConfig$ApplicationHolder.<init> Instantiated the Application class jetbrains.buildServer.server.rest.jersey.ExtensionsAwareResourceConfig
08-Mar-2019 08:39:58.267 INFO [TC: 08:39:55 Initializing Jersey for plugin 'rest-api' via background initial initialization; REST API initializer for plugin 'rest-api' 1] com.sun.jersey.api.wadl.config.WadlGeneratorLoader.loadWadlGenerator Loading wadlGenerator com.sun.jersey.server.wadl.generators.WadlGeneratorApplicationDoc
08-Mar-2019 08:39:58.312 INFO [TC: 08:39:55 Initializing Jersey for plugin 'rest-api' via background initial initialization; REST API initializer for plugin 'rest-api' 1] com.sun.jersey.api.wadl.config.WadlGeneratorLoader.loadWadlGenerator Loading wadlGenerator jetbrains.buildServer.server.rest.jersey.WadlGenerator$PatchedWadlGenerator
08-Mar-2019 08:39:58.320 INFO [TC: 08:39:55 Initializing Jersey for plugin 'rest-api' via background initial initialization; REST API initializer for plugin 'rest-api' 1] com.sun.jersey.api.wadl.config.WadlGeneratorLoader.loadWadlGenerator Loading wadlGenerator com.sun.jersey.server.wadl.generators.resourcedoc.WadlGeneratorResourceDocSupport
08-Mar-2019 08:39:58.519 INFO [TC: 08:39:55 Initializing Jersey for plugin 'rest-api-2017.2'; REST API initializer 1] com.sun.jersey.api.wadl.config.WadlGeneratorLoader.loadWadlGenerator Loading wadlGenerator com.sun.jersey.server.wadl.generators.WadlGeneratorApplicationDoc
08-Mar-2019 08:39:58.545 INFO [TC: 08:39:55 Initializing Jersey for plugin 'rest-api-2017.2'; REST API initializer 1] com.sun.jersey.api.wadl.config.WadlGeneratorLoader.loadWadlGenerator Loading wadlGenerator jetbrains.buildServer.server.rest.jersey.WadlGenerator$PatchedWadlGenerator
08-Mar-2019 08:39:58.545 INFO [TC: 08:39:55 Initializing Jersey for plugin 'rest-api-2017.2'; REST API initializer 1] com.sun.jersey.api.wadl.config.WadlGeneratorLoader.loadWadlGenerator Loading wadlGenerator com.sun.jersey.server.wadl.generators.resourcedoc.WadlGeneratorResourceDocSupport
08-Mar-2019 08:39:58.592 INFO [TC: 08:39:55 Initializing Jersey for plugin 'rest-api-2017.1'; REST API initializer 1] com.sun.jersey.api.wadl.config.WadlGeneratorLoader.loadWadlGenerator Loading wadlGenerator com.sun.jersey.server.wadl.generators.WadlGeneratorApplicationDoc
08-Mar-2019 08:39:58.613 INFO [TC: 08:39:55 Initializing Jersey for plugin 'rest-api-2017.1'; REST API initializer 1] com.sun.jersey.api.wadl.config.WadlGeneratorLoader.loadWadlGenerator Loading wadlGenerator jetbrains.buildServer.server.rest.jersey.WadlGenerator$PatchedWadlGenerator
08-Mar-2019 08:39:58.615 INFO [TC: 08:39:55 Initializing Jersey for plugin 'rest-api-2017.1'; REST API initializer 1] com.sun.jersey.api.wadl.config.WadlGeneratorLoader.loadWadlGenerator Loading wadlGenerator com.sun.jersey.server.wadl.generators.resourcedoc.WadlGeneratorResourceDocSupport
08-Mar-2019 08:44:35.852 INFO [TC: 08:44:35 Stage: TeamCity server is shutting down; TeamCity Server (version 2018.2.3 build 61544 started 2019-03-08 08:39:13.205), node id: MAIN_SERVER] org.apache.catalina.core.ApplicationContext.log Destroying Spring FrameworkServlet 'buildServer'
08-Mar-2019 08:45:15.895 INFO [localhost-startStop-1] org.apache.catalina.core.ApplicationContext.log No Spring WebApplicationInitializer types detected on classpath
08-Mar-2019 08:45:16.117 INFO [localhost-startStop-1] org.apache.jasper.servlet.TldScanner.scanJars At least one JAR was scanned for TLDs yet contained no TLDs. Enable debug logging for this logger for a complete list of JARs that were scanned but no TLDs were found in them. Skipping unneeded JARs during scanning can improve startup time and JSP compilation time.
08-Mar-2019 08:45:17.953 INFO [TC: 08:45:17 Stage: Initializing TeamCity server components; TeamCity Server (version 2018.2.3 build 61544 started 2019-03-08 08:45:16.485), node id: MAIN_SERVER] org.apache.catalina.core.ApplicationContext.log Initializing Spring FrameworkServlet 'buildServer'
08-Mar-2019 08:45:55.500 INFO [TC: 08:45:54 Initializing Jersey for plugin 'rest-api-2017.2'; REST API initializer 1] com.sun.jersey.server.impl.application.WebApplicationImpl._initiate Initiating Jersey application, version 'Jersey: 1.19 02/11/2015 03:25 AM'
08-Mar-2019 08:45:55.626 INFO [TC: 08:45:54 Initializing Jersey for plugin 'rest-api-2017.1'; REST API initializer 1] com.sun.jersey.server.impl.application.WebApplicationImpl._initiate Initiating Jersey application, version 'Jersey: 1.19 02/11/2015 03:25 AM'
08-Mar-2019 08:45:55.659 INFO [TC: 08:45:54 Initializing Jersey for plugin 'rest-api' via background initial initialization; REST API initializer for plugin 'rest-api' 1] com.sun.jersey.server.impl.application.WebApplicationImpl._initiate Initiating Jersey application, version 'Jersey: 1.19 02/11/2015 03:25 AM'
08-Mar-2019 08:45:56.047 INFO [TC: 08:45:54 Initializing Jersey for plugin 'rest-api-2017.2'; REST API initializer 1] com.sun.jersey.server.impl.application.DeferredResourceConfig$ApplicationHolder.<init> Instantiated the Application class jetbrains.buildServer.server.rest.jersey.ExtensionsAwareResourceConfig
08-Mar-2019 08:45:56.208 INFO [TC: 08:45:54 Initializing Jersey for plugin 'rest-api-2017.1'; REST API initializer 1] com.sun.jersey.server.impl.application.DeferredResourceConfig$ApplicationHolder.<init> Instantiated the Application class jetbrains.buildServer.server.rest.jersey.ExtensionsAwareResourceConfig
08-Mar-2019 08:45:56.265 INFO [TC: 08:45:54 Initializing Jersey for plugin 'rest-api' via background initial initialization; REST API initializer for plugin 'rest-api' 1] com.sun.jersey.server.impl.application.DeferredResourceConfig$ApplicationHolder.<init> Instantiated the Application class jetbrains.buildServer.server.rest.jersey.ExtensionsAwareResourceConfig
08-Mar-2019 08:45:56.984 INFO [TC: 08:45:54 Initializing Jersey for plugin 'rest-api-2017.1'; REST API initializer 1] com.sun.jersey.api.wadl.config.WadlGeneratorLoader.loadWadlGenerator Loading wadlGenerator com.sun.jersey.server.wadl.generators.WadlGeneratorApplicationDoc
08-Mar-2019 08:45:56.988 INFO [TC: 08:45:54 Initializing Jersey for plugin 'rest-api-2017.1'; REST API initializer 1] com.sun.jersey.api.wadl.config.WadlGeneratorLoader.loadWadlGenerator Loading wadlGenerator jetbrains.buildServer.server.rest.jersey.WadlGenerator$PatchedWadlGenerator
08-Mar-2019 08:45:56.991 INFO [TC: 08:45:54 Initializing Jersey for plugin 'rest-api-2017.1'; REST API initializer 1] com.sun.jersey.api.wadl.config.WadlGeneratorLoader.loadWadlGenerator Loading wadlGenerator com.sun.jersey.server.wadl.generators.resourcedoc.WadlGeneratorResourceDocSupport
08-Mar-2019 08:45:57.053 INFO [TC: 08:45:54 Initializing Jersey for plugin 'rest-api-2017.2'; REST API initializer 1] com.sun.jersey.api.wadl.config.WadlGeneratorLoader.loadWadlGenerator Loading wadlGenerator com.sun.jersey.server.wadl.generators.WadlGeneratorApplicationDoc
08-Mar-2019 08:45:57.068 INFO [TC: 08:45:54 Initializing Jersey for plugin 'rest-api-2017.2'; REST API initializer 1] com.sun.jersey.api.wadl.config.WadlGeneratorLoader.loadWadlGenerator Loading wadlGenerator jetbrains.buildServer.server.rest.jersey.WadlGenerator$PatchedWadlGenerator
08-Mar-2019 08:45:57.068 INFO [TC: 08:45:54 Initializing Jersey for plugin 'rest-api-2017.2'; REST API initializer 1] com.sun.jersey.api.wadl.config.WadlGeneratorLoader.loadWadlGenerator Loading wadlGenerator com.sun.jersey.server.wadl.generators.resourcedoc.WadlGeneratorResourceDocSupport
08-Mar-2019 08:45:57.477 INFO [TC: 08:45:54 Initializing Jersey for plugin 'rest-api' via background initial initialization; REST API initializer for plugin 'rest-api' 1] com.sun.jersey.api.wadl.config.WadlGeneratorLoader.loadWadlGenerator Loading wadlGenerator com.sun.jersey.server.wadl.generators.WadlGeneratorApplicationDoc
08-Mar-2019 08:45:57.481 INFO [TC: 08:45:54 Initializing Jersey for plugin 'rest-api' via background initial initialization; REST API initializer for plugin 'rest-api' 1] com.sun.jersey.api.wadl.config.WadlGeneratorLoader.loadWadlGenerator Loading wadlGenerator jetbrains.buildServer.server.rest.jersey.WadlGenerator$PatchedWadlGenerator
08-Mar-2019 08:45:57.483 INFO [TC: 08:45:54 Initializing Jersey for plugin 'rest-api' via background initial initialization; REST API initializer for plugin 'rest-api' 1] com.sun.jersey.api.wadl.config.WadlGeneratorLoader.loadWadlGenerator Loading wadlGenerator com.sun.jersey.server.wadl.generators.resourcedoc.WadlGeneratorResourceDocSupport
08-Mar-2019 09:10:11.782 INFO [localhost-startStop-1] org.apache.catalina.core.ApplicationContext.log No Spring WebApplicationInitializer types detected on classpath
08-Mar-2019 09:10:12.060 INFO [localhost-startStop-1] org.apache.jasper.servlet.TldScanner.scanJars At least one JAR was scanned for TLDs yet contained no TLDs. Enable debug logging for this logger for a complete list of JARs that were scanned but no TLDs were found in them. Skipping unneeded JARs during scanning can improve startup time and JSP compilation time.
08-Mar-2019 09:10:14.341 INFO [TC: 09:10:14 Stage: Initializing TeamCity server components; TeamCity Server (version 2018.2.3 build 61544 started 2019-03-08 09:10:12.530), node id: MAIN_SERVER] org.apache.catalina.core.ApplicationContext.log Initializing Spring FrameworkServlet 'buildServer'
08-Mar-2019 09:10:48.471 INFO [TC: 09:10:47 Initializing Jersey for plugin 'rest-api-2017.1'; REST API initializer 1] com.sun.jersey.server.impl.application.WebApplicationImpl._initiate Initiating Jersey application, version 'Jersey: 1.19 02/11/2015 03:25 AM'
08-Mar-2019 09:10:48.607 INFO [TC: 09:10:47 Initializing Jersey for plugin 'rest-api' via background initial initialization; REST API initializer for plugin 'rest-api' 1] com.sun.jersey.server.impl.application.WebApplicationImpl._initiate Initiating Jersey application, version 'Jersey: 1.19 02/11/2015 03:25 AM'
08-Mar-2019 09:10:48.698 INFO [TC: 09:10:47 Initializing Jersey for plugin 'rest-api-2017.2'; REST API initializer 1] com.sun.jersey.server.impl.application.WebApplicationImpl._initiate Initiating Jersey application, version 'Jersey: 1.19 02/11/2015 03:25 AM'
08-Mar-2019 09:10:48.988 INFO [TC: 09:10:47 Initializing Jersey for plugin 'rest-api-2017.1'; REST API initializer 1] com.sun.jersey.server.impl.application.DeferredResourceConfig$ApplicationHolder.<init> Instantiated the Application class jetbrains.buildServer.server.rest.jersey.ExtensionsAwareResourceConfig
08-Mar-2019 09:10:49.039 INFO [TC: 09:10:47 Initializing Jersey for plugin 'rest-api' via background initial initialization; REST API initializer for plugin 'rest-api' 1] com.sun.jersey.server.impl.application.DeferredResourceConfig$ApplicationHolder.<init> Instantiated the Application class jetbrains.buildServer.server.rest.jersey.ExtensionsAwareResourceConfig
08-Mar-2019 09:10:49.069 INFO [TC: 09:10:47 Initializing Jersey for plugin 'rest-api-2017.2'; REST API initializer 1] com.sun.jersey.server.impl.application.DeferredResourceConfig$ApplicationHolder.<init> Instantiated the Application class jetbrains.buildServer.server.rest.jersey.ExtensionsAwareResourceConfig
08-Mar-2019 09:10:50.030 INFO [TC: 09:10:47 Initializing Jersey for plugin 'rest-api-2017.1'; REST API initializer 1] com.sun.jersey.api.wadl.config.WadlGeneratorLoader.loadWadlGenerator Loading wadlGenerator com.sun.jersey.server.wadl.generators.WadlGeneratorApplicationDoc
08-Mar-2019 09:10:50.035 INFO [TC: 09:10:47 Initializing Jersey for plugin 'rest-api-2017.2'; REST API initializer 1] com.sun.jersey.api.wadl.config.WadlGeneratorLoader.loadWadlGenerator Loading wadlGenerator com.sun.jersey.server.wadl.generators.WadlGeneratorApplicationDoc
08-Mar-2019 09:10:50.038 INFO [TC: 09:10:47 Initializing Jersey for plugin 'rest-api-2017.1'; REST API initializer 1] com.sun.jersey.api.wadl.config.WadlGeneratorLoader.loadWadlGenerator Loading wadlGenerator jetbrains.buildServer.server.rest.jersey.WadlGenerator$PatchedWadlGenerator
08-Mar-2019 09:10:50.039 INFO [TC: 09:10:47 Initializing Jersey for plugin 'rest-api-2017.1'; REST API initializer 1] com.sun.jersey.api.wadl.config.WadlGeneratorLoader.loadWadlGenerator Loading wadlGenerator com.sun.jersey.server.wadl.generators.resourcedoc.WadlGeneratorResourceDocSupport
08-Mar-2019 09:10:50.043 INFO [TC: 09:10:47 Initializing Jersey for plugin 'rest-api-2017.2'; REST API initializer 1] com.sun.jersey.api.wadl.config.WadlGeneratorLoader.loadWadlGenerator Loading wadlGenerator jetbrains.buildServer.server.rest.jersey.WadlGenerator$PatchedWadlGenerator
08-Mar-2019 09:10:50.044 INFO [TC: 09:10:47 Initializing Jersey for plugin 'rest-api-2017.2'; REST API initializer 1] com.sun.jersey.api.wadl.config.WadlGeneratorLoader.loadWadlGenerator Loading wadlGenerator com.sun.jersey.server.wadl.generators.resourcedoc.WadlGeneratorResourceDocSupport
08-Mar-2019 09:10:50.125 INFO [TC: 09:10:47 Initializing Jersey for plugin 'rest-api' via background initial initialization; REST API initializer for plugin 'rest-api' 1] com.sun.jersey.api.wadl.config.WadlGeneratorLoader.loadWadlGenerator Loading wadlGenerator com.sun.jersey.server.wadl.generators.WadlGeneratorApplicationDoc
08-Mar-2019 09:10:50.128 INFO [TC: 09:10:47 Initializing Jersey for plugin 'rest-api' via background initial initialization; REST API initializer for plugin 'rest-api' 1] com.sun.jersey.api.wadl.config.WadlGeneratorLoader.loadWadlGenerator Loading wadlGenerator jetbrains.buildServer.server.rest.jersey.WadlGenerator$PatchedWadlGenerator
08-Mar-2019 09:10:50.134 INFO [TC: 09:10:47 Initializing Jersey for plugin 'rest-api' via background initial initialization; REST API initializer for plugin 'rest-api' 1] com.sun.jersey.api.wadl.config.WadlGeneratorLoader.loadWadlGenerator Loading wadlGenerator com.sun.jersey.server.wadl.generators.resourcedoc.WadlGeneratorResourceDocSupport
